[2020-03-15 18:02:20,233] - logger.py] - INFO: 个人页面输入手机号 is not display
[2020-03-15 18:04:51,879] - logger.py] - INFO: 个人页面个人模块 is not display
[2020-03-15 18:05:03,307] - logger.py] - INFO: 个人页面输入手机号 is not display
[2020-03-15 18:15:02,706] - logger.py] - INFO: 浏览器最大化
[2020-03-15 18:15:15,226] - logger.py] - INFO: 个人页面个人模块 is not display
[2020-03-15 18:15:26,516] - logger.py] - INFO: 个人页面输入手机号 is not display
[2020-03-15 18:25:12,837] - logger.py] - INFO: 浏览器最大化
[2020-03-15 18:25:14,933] - logger.py] - INFO: 个人页面个人模块 is display
[2020-03-15 18:25:29,576] - logger.py] - INFO: 个人页面输入手机号 is not display
[2020-03-15 18:33:29,400] - logger.py] - INFO: 浏览器最大化
[2020-03-15 18:33:31,491] - logger.py] - INFO: 个人页面个人模块 is display
[2020-03-15 18:33:45,773] - logger.py] - INFO: 个人页面登录按钮 is not display
[2020-03-15 18:37:06,736] - logger.py] - INFO: 个人页面个人模块 is display
[2020-03-15 18:37:10,982] - logger.py] - INFO: 个人页面登录按钮 is display
[2020-03-15 18:38:31,210] - logger.py] - INFO: 个人页面个人模块 is display
[2020-03-15 18:38:34,435] - logger.py] - INFO: 个人页面登录按钮 is display
[2020-03-15 18:38:35,710] - logger.py] - INFO: 个人页面输入手机号 is display
[2020-03-15 18:38:35,933] - logger.py] - INFO: 个人页面发送验证码 is display
[2020-03-15 18:38:38,083] - logger.py] - INFO: 个人页面数字1 is display
[2020-03-15 18:38:38,269] - logger.py] - INFO: 个人页面数字2 is display
[2020-03-15 18:38:38,363] - logger.py] - INFO: 个人页面数字3 is display
[2020-03-15 18:38:38,483] - logger.py] - INFO: 个人页面数字4 is display
[2020-03-15 18:38:38,615] - logger.py] - INFO: 个人页面数字5 is display
[2020-03-15 18:38:38,750] - logger.py] - INFO: 个人页面数字6 is display
[2020-03-15 18:38:39,886] - logger.py] - INFO: 个人页面引导图图层 is display
[2020-03-15 18:42:17,323] - logger.py] - INFO: 个人页面个人模块 is display
[2020-03-15 18:42:20,844] - logger.py] - INFO: 个人页面登录按钮 is display
[2020-03-15 18:42:22,103] - logger.py] - INFO: 个人页面输入手机号 is display
[2020-03-15 18:42:22,249] - logger.py] - INFO: 个人页面发送验证码 is display
[2020-03-15 18:42:24,372] - logger.py] - INFO: 个人页面数字1 is display
[2020-03-15 18:42:24,570] - logger.py] - INFO: 个人页面数字2 is display
[2020-03-15 18:42:24,670] - logger.py] - INFO: 个人页面数字3 is display
[2020-03-15 18:42:24,778] - logger.py] - INFO: 个人页面数字4 is display
[2020-03-15 18:42:24,901] - logger.py] - INFO: 个人页面数字5 is display
[2020-03-15 18:42:25,018] - logger.py] - INFO: 个人页面数字6 is display
[2020-03-15 18:42:26,157] - logger.py] - INFO: 个人页面引导图图层 is display
[2020-03-15 18:45:07,963] - logger.py] - INFO: 个人页面个人模块 is display
[2020-03-15 18:45:11,182] - logger.py] - INFO: 个人页面登录按钮 is display
[2020-03-15 18:45:12,435] - logger.py] - INFO: 个人页面输入手机号 is display
[2020-03-15 18:45:12,635] - logger.py] - INFO: 个人页面发送验证码 is display
[2020-03-15 18:45:14,752] - logger.py] - INFO: 个人页面数字1 is display
[2020-03-15 18:45:14,970] - logger.py] - INFO: 个人页面数字2 is display
[2020-03-15 18:45:15,098] - logger.py] - INFO: 个人页面数字3 is display
[2020-03-15 18:45:15,201] - logger.py] - INFO: 个人页面数字4 is display
[2020-03-15 18:45:15,304] - logger.py] - INFO: 个人页面数字5 is display
[2020-03-15 18:45:15,442] - logger.py] - INFO: 个人页面数字6 is display
[2020-03-15 18:45:16,567] - logger.py] - INFO: 个人页面引导图图层 is display
[2020-03-15 18:48:47,243] - logger.py] - INFO: 个人页面个人模块 is display
[2020-03-15 18:48:50,358] - logger.py] - INFO: 个人页面登录按钮 is display
[2020-03-15 18:48:51,625] - logger.py] - INFO: 个人页面输入手机号 is display
[2020-03-15 18:48:51,811] - logger.py] - INFO: 个人页面发送验证码 is display
[2020-03-15 18:48:53,937] - logger.py] - INFO: 个人页面数字1 is display
[2020-03-15 18:48:54,162] - logger.py] - INFO: 个人页面数字2 is display
[2020-03-15 18:48:54,281] - logger.py] - INFO: 个人页面数字3 is display
[2020-03-15 18:48:54,403] - logger.py] - INFO: 个人页面数字4 is display
[2020-03-15 18:48:54,536] - logger.py] - INFO: 个人页面数字5 is display
[2020-03-15 18:48:54,640] - logger.py] - INFO: 个人页面数字6 is display
[2020-03-15 18:48:55,752] - logger.py] - INFO: 个人页面引导图图层 is display
[2020-03-15 18:50:58,192] - logger.py] - INFO: 个人页面-个人模块 is display
[2020-03-15 18:51:01,376] - logger.py] - INFO: 个人页面-登录按钮 is display
[2020-03-15 18:51:02,586] - logger.py] - INFO: 个人页面-输入手机号 is display
[2020-03-15 18:51:02,756] - logger.py] - INFO: 个人页面-发送验证码 is display
[2020-03-15 18:51:04,870] - logger.py] - INFO: 个人页面-数字1 is display
[2020-03-15 18:51:05,078] - logger.py] - INFO: 个人页面-数字2 is display
[2020-03-15 18:51:05,176] - logger.py] - INFO: 个人页面-数字3 is display
[2020-03-15 18:51:05,277] - logger.py] - INFO: 个人页面-数字4 is display
[2020-03-15 18:51:05,419] - logger.py] - INFO: 个人页面-数字5 is display
[2020-03-15 18:51:05,507] - logger.py] - INFO: 个人页面-数字6 is display
[2020-03-15 18:51:06,617] - logger.py] - INFO: 个人页面-引导图图层 is display
[2020-03-15 21:01:56,115] - logger.py] - INFO: 个人页面-个人模块 is display
[2020-03-15 21:01:59,273] - logger.py] - INFO: 个人页面-登录按钮 is display
[2020-03-15 21:02:00,563] - logger.py] - INFO: 个人页面-输入手机号 is display
[2020-03-15 21:02:00,748] - logger.py] - INFO: 个人页面-发送验证码 is display
[2020-03-15 21:02:02,868] - logger.py] - INFO: 个人页面-数字1 is display
[2020-03-15 21:02:03,034] - logger.py] - INFO: 个人页面-数字2 is display
[2020-03-15 21:02:03,133] - logger.py] - INFO: 个人页面-数字3 is display
[2020-03-15 21:02:03,230] - logger.py] - INFO: 个人页面-数字4 is display
[2020-03-15 21:02:03,330] - logger.py] - INFO: 个人页面-数字5 is display
[2020-03-15 21:02:03,440] - logger.py] - INFO: 个人页面-数字6 is display
[2020-03-15 21:02:04,568] - logger.py] - INFO: 个人页面-引导图图层 is display
[2020-03-15 21:07:19,533] - logger.py] - INFO: 个人页面-个人模块 is display
[2020-03-15 21:07:22,737] - logger.py] - INFO: 个人页面-登录按钮 is display
[2020-03-15 21:07:23,996] - logger.py] - INFO: 个人页面-输入手机号 is display
[2020-03-15 21:07:24,201] - logger.py] - INFO: 个人页面-发送验证码 is display
[2020-03-15 21:07:26,317] - logger.py] - INFO: 个人页面-数字1 is display
[2020-03-15 21:07:26,515] - logger.py] - INFO: 个人页面-数字2 is display
[2020-03-15 21:07:26,636] - logger.py] - INFO: 个人页面-数字3 is display
[2020-03-15 21:07:26,758] - logger.py] - INFO: 个人页面-数字4 is display
[2020-03-15 21:07:26,872] - logger.py] - INFO: 个人页面-数字5 is display
[2020-03-15 21:07:26,994] - logger.py] - INFO: 个人页面-数字6 is display
[2020-03-15 21:07:28,136] - logger.py] - INFO: 个人页面-引导图图层 is display
[2020-03-15 21:11:23,905] - logger.py] - INFO: 个人页面-个人模块 is display
[2020-03-15 21:11:27,139] - logger.py] - INFO: 个人页面-登录按钮 is display
[2020-03-15 21:11:32,039] - logger.py] - INFO: 个人页面-输入手机号 is display
[2020-03-15 21:11:32,229] - logger.py] - INFO: 个人页面-发送验证码 is display
[2020-03-15 21:11:35,906] - logger.py] - INFO: 个人页面-数字1 is display
[2020-03-15 21:11:36,053] - logger.py] - INFO: 个人页面-数字2 is display
[2020-03-15 21:11:36,145] - logger.py] - INFO: 个人页面-数字3 is display
[2020-03-15 21:11:36,259] - logger.py] - INFO: 个人页面-数字4 is display
[2020-03-15 21:11:36,392] - logger.py] - INFO: 个人页面-数字5 is display
[2020-03-15 21:11:36,532] - logger.py] - INFO: 个人页面-数字6 is display
[2020-03-15 21:11:48,107] - logger.py] - INFO: 个人页面-引导图图层 is not display
[2020-03-15 21:11:59,625] - logger.py] - INFO: 个人页面-用户头像 is not display
[2020-03-15 21:13:28,803] - logger.py] - INFO: 个人页面-个人模块 is display
[2020-03-15 21:13:32,247] - logger.py] - INFO: 个人页面-登录按钮 is display
[2020-03-15 21:13:33,474] - logger.py] - INFO: 个人页面-输入手机号 is display
[2020-03-15 21:13:33,636] - logger.py] - INFO: 个人页面-发送验证码 is display
[2020-03-15 21:13:35,749] - logger.py] - INFO: 个人页面-数字1 is display
[2020-03-15 21:13:35,911] - logger.py] - INFO: 个人页面-数字2 is display
[2020-03-15 21:13:36,009] - logger.py] - INFO: 个人页面-数字3 is display
[2020-03-15 21:13:36,122] - logger.py] - INFO: 个人页面-数字4 is display
[2020-03-15 21:13:36,225] - logger.py] - INFO: 个人页面-数字5 is display
[2020-03-15 21:13:36,319] - logger.py] - INFO: 个人页面-数字6 is display
[2020-03-15 21:13:37,428] - logger.py] - INFO: 个人页面-引导图图层 is display
[2020-03-15 21:13:38,660] - logger.py] - INFO: 个人页面-用户头像 is display
[2020-03-15 21:18:04,199] - logger.py] - INFO: 个人页面-个人模块 is display
[2020-03-15 21:18:07,413] - logger.py] - INFO: 个人页面-登录按钮 is display
[2020-03-15 21:18:08,605] - logger.py] - INFO: 个人页面-输入手机号 is display
[2020-03-15 21:18:08,778] - logger.py] - INFO: 个人页面-发送验证码 is display
[2020-03-15 21:18:10,895] - logger.py] - INFO: 个人页面-数字1 is display
[2020-03-15 21:18:11,023] - logger.py] - INFO: 个人页面-数字2 is display
[2020-03-15 21:18:11,124] - logger.py] - INFO: 个人页面-数字3 is display
[2020-03-15 21:18:11,250] - logger.py] - INFO: 个人页面-数字4 is display
[2020-03-15 21:18:11,356] - logger.py] - INFO: 个人页面-数字5 is display
[2020-03-15 21:18:11,458] - logger.py] - INFO: 个人页面-数字6 is display
[2020-03-15 21:18:12,594] - logger.py] - INFO: 个人页面-引导图图层 is display
[2020-03-15 21:18:13,826] - logger.py] - INFO: 个人页面-用户头像 is display
[2020-03-15 21:23:20,881] - logger.py] - INFO: 个人页面-个人模块 is display
[2020-03-15 21:23:24,331] - logger.py] - INFO: 个人页面-登录按钮 is display
[2020-03-15 21:23:26,592] - logger.py] - INFO: 个人页面-输入手机号 is display
[2020-03-15 21:23:26,760] - logger.py] - INFO: 个人页面-发送验证码 is display
[2020-03-15 21:23:28,881] - logger.py] - INFO: 个人页面-数字1 is display
[2020-03-15 21:23:40,349] - logger.py] - INFO: 个人页面-引导图图层 is not display
[2020-03-15 21:23:51,777] - logger.py] - INFO: 个人页面-用户头像 is not display
[2020-03-15 21:24:15,041] - logger.py] - INFO: 个人页面-个人模块 is display
[2020-03-15 21:24:18,180] - logger.py] - INFO: 个人页面-登录按钮 is display
[2020-03-15 21:24:20,412] - logger.py] - INFO: 个人页面-输入手机号 is display
[2020-03-15 21:24:20,583] - logger.py] - INFO: 个人页面-发送验证码 is display
[2020-03-15 21:24:22,695] - logger.py] - INFO: 个人页面-数字1 is display
[2020-03-15 21:24:22,856] - logger.py] - INFO: 个人页面-数字2 is display
[2020-03-15 21:24:22,962] - logger.py] - INFO: 个人页面-数字3 is display
[2020-03-15 21:24:23,063] - logger.py] - INFO: 个人页面-数字4 is display
[2020-03-15 21:24:23,160] - logger.py] - INFO: 个人页面-数字5 is display
[2020-03-15 21:24:23,275] - logger.py] - INFO: 个人页面-数字6 is display
[2020-03-15 21:24:24,392] - logger.py] - INFO: 个人页面-引导图图层 is display
[2020-03-15 21:24:25,616] - logger.py] - INFO: 个人页面-用户头像 is display
[2020-03-15 21:29:08,590] - logger.py] - INFO: 个人页面-个人模块 is display
[2020-03-15 21:29:11,826] - logger.py] - INFO: 个人页面-登录按钮 is display
[2020-03-15 21:29:15,122] - logger.py] - INFO: 个人页面-输入手机号 is display
[2020-03-15 21:29:15,317] - logger.py] - INFO: 个人页面-发送验证码 is display
[2020-03-15 21:29:17,428] - logger.py] - INFO: 个人页面-数字1 is display
[2020-03-15 21:29:28,911] - logger.py] - INFO: 个人页面-引导图图层 is not display
[2020-03-15 21:30:57,261] - logger.py] - INFO: 个人页面-个人模块 is display
[2020-03-15 21:31:00,481] - logger.py] - INFO: 个人页面-登录按钮 is display
[2020-03-15 21:31:01,717] - logger.py] - INFO: 个人页面-输入手机号 is display
[2020-03-15 21:31:01,925] - logger.py] - INFO: 个人页面-发送验证码 is display
[2020-03-15 21:31:04,046] - logger.py] - INFO: 个人页面-数字1 is display
[2020-03-15 21:31:04,243] - logger.py] - INFO: 个人页面-数字2 is display
[2020-03-15 21:31:04,374] - logger.py] - INFO: 个人页面-数字3 is display
[2020-03-15 21:31:04,495] - logger.py] - INFO: 个人页面-数字4 is display
[2020-03-15 21:31:04,609] - logger.py] - INFO: 个人页面-数字5 is display
[2020-03-15 21:31:04,703] - logger.py] - INFO: 个人页面-数字6 is display
[2020-03-15 21:31:05,830] - logger.py] - INFO: 个人页面-引导图图层 is display
[2020-03-15 21:31:06,992] - logger.py] - INFO: 个人页面-用户头像 is display
[2020-03-15 21:32:47,508] - logger.py] - INFO: 个人页面-个人模块 is display
[2020-03-15 21:32:50,966] - logger.py] - INFO: 个人页面-登录按钮 is display
[2020-03-15 21:32:54,317] - logger.py] - INFO: 个人页面-输入手机号 is display
[2020-03-15 21:32:54,476] - logger.py] - INFO: 个人页面-发送验证码 is display
[2020-03-15 21:32:56,598] - logger.py] - INFO: 个人页面-数字1 is display
[2020-03-15 21:33:08,122] - logger.py] - INFO: 个人页面-引导图图层 is not display
[2020-03-15 21:33:43,642] - logger.py] - INFO: 个人页面-个人模块 is display
[2020-03-15 21:33:46,903] - logger.py] - INFO: 个人页面-登录按钮 is display
[2020-03-15 21:33:49,638] - logger.py] - INFO: 个人页面-输入手机号 is display
[2020-03-15 21:33:49,767] - logger.py] - INFO: 个人页面-发送验证码 is display
[2020-03-15 21:33:52,880] - logger.py] - INFO: 个人页面-数字1 is display
[2020-03-15 21:33:53,082] - logger.py] - INFO: 个人页面-数字2 is display
[2020-03-15 21:33:53,224] - logger.py] - INFO: 个人页面-数字3 is display
[2020-03-15 21:33:53,385] - logger.py] - INFO: 个人页面-数字4 is display
[2020-03-15 21:33:53,502] - logger.py] - INFO: 个人页面-数字5 is display
[2020-03-15 21:33:53,624] - logger.py] - INFO: 个人页面-数字6 is display
[2020-03-15 21:33:54,742] - logger.py] - INFO: 个人页面-引导图图层 is display
[2020-03-15 21:33:55,929] - logger.py] - INFO: 个人页面-用户头像 is display
[2020-03-15 21:37:46,074] - logger.py] - INFO: 个人页面-个人模块 is display
[2020-03-15 21:37:49,274] - logger.py] - INFO: 个人页面-登录按钮 is display
[2020-03-15 21:37:50,433] - logger.py] - INFO: 个人页面-输入手机号 is display
[2020-03-15 21:37:50,609] - logger.py] - INFO: 个人页面-发送验证码 is display
[2020-03-15 21:37:54,254] - logger.py] - INFO: 个人页面-数字1 is display
[2020-03-15 21:38:05,805] - logger.py] - INFO: 个人页面-引导图图层 is not display
[2020-03-15 21:38:57,554] - logger.py] - INFO: 个人页面-个人模块 is display
[2020-03-15 21:39:00,791] - logger.py] - INFO: 个人页面-登录按钮 is display
[2020-03-15 21:39:02,533] - logger.py] - INFO: 个人页面-输入手机号 is display
[2020-03-15 21:39:02,728] - logger.py] - INFO: 个人页面-发送验证码 is display
[2020-03-15 21:39:05,839] - logger.py] - INFO: 个人页面-数字1 is display
[2020-03-15 21:39:06,027] - logger.py] - INFO: 个人页面-数字2 is display
[2020-03-15 21:39:06,148] - logger.py] - INFO: 个人页面-数字3 is display
[2020-03-15 21:39:06,267] - logger.py] - INFO: 个人页面-数字4 is display
[2020-03-15 21:39:06,376] - logger.py] - INFO: 个人页面-数字5 is display
[2020-03-15 21:39:06,465] - logger.py] - INFO: 个人页面-数字6 is display
[2020-03-15 21:39:10,174] - logger.py] - INFO: 个人页面-引导图图层 is display
[2020-03-15 21:39:11,397] - logger.py] - INFO: 个人页面-用户头像 is display
[2020-03-15 21:44:04,492] - logger.py] - INFO: 个人页面-个人模块 is display
[2020-03-15 21:44:07,714] - logger.py] - INFO: 个人页面-登录按钮 is display
[2020-03-15 21:44:08,995] - logger.py] - INFO: 个人页面-输入手机号 is display
[2020-03-15 21:44:09,150] - logger.py] - INFO: 个人页面-发送验证码 is display
[2020-03-15 21:44:12,259] - logger.py] - INFO: 个人页面-数字1 is display
[2020-03-15 21:44:12,440] - logger.py] - INFO: 个人页面-数字2 is display
[2020-03-15 21:44:12,541] - logger.py] - INFO: 个人页面-数字3 is display
[2020-03-15 21:44:12,653] - logger.py] - INFO: 个人页面-数字4 is display
[2020-03-15 21:44:12,778] - logger.py] - INFO: 个人页面-数字5 is display
[2020-03-15 21:44:12,897] - logger.py] - INFO: 个人页面-数字6 is display
[2020-03-15 21:44:14,059] - logger.py] - INFO: 个人页面-引导图图层 is display
[2020-03-15 21:44:15,310] - logger.py] - INFO: 个人页面-用户头像 is display
[2020-03-15 21:44:16,640] - logger.py] - INFO: Click back on current page.
