[2020-03-21 00:12:09,976] - logger.py] - INFO: 个人页面-个人模块 is display
[2020-03-21 00:12:12,121] - logger.py] - INFO: 个人页面-登录按钮 is display
[2020-03-21 00:12:13,283] - logger.py] - INFO: 个人页面-输入手机号 is display
[2020-03-21 00:12:13,421] - logger.py] - INFO: 个人页面-发送验证码 is display
[2020-03-21 00:12:15,524] - logger.py] - INFO: 个人页面-数字1 is display
[2020-03-21 00:12:15,668] - logger.py] - INFO: 个人页面-数字2 is display
[2020-03-21 00:12:15,757] - logger.py] - INFO: 个人页面-数字3 is display
[2020-03-21 00:12:15,849] - logger.py] - INFO: 个人页面-数字4 is display
[2020-03-21 00:12:15,942] - logger.py] - INFO: 个人页面-数字5 is display
[2020-03-21 00:12:16,036] - logger.py] - INFO: 个人页面-数字6 is display
[2020-03-21 00:12:17,654] - logger.py] - INFO: 个人页面-引导图图层 is display
[2020-03-21 00:12:18,846] - logger.py] - INFO: 个人页面-用户头像 is display
[2020-03-21 00:12:21,048] - logger.py] - INFO: 个人页面-我的地址 is display
[2020-03-21 00:12:21,775] - logger.py] - ERROR: Message: no such element: Unable to locate element: {"method":"xpath","selector":"//div[@class='empty-addr empty-page']"}
  (Session info: chrome=80.0.3987.122)

[2020-03-21 00:12:32,131] - logger.py] - INFO: 环保回收-第一个回收品类 is not display
[2020-03-21 00:15:19,595] - logger.py] - INFO: 个人页面-个人模块 is display
[2020-03-21 00:15:21,757] - logger.py] - INFO: 个人页面-登录按钮 is display
[2020-03-21 00:15:22,941] - logger.py] - INFO: 个人页面-输入手机号 is display
[2020-03-21 00:15:23,080] - logger.py] - INFO: 个人页面-发送验证码 is display
[2020-03-21 00:15:25,175] - logger.py] - INFO: 个人页面-数字1 is display
[2020-03-21 00:15:25,320] - logger.py] - INFO: 个人页面-数字2 is display
[2020-03-21 00:15:25,413] - logger.py] - INFO: 个人页面-数字3 is display
[2020-03-21 00:15:25,506] - logger.py] - INFO: 个人页面-数字4 is display
[2020-03-21 00:15:25,601] - logger.py] - INFO: 个人页面-数字5 is display
[2020-03-21 00:15:25,695] - logger.py] - INFO: 个人页面-数字6 is display
[2020-03-21 00:15:27,305] - logger.py] - INFO: 个人页面-引导图图层 is display
[2020-03-21 00:15:29,494] - logger.py] - INFO: 个人页面-用户头像 is display
[2020-03-21 00:15:32,133] - logger.py] - INFO: 执行sql语句
[2020-03-21 00:15:42,525] - logger.py] - INFO: 个人页面-用户头像 is not display
[2020-03-21 00:15:42,597] - logger.py] - INFO: 个人页面-我的地址 is display
[2020-03-21 00:15:43,713] - logger.py] - INFO: Element is exist!
[2020-03-21 00:15:43,779] - logger.py] - INFO: 个人页面-添加地址 is display
[2020-03-21 00:15:44,937] - logger.py] - INFO: 个人页面-联系人 is display
[2020-03-21 00:15:45,053] - logger.py] - INFO: 个人页面-地址 is display
[2020-03-21 00:15:46,179] - logger.py] - INFO: 个人页面-地址选择框 is display
[2020-03-21 00:15:46,397] - logger.py] - INFO: 个人页面-广州 is display
[2020-03-21 00:15:46,490] - logger.py] - INFO: 个人页面-搜索城市 is display
[2020-03-21 00:15:47,591] - logger.py] - INFO: 个人页面-搜索城市 is display
[2020-03-21 00:15:48,722] - logger.py] - INFO: 个人页面-第一个结果 is display
[2020-03-21 00:15:49,395] - logger.py] - INFO: 个人页面-详细地址 is display
[2020-03-21 00:15:49,528] - logger.py] - INFO: 个人页面-设置默认地址 is display
[2020-03-21 00:15:50,121] - logger.py] - INFO: 个人页面-完成添加地址 is display
[2020-03-21 00:15:51,309] - logger.py] - INFO: Click back on current page.
[2020-03-21 00:15:51,383] - logger.py] - INFO: Click back on current page.
[2020-03-21 00:17:34,748] - logger.py] - INFO: 个人页面-个人模块 is display
[2020-03-21 00:17:36,890] - logger.py] - INFO: 个人页面-登录按钮 is display
[2020-03-21 00:17:38,066] - logger.py] - INFO: 个人页面-输入手机号 is display
[2020-03-21 00:17:38,214] - logger.py] - INFO: 个人页面-发送验证码 is display
[2020-03-21 00:17:40,319] - logger.py] - INFO: 个人页面-数字1 is display
[2020-03-21 00:17:40,470] - logger.py] - INFO: 个人页面-数字2 is display
[2020-03-21 00:17:40,562] - logger.py] - INFO: 个人页面-数字3 is display
[2020-03-21 00:17:40,653] - logger.py] - INFO: 个人页面-数字4 is display
[2020-03-21 00:17:40,746] - logger.py] - INFO: 个人页面-数字5 is display
[2020-03-21 00:17:40,838] - logger.py] - INFO: 个人页面-数字6 is display
[2020-03-21 00:17:42,448] - logger.py] - INFO: 个人页面-引导图图层 is display
[2020-03-21 00:17:43,627] - logger.py] - INFO: 个人页面-用户头像 is display
[2020-03-21 00:17:45,844] - logger.py] - INFO: 个人页面-我的地址 is display
[2020-03-21 00:17:47,008] - logger.py] - INFO: Element is exist!
[2020-03-21 00:17:47,075] - logger.py] - INFO: 个人页面-添加地址 is display
[2020-03-21 00:17:47,669] - logger.py] - INFO: 个人页面-联系人 is display
[2020-03-21 00:17:47,818] - logger.py] - INFO: 个人页面-地址 is display
[2020-03-21 00:17:48,952] - logger.py] - INFO: 个人页面-地址选择框 is display
[2020-03-21 00:17:49,181] - logger.py] - INFO: 个人页面-广州 is display
[2020-03-21 00:17:49,276] - logger.py] - INFO: 个人页面-搜索城市 is display
[2020-03-21 00:17:50,374] - logger.py] - INFO: 个人页面-搜索城市 is display
[2020-03-21 00:17:51,497] - logger.py] - INFO: 个人页面-第一个结果 is display
[2020-03-21 00:17:52,176] - logger.py] - INFO: 个人页面-详细地址 is display
[2020-03-21 00:17:52,299] - logger.py] - INFO: 个人页面-设置默认地址 is display
[2020-03-21 00:17:52,912] - logger.py] - INFO: 个人页面-完成添加地址 is display
[2020-03-21 00:17:54,100] - logger.py] - INFO: Click back on current page.
[2020-03-21 00:17:54,182] - logger.py] - INFO: Click back on current page.
[2020-03-21 00:17:54,196] - logger.py] - INFO: 个人页面-环保回收页 is display
[2020-03-21 00:17:56,293] - logger.py] - INFO: 环保回收-选择发起回收地址 is display
[2020-03-21 00:17:57,454] - logger.py] - INFO: 环保回收-广州 is display
[2020-03-21 00:17:58,126] - logger.py] - INFO: 环保回收-第一个回收品类 is display
[2020-03-21 00:18:08,834] - logger.py] - INFO: 环保回收-下单时输入回收重量 is not display
[2020-03-21 00:18:40,659] - logger.py] - INFO: 个人页面-个人模块 is display
[2020-03-21 00:18:42,816] - logger.py] - INFO: 个人页面-登录按钮 is display
[2020-03-21 00:18:43,510] - logger.py] - INFO: 个人页面-输入手机号 is display
[2020-03-21 00:18:43,646] - logger.py] - INFO: 个人页面-发送验证码 is display
[2020-03-21 00:18:45,744] - logger.py] - INFO: 个人页面-数字1 is display
[2020-03-21 00:18:45,838] - logger.py] - INFO: 个人页面-数字2 is display
[2020-03-21 00:18:45,931] - logger.py] - INFO: 个人页面-数字3 is display
[2020-03-21 00:18:46,022] - logger.py] - INFO: 个人页面-数字4 is display
[2020-03-21 00:18:46,113] - logger.py] - INFO: 个人页面-数字5 is display
[2020-03-21 00:18:46,204] - logger.py] - INFO: 个人页面-数字6 is display
[2020-03-21 00:18:47,809] - logger.py] - INFO: 个人页面-引导图图层 is display
[2020-03-21 00:18:48,984] - logger.py] - INFO: 个人页面-用户头像 is display
[2020-03-21 00:18:51,179] - logger.py] - INFO: 个人页面-我的地址 is display
[2020-03-21 00:18:52,346] - logger.py] - INFO: Element is exist!
[2020-03-21 00:18:52,405] - logger.py] - INFO: 个人页面-添加地址 is display
[2020-03-21 00:18:53,002] - logger.py] - INFO: 个人页面-联系人 is display
[2020-03-21 00:18:53,134] - logger.py] - INFO: 个人页面-地址 is display
[2020-03-21 00:18:54,241] - logger.py] - INFO: 个人页面-地址选择框 is display
[2020-03-21 00:18:54,524] - logger.py] - INFO: 个人页面-广州 is display
[2020-03-21 00:18:54,621] - logger.py] - INFO: 个人页面-搜索城市 is display
[2020-03-21 00:18:55,720] - logger.py] - INFO: 个人页面-搜索城市 is display
[2020-03-21 00:18:56,848] - logger.py] - INFO: 个人页面-第一个结果 is display
[2020-03-21 00:18:57,502] - logger.py] - INFO: 个人页面-详细地址 is display
[2020-03-21 00:18:57,622] - logger.py] - INFO: 个人页面-设置默认地址 is display
[2020-03-21 00:18:58,214] - logger.py] - INFO: 个人页面-完成添加地址 is display
[2020-03-21 00:18:59,386] - logger.py] - INFO: Click back on current page.
[2020-03-21 00:18:59,469] - logger.py] - INFO: Click back on current page.
[2020-03-21 00:18:59,483] - logger.py] - INFO: 个人页面-环保回收页 is display
[2020-03-21 00:19:01,580] - logger.py] - INFO: 环保回收-选择发起回收地址 is display
[2020-03-21 00:19:02,752] - logger.py] - INFO: 环保回收-广州 is display
[2020-03-21 00:19:03,942] - logger.py] - INFO: 环保回收-第一个回收品类 is display
[2020-03-21 00:19:05,460] - logger.py] - INFO: 环保回收-下单时输入回收重量 is display
[2020-03-21 00:19:05,558] - logger.py] - INFO: 环保回收-下单时输入回收重量 is display
[2020-03-21 00:19:05,649] - logger.py] - INFO: 环保回收-确定回收品类数量 is display
[2020-03-21 00:19:07,281] - logger.py] - INFO: 环保回收-选择上门取件时间 is display
[2020-03-21 00:19:08,462] - logger.py] - INFO: 环保回收-确定上门取件时间 is display
[2020-03-21 00:19:09,121] - logger.py] - INFO: 环保回收-确定预约 is display
[2020-03-21 00:29:46,856] - logger.py] - INFO: 个人页面-个人模块 is display
[2020-03-21 00:29:53,111] - logger.py] - INFO: 个人页面-登录按钮 is display
[2020-03-21 00:29:53,769] - logger.py] - INFO: 个人页面-输入手机号 is display
[2020-03-21 00:29:53,912] - logger.py] - INFO: 个人页面-发送验证码 is display
[2020-03-21 00:29:56,010] - logger.py] - INFO: 个人页面-数字1 is display
[2020-03-21 00:29:56,106] - logger.py] - INFO: 个人页面-数字2 is display
[2020-03-21 00:29:56,200] - logger.py] - INFO: 个人页面-数字3 is display
[2020-03-21 00:29:56,293] - logger.py] - INFO: 个人页面-数字4 is display
[2020-03-21 00:29:56,383] - logger.py] - INFO: 个人页面-数字5 is display
[2020-03-21 00:29:56,475] - logger.py] - INFO: 个人页面-数字6 is display
[2020-03-21 00:29:57,572] - logger.py] - INFO: 个人页面-引导图图层 is display
[2020-03-21 00:29:59,773] - logger.py] - INFO: 个人页面-用户头像 is display
[2020-03-21 00:30:02,304] - logger.py] - INFO: 执行sql语句
[2020-03-21 00:30:12,696] - logger.py] - INFO: 个人页面-用户头像 is not display
[2020-03-21 00:30:12,774] - logger.py] - INFO: 个人页面-我的地址 is display
[2020-03-21 00:30:13,895] - logger.py] - INFO: Element is exist!
[2020-03-21 00:30:13,957] - logger.py] - INFO: 个人页面-添加地址 is display
[2020-03-21 00:30:14,552] - logger.py] - INFO: 个人页面-联系人 is display
[2020-03-21 00:30:14,695] - logger.py] - INFO: 个人页面-地址 is display
[2020-03-21 00:30:15,834] - logger.py] - INFO: 个人页面-地址选择框 is display
[2020-03-21 00:30:16,083] - logger.py] - INFO: 个人页面-广州 is display
[2020-03-21 00:30:16,176] - logger.py] - INFO: 个人页面-搜索城市 is display
[2020-03-21 00:30:17,274] - logger.py] - INFO: 个人页面-搜索城市 is display
[2020-03-21 00:30:18,442] - logger.py] - INFO: 个人页面-第一个结果 is display
[2020-03-21 00:30:19,097] - logger.py] - INFO: 个人页面-详细地址 is display
[2020-03-21 00:30:19,220] - logger.py] - INFO: 个人页面-设置默认地址 is display
[2020-03-21 00:30:19,816] - logger.py] - INFO: 个人页面-完成添加地址 is display
[2020-03-21 00:30:20,994] - logger.py] - INFO: Click back on current page.
[2020-03-21 00:30:21,072] - logger.py] - INFO: Click back on current page.
[2020-03-21 00:30:21,086] - logger.py] - INFO: 个人页面-环保回收页 is display
[2020-03-21 00:30:23,184] - logger.py] - INFO: 环保回收-选择发起回收地址 is display
[2020-03-21 00:30:24,339] - logger.py] - INFO: 环保回收-广州 is display
[2020-03-21 00:30:25,554] - logger.py] - INFO: 环保回收-第一个回收品类 is display
[2020-03-21 00:30:26,866] - logger.py] - INFO: 环保回收-下单时输入回收重量 is display
[2020-03-21 00:30:26,961] - logger.py] - INFO: 环保回收-下单时输入回收重量 is display
[2020-03-21 00:30:27,057] - logger.py] - INFO: 环保回收-确定回收品类数量 is display
[2020-03-21 00:30:28,704] - logger.py] - INFO: 环保回收-选择上门取件时间 is display
[2020-03-21 00:30:29,871] - logger.py] - INFO: 环保回收-确定上门取件时间 is display
[2020-03-21 00:30:30,545] - logger.py] - INFO: 环保回收-确定预约 is display
[2020-03-21 00:33:10,369] - logger.py] - INFO: 个人页面-个人模块 is display
[2020-03-21 00:33:12,527] - logger.py] - INFO: 个人页面-登录按钮 is display
[2020-03-21 00:33:13,214] - logger.py] - INFO: 个人页面-输入手机号 is display
[2020-03-21 00:33:13,357] - logger.py] - INFO: 个人页面-发送验证码 is display
[2020-03-21 00:33:15,456] - logger.py] - INFO: 个人页面-数字1 is display
[2020-03-21 00:33:15,607] - logger.py] - INFO: 个人页面-数字2 is display
[2020-03-21 00:33:15,700] - logger.py] - INFO: 个人页面-数字3 is display
[2020-03-21 00:33:15,789] - logger.py] - INFO: 个人页面-数字4 is display
[2020-03-21 00:33:15,874] - logger.py] - INFO: 个人页面-数字5 is display
[2020-03-21 00:33:15,962] - logger.py] - INFO: 个人页面-数字6 is display
[2020-03-21 00:33:17,058] - logger.py] - INFO: 个人页面-引导图图层 is display
[2020-03-21 00:33:19,240] - logger.py] - INFO: 个人页面-用户头像 is display
[2020-03-21 00:33:21,730] - logger.py] - INFO: 执行sql语句
[2020-03-21 00:33:21,868] - logger.py] - INFO: 个人页面-我的地址 is display
[2020-03-21 00:33:23,030] - logger.py] - INFO: Element is exist!
[2020-03-21 00:33:23,095] - logger.py] - INFO: 个人页面-添加地址 is display
[2020-03-21 00:33:24,317] - logger.py] - INFO: 个人页面-联系人 is display
[2020-03-21 00:33:24,479] - logger.py] - INFO: 个人页面-地址 is display
[2020-03-21 00:33:25,587] - logger.py] - INFO: 个人页面-地址选择框 is display
[2020-03-21 00:33:25,880] - logger.py] - INFO: 个人页面-广州 is display
[2020-03-21 00:33:25,974] - logger.py] - INFO: 个人页面-搜索城市 is display
[2020-03-21 00:33:27,073] - logger.py] - INFO: 个人页面-搜索城市 is display
[2020-03-21 00:33:28,142] - logger.py] - INFO: 个人页面-第一个结果 is display
[2020-03-21 00:33:38,520] - logger.py] - INFO: 环保回收-第一个回收品类 is not display
[2020-03-21 00:33:48,857] - logger.py] - INFO: 环保回收-下单时输入回收重量 is not display
[2020-03-21 00:36:19,695] - logger.py] - INFO: 个人页面-个人模块 is display
[2020-03-21 00:36:22,893] - logger.py] - INFO: 个人页面-登录按钮 is display
[2020-03-21 00:36:24,565] - logger.py] - INFO: 个人页面-输入手机号 is display
[2020-03-21 00:36:24,698] - logger.py] - INFO: 个人页面-发送验证码 is display
[2020-03-21 00:36:26,797] - logger.py] - INFO: 个人页面-数字1 is display
[2020-03-21 00:36:26,888] - logger.py] - INFO: 个人页面-数字2 is display
[2020-03-21 00:36:26,978] - logger.py] - INFO: 个人页面-数字3 is display
[2020-03-21 00:36:27,069] - logger.py] - INFO: 个人页面-数字4 is display
[2020-03-21 00:36:27,158] - logger.py] - INFO: 个人页面-数字5 is display
[2020-03-21 00:36:27,248] - logger.py] - INFO: 个人页面-数字6 is display
[2020-03-21 00:36:28,343] - logger.py] - INFO: 个人页面-引导图图层 is display
[2020-03-21 00:36:30,522] - logger.py] - INFO: 个人页面-用户头像 is display
[2020-03-21 00:36:33,581] - logger.py] - INFO: 执行sql语句
[2020-03-21 00:36:34,500] - logger.py] - INFO: 个人页面-我的地址 is display
[2020-03-21 00:36:35,665] - logger.py] - ERROR: Message: no such element: Unable to locate element: {"method":"xpath","selector":"//div[@class='empty-addr empty-page']"}
  (Session info: chrome=80.0.3987.122)

[2020-03-21 00:37:35,401] - logger.py] - INFO: 个人页面-个人模块 is display
[2020-03-21 00:37:42,194] - logger.py] - INFO: 个人页面-登录按钮 is display
[2020-03-21 00:37:45,990] - logger.py] - INFO: 个人页面-输入手机号 is display
[2020-03-21 00:37:46,141] - logger.py] - INFO: 个人页面-发送验证码 is display
[2020-03-21 00:37:48,235] - logger.py] - INFO: 个人页面-数字1 is display
[2020-03-21 00:37:48,376] - logger.py] - INFO: 个人页面-数字2 is display
[2020-03-21 00:37:48,466] - logger.py] - INFO: 个人页面-数字3 is display
[2020-03-21 00:37:48,556] - logger.py] - INFO: 个人页面-数字4 is display
[2020-03-21 00:37:48,648] - logger.py] - INFO: 个人页面-数字5 is display
[2020-03-21 00:37:48,738] - logger.py] - INFO: 个人页面-数字6 is display
[2020-03-21 00:37:50,923] - logger.py] - INFO: 个人页面-引导图图层 is display
[2020-03-21 00:37:53,110] - logger.py] - INFO: 个人页面-用户头像 is display
[2020-03-21 00:37:55,793] - logger.py] - INFO: 执行sql语句
[2020-03-21 00:37:55,947] - logger.py] - INFO: 个人页面-我的地址 is display
[2020-03-21 00:37:58,078] - logger.py] - INFO: Element is exist!
[2020-03-21 00:37:58,126] - logger.py] - INFO: 个人页面-添加地址 is display
[2020-03-21 00:37:58,732] - logger.py] - INFO: 个人页面-联系人 is display
[2020-03-21 00:37:58,848] - logger.py] - INFO: 个人页面-地址 is display
[2020-03-21 00:37:59,958] - logger.py] - INFO: 个人页面-地址选择框 is display
[2020-03-21 00:38:00,219] - logger.py] - INFO: 个人页面-广州 is display
[2020-03-21 00:38:00,311] - logger.py] - INFO: 个人页面-搜索城市 is display
[2020-03-21 00:38:01,413] - logger.py] - INFO: 个人页面-搜索城市 is display
[2020-03-21 00:38:03,545] - logger.py] - INFO: 个人页面-第一个结果 is display
[2020-03-21 00:38:04,223] - logger.py] - INFO: 个人页面-详细地址 is display
[2020-03-21 00:38:04,309] - logger.py] - INFO: 个人页面-设置默认地址 is display
[2020-03-21 00:38:04,924] - logger.py] - INFO: 个人页面-完成添加地址 is display
[2020-03-21 00:38:06,100] - logger.py] - INFO: Click back on current page.
[2020-03-21 00:38:06,178] - logger.py] - INFO: Click back on current page.
[2020-03-21 00:39:11,962] - logger.py] - INFO: 个人页面-个人模块 is display
[2020-03-21 00:39:14,389] - logger.py] - INFO: 个人页面-登录按钮 is display
[2020-03-21 00:39:19,162] - logger.py] - INFO: 个人页面-输入手机号 is display
[2020-03-21 00:39:19,302] - logger.py] - INFO: 个人页面-发送验证码 is display
[2020-03-21 00:39:21,398] - logger.py] - INFO: 个人页面-数字1 is display
[2020-03-21 00:39:32,699] - logger.py] - INFO: 个人页面-我的地址 is not display
[2020-03-21 00:39:32,769] - logger.py] - ERROR: Message: no such element: Unable to locate element: {"method":"xpath","selector":"//div[@class='empty-addr empty-page']"}
  (Session info: chrome=80.0.3987.122)

[2020-03-21 00:39:52,614] - logger.py] - INFO: 个人页面-个人模块 is display
[2020-03-21 00:39:54,765] - logger.py] - INFO: 个人页面-登录按钮 is display
[2020-03-21 00:39:55,442] - logger.py] - INFO: 个人页面-输入手机号 is display
[2020-03-21 00:39:55,597] - logger.py] - INFO: 个人页面-发送验证码 is display
[2020-03-21 00:39:57,695] - logger.py] - INFO: 个人页面-数字1 is display
[2020-03-21 00:39:57,853] - logger.py] - INFO: 个人页面-数字2 is display
[2020-03-21 00:39:57,942] - logger.py] - INFO: 个人页面-数字3 is display
[2020-03-21 00:39:58,033] - logger.py] - INFO: 个人页面-数字4 is display
[2020-03-21 00:39:58,122] - logger.py] - INFO: 个人页面-数字5 is display
[2020-03-21 00:39:58,216] - logger.py] - INFO: 个人页面-数字6 is display
[2020-03-21 00:39:59,319] - logger.py] - INFO: 个人页面-引导图图层 is display
[2020-03-21 00:40:01,498] - logger.py] - INFO: 个人页面-用户头像 is display
[2020-03-21 00:40:03,952] - logger.py] - INFO: 执行sql语句
[2020-03-21 00:40:04,039] - logger.py] - INFO: 个人页面-我的地址 is display
[2020-03-21 00:40:06,146] - logger.py] - INFO: Element is exist!
[2020-03-21 00:40:06,213] - logger.py] - INFO: 个人页面-添加地址 is display
[2020-03-21 00:40:06,820] - logger.py] - INFO: 个人页面-联系人 is display
[2020-03-21 00:40:06,951] - logger.py] - INFO: 个人页面-地址 is display
[2020-03-21 00:40:08,069] - logger.py] - INFO: 个人页面-地址选择框 is display
[2020-03-21 00:40:08,342] - logger.py] - INFO: 个人页面-广州 is display
[2020-03-21 00:40:08,434] - logger.py] - INFO: 个人页面-搜索城市 is display
[2020-03-21 00:40:09,528] - logger.py] - INFO: 个人页面-搜索城市 is display
[2020-03-21 00:40:11,644] - logger.py] - INFO: 个人页面-第一个结果 is display
[2020-03-21 00:40:12,333] - logger.py] - INFO: 个人页面-详细地址 is display
[2020-03-21 00:40:12,439] - logger.py] - INFO: 个人页面-设置默认地址 is display
[2020-03-21 00:40:13,032] - logger.py] - INFO: 个人页面-完成添加地址 is display
[2020-03-21 00:40:14,250] - logger.py] - INFO: Click back on current page.
[2020-03-21 00:40:14,321] - logger.py] - INFO: Click back on current page.
[2020-03-21 00:40:14,335] - logger.py] - INFO: 个人页面-环保回收页 is display
[2020-03-21 00:40:16,440] - logger.py] - INFO: 环保回收-选择发起回收地址 is display
[2020-03-21 00:40:17,603] - logger.py] - INFO: 环保回收-广州 is display
[2020-03-21 00:40:19,786] - logger.py] - INFO: 环保回收-第一个回收品类 is display
[2020-03-21 00:40:30,156] - logger.py] - INFO: 环保回收-下单时输入回收重量 is not display
[2020-03-21 00:41:43,169] - logger.py] - INFO: 个人页面-个人模块 is display
[2020-03-21 00:41:45,327] - logger.py] - INFO: 个人页面-登录按钮 is display
[2020-03-21 00:41:46,001] - logger.py] - INFO: 个人页面-输入手机号 is display
[2020-03-21 00:41:46,079] - logger.py] - INFO: 个人页面-发送验证码 is display
[2020-03-21 00:41:48,177] - logger.py] - INFO: 个人页面-数字1 is display
[2020-03-21 00:41:48,336] - logger.py] - INFO: 个人页面-数字2 is display
[2020-03-21 00:41:48,427] - logger.py] - INFO: 个人页面-数字3 is display
[2020-03-21 00:41:48,516] - logger.py] - INFO: 个人页面-数字4 is display
[2020-03-21 00:41:48,606] - logger.py] - INFO: 个人页面-数字5 is display
[2020-03-21 00:41:48,699] - logger.py] - INFO: 个人页面-数字6 is display
[2020-03-21 00:41:49,799] - logger.py] - INFO: 个人页面-引导图图层 is display
[2020-03-21 00:41:51,978] - logger.py] - INFO: 个人页面-用户头像 is display
[2020-03-21 00:41:56,086] - logger.py] - INFO: 执行sql语句
[2020-03-21 00:41:56,226] - logger.py] - INFO: 个人页面-我的地址 is display
[2020-03-21 00:41:58,357] - logger.py] - INFO: Element is exist!
[2020-03-21 00:41:58,430] - logger.py] - INFO: 个人页面-添加地址 is display
[2020-03-21 00:41:59,552] - logger.py] - INFO: 个人页面-联系人 is display
[2020-03-21 00:41:59,690] - logger.py] - INFO: 个人页面-地址 is display
[2020-03-21 00:42:00,794] - logger.py] - INFO: 个人页面-地址选择框 is display
[2020-03-21 00:42:01,037] - logger.py] - INFO: 个人页面-广州 is display
[2020-03-21 00:42:01,133] - logger.py] - INFO: 个人页面-搜索城市 is display
[2020-03-21 00:42:02,231] - logger.py] - INFO: 个人页面-搜索城市 is display
[2020-03-21 00:42:04,365] - logger.py] - INFO: 个人页面-第一个结果 is display
[2020-03-21 00:42:05,044] - logger.py] - INFO: 个人页面-详细地址 is display
[2020-03-21 00:42:05,193] - logger.py] - INFO: 个人页面-设置默认地址 is display
[2020-03-21 00:42:05,802] - logger.py] - INFO: 个人页面-完成添加地址 is display
[2020-03-21 00:42:07,114] - logger.py] - INFO: Click back on current page.
[2020-03-21 00:42:07,207] - logger.py] - INFO: Click back on current page.
[2020-03-21 00:42:07,223] - logger.py] - INFO: 个人页面-环保回收页 is display
[2020-03-21 00:42:09,348] - logger.py] - INFO: 环保回收-选择发起回收地址 is display
[2020-03-21 00:42:11,498] - logger.py] - INFO: 环保回收-广州 is display
[2020-03-21 00:42:15,262] - logger.py] - INFO: 环保回收-第一个回收品类 is display
[2020-03-21 00:42:17,311] - logger.py] - INFO: 环保回收-下单时输入回收重量 is display
[2020-03-21 00:42:17,409] - logger.py] - INFO: 环保回收-下单时输入回收重量 is display
[2020-03-21 00:42:17,501] - logger.py] - INFO: 环保回收-确定回收品类数量 is display
[2020-03-21 00:42:20,158] - logger.py] - INFO: 环保回收-选择上门取件时间 is display
[2020-03-21 00:42:21,339] - logger.py] - INFO: 环保回收-确定上门取件时间 is display
[2020-03-21 00:42:22,042] - logger.py] - INFO: 环保回收-确定预约 is display
[2020-03-21 00:42:23,734] - logger.py] - INFO: 环保回收-分享成就 is display
[2020-03-21 00:42:24,526] - logger.py] - INFO: 支持项目is exist!
[2020-03-21 00:42:24,567] - logger.py] - INFO: 环保回收-支持项目 is display
[2020-03-21 00:42:35,963] - logger.py] - INFO: 环保回收-确认捐赠 is not display
[2020-03-21 00:50:30,510] - logger.py] - INFO: 个人页面-个人模块 is display
[2020-03-21 00:50:32,698] - logger.py] - INFO: 个人页面-登录按钮 is display
[2020-03-21 00:50:33,387] - logger.py] - INFO: 个人页面-输入手机号 is display
[2020-03-21 00:50:33,480] - logger.py] - INFO: 个人页面-发送验证码 is display
[2020-03-21 00:50:35,583] - logger.py] - INFO: 个人页面-数字1 is display
[2020-03-21 00:50:35,752] - logger.py] - INFO: 个人页面-数字2 is display
[2020-03-21 00:50:35,846] - logger.py] - INFO: 个人页面-数字3 is display
[2020-03-21 00:50:35,942] - logger.py] - INFO: 个人页面-数字4 is display
[2020-03-21 00:50:36,032] - logger.py] - INFO: 个人页面-数字5 is display
[2020-03-21 00:50:36,126] - logger.py] - INFO: 个人页面-数字6 is display
[2020-03-21 00:50:37,220] - logger.py] - INFO: 个人页面-引导图图层 is display
[2020-03-21 00:50:39,422] - logger.py] - INFO: 个人页面-用户头像 is display
[2020-03-21 00:50:41,876] - logger.py] - INFO: 执行sql语句
[2020-03-21 00:50:41,969] - logger.py] - INFO: 个人页面-我的地址 is display
[2020-03-21 00:50:44,099] - logger.py] - INFO: Element is exist!
[2020-03-21 00:50:44,164] - logger.py] - INFO: 个人页面-添加地址 is display
[2020-03-21 00:50:44,768] - logger.py] - INFO: 个人页面-联系人 is display
[2020-03-21 00:50:44,895] - logger.py] - INFO: 个人页面-地址 is display
[2020-03-21 00:50:46,009] - logger.py] - INFO: 个人页面-地址选择框 is display
[2020-03-21 00:50:46,197] - logger.py] - INFO: 个人页面-广州 is display
[2020-03-21 00:50:46,289] - logger.py] - INFO: 个人页面-搜索城市 is display
[2020-03-21 00:50:47,385] - logger.py] - INFO: 个人页面-搜索城市 is display
[2020-03-21 00:50:49,508] - logger.py] - INFO: 个人页面-第一个结果 is display
[2020-03-21 00:50:50,162] - logger.py] - INFO: 个人页面-详细地址 is display
[2020-03-21 00:50:50,302] - logger.py] - INFO: 个人页面-设置默认地址 is display
[2020-03-21 00:50:50,909] - logger.py] - INFO: 个人页面-完成添加地址 is display
[2020-03-21 00:50:52,097] - logger.py] - INFO: Click back on current page.
[2020-03-21 00:50:52,182] - logger.py] - INFO: Click back on current page.
[2020-03-21 00:50:52,196] - logger.py] - INFO: 个人页面-环保回收页 is display
[2020-03-21 00:50:54,310] - logger.py] - INFO: 环保回收-选择发起回收地址 is display
[2020-03-21 00:50:56,417] - logger.py] - INFO: 环保回收-广州 is display
[2020-03-21 00:50:57,236] - logger.py] - INFO: 环保回收-第一个回收品类 is display
[2020-03-21 00:50:58,010] - logger.py] - INFO: 环保回收-下单时输入回收重量 is display
[2020-03-21 00:50:58,102] - logger.py] - INFO: 环保回收-下单时输入回收重量 is display
[2020-03-21 00:50:58,195] - logger.py] - INFO: 环保回收-确定回收品类数量 is display
[2020-03-21 00:50:58,851] - logger.py] - INFO: 环保回收-选择上门取件时间 is display
[2020-03-21 00:50:59,970] - logger.py] - INFO: 环保回收-确定上门取件时间 is display
[2020-03-21 00:51:00,633] - logger.py] - INFO: 环保回收-确定预约 is display
[2020-03-21 00:51:01,836] - logger.py] - INFO: 环保回收-分享成就 is display
[2020-03-21 00:51:05,348] - logger.py] - INFO: Click back on current page.
[2020-03-21 18:14:02,797] - logger.py] - INFO: 个人页面-个人模块 is display
[2020-03-21 18:14:04,957] - logger.py] - INFO: 个人页面-登录按钮 is display
[2020-03-21 18:14:06,630] - logger.py] - INFO: 个人页面-输入手机号 is display
[2020-03-21 18:14:06,772] - logger.py] - INFO: 个人页面-发送验证码 is display
[2020-03-21 18:14:08,953] - logger.py] - INFO: 个人页面-数字1 is display
[2020-03-21 18:14:09,174] - logger.py] - INFO: 个人页面-数字2 is display
[2020-03-21 18:14:09,421] - logger.py] - INFO: 个人页面-数字3 is display
[2020-03-21 18:14:09,510] - logger.py] - INFO: 个人页面-数字4 is display
[2020-03-21 18:14:09,600] - logger.py] - INFO: 个人页面-数字5 is display
[2020-03-21 18:14:09,705] - logger.py] - INFO: 个人页面-数字6 is display
[2020-03-21 18:14:10,813] - logger.py] - INFO: 个人页面-引导图图层 is display
[2020-03-21 18:14:13,058] - logger.py] - INFO: 个人页面-用户头像 is display
[2020-03-21 18:14:25,342] - logger.py] - ERROR: 数据库连接错误：出错是:(2003, "Can't connect to MySQL server on 'data-tt.oola.cn' (timed out)")
[2020-03-21 18:14:25,774] - logger.py] - INFO: 个人页面-我的地址 is display
[2020-03-21 18:14:27,939] - logger.py] - INFO: Element is exist!
[2020-03-21 18:14:28,023] - logger.py] - INFO: 个人页面-添加地址 is display
[2020-03-21 18:14:28,653] - logger.py] - INFO: 个人页面-联系人 is display
[2020-03-21 18:14:28,906] - logger.py] - INFO: 个人页面-地址 is display
[2020-03-21 18:14:30,051] - logger.py] - INFO: 个人页面-地址选择框 is display
[2020-03-21 18:14:30,351] - logger.py] - INFO: 个人页面-广州 is display
[2020-03-21 18:14:30,472] - logger.py] - INFO: 个人页面-搜索城市 is display
[2020-03-21 18:14:31,599] - logger.py] - INFO: 个人页面-搜索城市 is display
[2020-03-21 18:14:33,785] - logger.py] - INFO: 个人页面-第一个结果 is display
[2020-03-21 18:14:34,503] - logger.py] - INFO: 个人页面-详细地址 is display
[2020-03-21 18:14:34,659] - logger.py] - INFO: 个人页面-设置默认地址 is display
[2020-03-21 18:14:35,275] - logger.py] - INFO: 个人页面-完成添加地址 is display
[2020-03-21 18:14:36,533] - logger.py] - INFO: Click back on current page.
[2020-03-21 18:14:36,643] - logger.py] - INFO: Click back on current page.
[2020-03-21 18:14:36,658] - logger.py] - INFO: 个人页面-环保回收页 is display
[2020-03-21 18:14:38,772] - logger.py] - INFO: 环保回收-选择发起回收地址 is display
[2020-03-21 18:14:40,986] - logger.py] - INFO: 环保回收-广州 is display
[2020-03-21 18:14:41,909] - logger.py] - INFO: 环保回收-第一个回收品类 is display
[2020-03-21 18:14:42,683] - logger.py] - INFO: 环保回收-下单时输入回收重量 is display
[2020-03-21 18:14:42,769] - logger.py] - INFO: 环保回收-下单时输入回收重量 is display
[2020-03-21 18:14:42,866] - logger.py] - INFO: 环保回收-确定回收品类数量 is display
[2020-03-21 18:14:44,024] - logger.py] - INFO: 环保回收-选择上门取件时间 is display
[2020-03-21 18:14:45,244] - logger.py] - INFO: 环保回收-确定上门取件时间 is display
[2020-03-21 18:14:45,973] - logger.py] - INFO: 环保回收-确定预约 is display
[2020-03-21 18:14:47,224] - logger.py] - INFO: 环保回收-分享成就 is display
[2020-03-21 18:14:50,769] - logger.py] - INFO: Click back on current page.
[2020-03-21 18:22:45,710] - logger.py] - INFO: 个人页面-个人模块 is display
[2020-03-21 18:22:47,868] - logger.py] - INFO: 个人页面-登录按钮 is display
[2020-03-21 18:22:48,552] - logger.py] - INFO: 个人页面-输入手机号 is display
[2020-03-21 18:22:48,719] - logger.py] - INFO: 个人页面-发送验证码 is display
[2020-03-21 18:22:50,840] - logger.py] - INFO: 个人页面-数字1 is display
[2020-03-21 18:22:51,048] - logger.py] - INFO: 个人页面-数字2 is display
[2020-03-21 18:22:51,155] - logger.py] - INFO: 个人页面-数字3 is display
[2020-03-21 18:22:51,274] - logger.py] - INFO: 个人页面-数字4 is display
[2020-03-21 18:22:51,379] - logger.py] - INFO: 个人页面-数字5 is display
[2020-03-21 18:22:51,501] - logger.py] - INFO: 个人页面-数字6 is display
[2020-03-21 18:22:52,627] - logger.py] - INFO: 个人页面-引导图图层 is display
[2020-03-21 18:22:54,854] - logger.py] - INFO: 个人页面-用户头像 is display
[2020-03-21 18:23:07,073] - logger.py] - ERROR: 数据库连接错误：出错是:(2003, "Can't connect to MySQL server on 'data-tt.oola.cn' (timed out)")
[2020-03-21 18:23:07,157] - logger.py] - INFO: 个人页面-我的地址 is display
[2020-03-21 18:23:09,331] - logger.py] - INFO: Element is exist!
[2020-03-21 18:23:09,423] - logger.py] - INFO: 个人页面-添加地址 is display
[2020-03-21 18:23:10,083] - logger.py] - INFO: 个人页面-联系人 is display
[2020-03-21 18:23:10,275] - logger.py] - INFO: 个人页面-地址 is display
[2020-03-21 18:23:11,436] - logger.py] - INFO: 个人页面-地址选择框 is display
[2020-03-21 18:23:11,750] - logger.py] - INFO: 个人页面-广州 is display
[2020-03-21 18:23:12,080] - logger.py] - INFO: 个人页面-搜索城市 is display
[2020-03-21 18:23:13,197] - logger.py] - INFO: 个人页面-搜索城市 is display
[2020-03-21 18:23:15,364] - logger.py] - INFO: 个人页面-第一个结果 is display
[2020-03-21 18:23:16,055] - logger.py] - INFO: 个人页面-详细地址 is display
[2020-03-21 18:23:16,233] - logger.py] - INFO: 个人页面-设置默认地址 is display
[2020-03-21 18:23:16,862] - logger.py] - INFO: 个人页面-完成添加地址 is display
[2020-03-21 18:23:18,117] - logger.py] - INFO: Click back on current page.
[2020-03-21 18:23:18,237] - logger.py] - INFO: Click back on current page.
[2020-03-21 18:23:18,256] - logger.py] - INFO: 个人页面-环保回收页 is display
[2020-03-21 18:23:20,389] - logger.py] - INFO: 环保回收-选择发起回收地址 is display
[2020-03-21 18:23:22,609] - logger.py] - INFO: 环保回收-广州 is display
[2020-03-21 18:23:23,564] - logger.py] - INFO: 环保回收-第一个回收品类 is display
[2020-03-21 18:23:24,397] - logger.py] - INFO: 环保回收-下单时输入回收重量 is display
[2020-03-21 18:23:24,504] - logger.py] - INFO: 环保回收-下单时输入回收重量 is display
[2020-03-21 18:23:24,591] - logger.py] - INFO: 环保回收-确定回收品类数量 is display
[2020-03-21 18:23:25,751] - logger.py] - INFO: 环保回收-选择上门取件时间 is display
[2020-03-21 18:23:26,982] - logger.py] - INFO: 环保回收-确定上门取件时间 is display
[2020-03-21 18:23:27,735] - logger.py] - INFO: 环保回收-确定预约 is display
[2020-03-21 18:23:28,498] - logger.py] - INFO: 环保回收-分享成就 is display
[2020-03-21 18:23:32,087] - logger.py] - INFO: Click back on current page.
[2020-03-21 18:31:46,277] - logger.py] - INFO: 个人页面-个人模块 is display
[2020-03-21 18:31:48,508] - logger.py] - INFO: 个人页面-登录按钮 is display
[2020-03-21 18:31:49,254] - logger.py] - INFO: 个人页面-输入手机号 is display
[2020-03-21 18:31:49,394] - logger.py] - INFO: 个人页面-发送验证码 is display
[2020-03-21 18:31:51,521] - logger.py] - INFO: 个人页面-数字1 is display
[2020-03-21 18:31:51,737] - logger.py] - INFO: 个人页面-数字2 is display
[2020-03-21 18:31:51,896] - logger.py] - INFO: 个人页面-数字3 is display
[2020-03-21 18:31:52,008] - logger.py] - INFO: 个人页面-数字4 is display
[2020-03-21 18:31:52,136] - logger.py] - INFO: 个人页面-数字5 is display
[2020-03-21 18:31:52,262] - logger.py] - INFO: 个人页面-数字6 is display
[2020-03-21 18:31:53,382] - logger.py] - INFO: 个人页面-引导图图层 is display
[2020-03-21 18:31:55,597] - logger.py] - INFO: 个人页面-用户头像 is display
[2020-03-21 18:32:07,883] - logger.py] - ERROR: 数据库连接错误：出错是:(2003, "Can't connect to MySQL server on 'data-tt.oola.cn' (timed out)")
[2020-03-21 18:32:07,971] - logger.py] - INFO: 个人页面-我的地址 is display
[2020-03-21 18:32:10,114] - logger.py] - INFO: Element is exist!
[2020-03-21 18:32:10,206] - logger.py] - INFO: 个人页面-添加地址 is display
[2020-03-21 18:32:10,861] - logger.py] - INFO: 个人页面-联系人 is display
[2020-03-21 18:32:10,980] - logger.py] - INFO: 个人页面-地址 is display
[2020-03-21 18:32:12,099] - logger.py] - INFO: 个人页面-地址选择框 is display
[2020-03-21 18:32:12,432] - logger.py] - INFO: 个人页面-广州 is display
[2020-03-21 18:32:12,738] - logger.py] - INFO: 个人页面-搜索城市 is display
[2020-03-21 18:32:13,883] - logger.py] - INFO: 个人页面-搜索城市 is display
[2020-03-21 18:32:16,051] - logger.py] - INFO: 个人页面-第一个结果 is display
[2020-03-21 18:32:16,788] - logger.py] - INFO: 个人页面-详细地址 is display
[2020-03-21 18:32:16,972] - logger.py] - INFO: 个人页面-设置默认地址 is display
[2020-03-21 18:32:17,616] - logger.py] - INFO: 个人页面-完成添加地址 is display
[2020-03-21 18:32:18,866] - logger.py] - INFO: Click back on current page.
[2020-03-21 18:32:18,985] - logger.py] - INFO: Click back on current page.
[2020-03-21 18:32:19,005] - logger.py] - INFO: 个人页面-环保回收页 is display
[2020-03-21 18:32:21,105] - logger.py] - INFO: 环保回收-选择发起回收地址 is display
[2020-03-21 18:32:23,278] - logger.py] - INFO: 环保回收-广州 is display
[2020-03-21 18:32:24,094] - logger.py] - INFO: 环保回收-第一个回收品类 is display
[2020-03-21 18:32:24,893] - logger.py] - INFO: 环保回收-下单时输入回收重量 is display
[2020-03-21 18:32:24,986] - logger.py] - INFO: 环保回收-下单时输入回收重量 is display
[2020-03-21 18:32:25,080] - logger.py] - INFO: 环保回收-确定回收品类数量 is display
[2020-03-21 18:32:26,264] - logger.py] - INFO: 环保回收-选择上门取件时间 is display
[2020-03-21 18:32:27,517] - logger.py] - INFO: 环保回收-确定上门取件时间 is display
[2020-03-21 18:32:28,258] - logger.py] - INFO: 环保回收-确定预约 is display
[2020-03-21 18:32:29,509] - logger.py] - INFO: 环保回收-分享成就 is display
[2020-03-21 18:32:33,020] - logger.py] - INFO: Click back on current page.
[2020-03-21 18:32:34,088] - logger.py] - INFO: 支持项目is exist!
[2020-03-21 18:38:18,146] - logger.py] - INFO: 个人页面-个人模块 is display
[2020-03-21 18:38:20,356] - logger.py] - INFO: 个人页面-登录按钮 is display
[2020-03-21 18:38:21,099] - logger.py] - INFO: 个人页面-输入手机号 is display
[2020-03-21 18:38:21,307] - logger.py] - INFO: 个人页面-发送验证码 is display
[2020-03-21 18:38:23,418] - logger.py] - INFO: 个人页面-数字1 is display
[2020-03-21 18:38:23,608] - logger.py] - INFO: 个人页面-数字2 is display
[2020-03-21 18:38:23,743] - logger.py] - INFO: 个人页面-数字3 is display
[2020-03-21 18:38:23,869] - logger.py] - INFO: 个人页面-数字4 is display
[2020-03-21 18:38:23,997] - logger.py] - INFO: 个人页面-数字5 is display
[2020-03-21 18:38:24,110] - logger.py] - INFO: 个人页面-数字6 is display
[2020-03-21 18:38:25,241] - logger.py] - INFO: 个人页面-引导图图层 is display
[2020-03-21 18:38:27,459] - logger.py] - INFO: 个人页面-用户头像 is display
[2020-03-21 18:38:39,673] - logger.py] - ERROR: 数据库连接错误：出错是:(2003, "Can't connect to MySQL server on 'data-tt.oola.cn' (timed out)")
[2020-03-21 18:38:39,991] - logger.py] - INFO: 个人页面-我的地址 is display
[2020-03-21 18:38:42,152] - logger.py] - INFO: Element is exist!
[2020-03-21 18:38:42,233] - logger.py] - INFO: 个人页面-添加地址 is display
[2020-03-21 18:38:42,870] - logger.py] - INFO: 个人页面-联系人 is display
[2020-03-21 18:38:43,046] - logger.py] - INFO: 个人页面-地址 is display
[2020-03-21 18:38:44,164] - logger.py] - INFO: 个人页面-地址选择框 is display
[2020-03-21 18:38:44,486] - logger.py] - INFO: 个人页面-广州 is display
[2020-03-21 18:38:44,787] - logger.py] - INFO: 个人页面-搜索城市 is display
[2020-03-21 18:38:45,903] - logger.py] - INFO: 个人页面-搜索城市 is display
[2020-03-21 18:38:48,074] - logger.py] - INFO: 个人页面-第一个结果 is display
[2020-03-21 18:38:48,801] - logger.py] - INFO: 个人页面-详细地址 is display
[2020-03-21 18:38:48,982] - logger.py] - INFO: 个人页面-设置默认地址 is display
[2020-03-21 18:38:49,620] - logger.py] - INFO: 个人页面-完成添加地址 is display
[2020-03-21 18:38:50,877] - logger.py] - INFO: Click back on current page.
[2020-03-21 18:38:50,961] - logger.py] - INFO: Click back on current page.
[2020-03-21 18:38:50,975] - logger.py] - INFO: 个人页面-环保回收页 is display
[2020-03-21 18:38:53,092] - logger.py] - INFO: 环保回收-选择发起回收地址 is display
[2020-03-21 18:38:55,305] - logger.py] - INFO: 环保回收-广州 is display
[2020-03-21 18:38:56,306] - logger.py] - INFO: 环保回收-第一个回收品类 is display
[2020-03-21 18:38:57,081] - logger.py] - INFO: 环保回收-下单时输入回收重量 is display
[2020-03-21 18:38:57,181] - logger.py] - INFO: 环保回收-下单时输入回收重量 is display
[2020-03-21 18:38:57,285] - logger.py] - INFO: 环保回收-确定回收品类数量 is display
[2020-03-21 18:38:58,412] - logger.py] - INFO: 环保回收-选择上门取件时间 is display
[2020-03-21 18:38:59,615] - logger.py] - INFO: 环保回收-确定上门取件时间 is display
[2020-03-21 18:39:00,373] - logger.py] - INFO: 环保回收-确定预约 is display
[2020-03-21 18:39:01,620] - logger.py] - INFO: 环保回收-分享成就 is display
[2020-03-21 18:39:05,227] - logger.py] - INFO: Click back on current page.
[2020-03-21 18:39:06,286] - logger.py] - INFO: 支持项目is exist!
[2020-03-21 18:41:21,503] - logger.py] - INFO: 个人页面-个人模块 is display
[2020-03-21 18:41:24,238] - logger.py] - INFO: 个人页面-登录按钮 is display
[2020-03-21 18:41:25,486] - logger.py] - INFO: 个人页面-输入手机号 is display
[2020-03-21 18:41:25,677] - logger.py] - INFO: 个人页面-发送验证码 is display
[2020-03-21 18:41:27,797] - logger.py] - INFO: 个人页面-数字1 is display
[2020-03-21 18:41:28,024] - logger.py] - INFO: 个人页面-数字2 is display
[2020-03-21 18:41:28,160] - logger.py] - INFO: 个人页面-数字3 is display
[2020-03-21 18:41:28,275] - logger.py] - INFO: 个人页面-数字4 is display
[2020-03-21 18:41:28,393] - logger.py] - INFO: 个人页面-数字5 is display
[2020-03-21 18:41:28,508] - logger.py] - INFO: 个人页面-数字6 is display
[2020-03-21 18:41:29,649] - logger.py] - INFO: 个人页面-引导图图层 is display
[2020-03-21 18:41:31,875] - logger.py] - INFO: 个人页面-用户头像 is display
[2020-03-21 18:41:44,117] - logger.py] - ERROR: 数据库连接错误：出错是:(2003, "Can't connect to MySQL server on 'data-tt.oola.cn' (timed out)")
[2020-03-21 18:41:44,152] - logger.py] - INFO: 个人页面-我的地址 is display
[2020-03-21 18:41:46,296] - logger.py] - INFO: Element is exist!
[2020-03-21 18:41:46,386] - logger.py] - INFO: 个人页面-添加地址 is display
[2020-03-21 18:41:47,042] - logger.py] - INFO: 个人页面-联系人 is display
[2020-03-21 18:41:47,254] - logger.py] - INFO: 个人页面-地址 is display
[2020-03-21 18:41:48,397] - logger.py] - INFO: 个人页面-地址选择框 is display
[2020-03-21 18:41:48,727] - logger.py] - INFO: 个人页面-广州 is display
[2020-03-21 18:41:49,023] - logger.py] - INFO: 个人页面-搜索城市 is display
[2020-03-21 18:41:50,145] - logger.py] - INFO: 个人页面-搜索城市 is display
[2020-03-21 18:41:52,297] - logger.py] - INFO: 个人页面-第一个结果 is display
[2020-03-21 18:41:53,015] - logger.py] - INFO: 个人页面-详细地址 is display
[2020-03-21 18:41:53,106] - logger.py] - INFO: 个人页面-设置默认地址 is display
[2020-03-21 18:41:53,724] - logger.py] - INFO: 个人页面-完成添加地址 is display
[2020-03-21 18:41:54,984] - logger.py] - INFO: Click back on current page.
[2020-03-21 18:41:55,082] - logger.py] - INFO: Click back on current page.
[2020-03-21 18:41:55,096] - logger.py] - INFO: 个人页面-环保回收页 is display
[2020-03-21 18:41:57,210] - logger.py] - INFO: 环保回收-选择发起回收地址 is display
[2020-03-21 18:41:59,404] - logger.py] - INFO: 环保回收-广州 is display
[2020-03-21 18:42:00,121] - logger.py] - INFO: 环保回收-第一个回收品类 is display
[2020-03-21 18:42:00,951] - logger.py] - INFO: 环保回收-下单时输入回收重量 is display
[2020-03-21 18:42:01,041] - logger.py] - INFO: 环保回收-下单时输入回收重量 is display
[2020-03-21 18:42:01,137] - logger.py] - INFO: 环保回收-确定回收品类数量 is display
[2020-03-21 18:42:02,309] - logger.py] - INFO: 环保回收-选择上门取件时间 is display
[2020-03-21 18:42:03,513] - logger.py] - INFO: 环保回收-确定上门取件时间 is display
[2020-03-21 18:42:04,253] - logger.py] - INFO: 环保回收-确定预约 is display
[2020-03-21 18:42:05,484] - logger.py] - INFO: 环保回收-分享成就 is display
[2020-03-21 18:42:09,010] - logger.py] - INFO: Click back on current page.
[2020-03-21 18:42:10,071] - logger.py] - INFO: 支持项目is exist!
[2020-03-21 18:42:10,206] - logger.py] - INFO: 环保回收-支持项目 is display
[2020-03-21 18:42:11,357] - logger.py] - INFO: 环保回收-确认捐赠 is display
[2020-03-21 19:28:49,492] - logger.py] - INFO: 个人页面-个人模块 is display
[2020-03-21 19:28:51,642] - logger.py] - INFO: 个人页面-登录按钮 is display
[2020-03-21 19:28:52,295] - logger.py] - INFO: 个人页面-输入手机号 is display
[2020-03-21 19:28:52,426] - logger.py] - INFO: 个人页面-发送验证码 is display
[2020-03-21 19:28:54,532] - logger.py] - INFO: 个人页面-数字1 is display
[2020-03-21 19:28:54,740] - logger.py] - INFO: 个人页面-数字2 is display
[2020-03-21 19:28:54,862] - logger.py] - INFO: 个人页面-数字3 is display
[2020-03-21 19:28:54,976] - logger.py] - INFO: 个人页面-数字4 is display
[2020-03-21 19:28:55,095] - logger.py] - INFO: 个人页面-数字5 is display
[2020-03-21 19:28:55,232] - logger.py] - INFO: 个人页面-数字6 is display
[2020-03-21 19:28:56,378] - logger.py] - INFO: 个人页面-引导图图层 is display
[2020-03-21 19:28:57,614] - logger.py] - INFO: 个人页面-用户头像 is display
[2020-03-21 19:28:59,896] - logger.py] - INFO: 个人页面-我的地址 is display
[2020-03-21 19:29:02,134] - logger.py] - INFO: Element is exist!
[2020-03-21 19:29:02,223] - logger.py] - INFO: 个人页面-添加地址 is display
[2020-03-21 19:29:02,874] - logger.py] - INFO: 个人页面-联系人 is display
[2020-03-21 19:29:03,061] - logger.py] - INFO: 个人页面-地址 is display
[2020-03-21 19:29:04,212] - logger.py] - INFO: 个人页面-地址选择框 is display
[2020-03-21 19:29:04,479] - logger.py] - INFO: 个人页面-广州 is display
[2020-03-21 19:29:04,571] - logger.py] - INFO: 个人页面-搜索城市 is display
[2020-03-21 19:29:05,680] - logger.py] - INFO: 个人页面-搜索城市 is display
[2020-03-21 19:29:07,853] - logger.py] - INFO: 个人页面-第一个结果 is display
[2020-03-21 19:29:08,585] - logger.py] - INFO: 个人页面-详细地址 is display
[2020-03-21 19:29:08,762] - logger.py] - INFO: 个人页面-设置默认地址 is display
[2020-03-21 19:29:09,411] - logger.py] - INFO: 个人页面-完成添加地址 is display
[2020-03-21 19:29:10,651] - logger.py] - INFO: Click back on current page.
[2020-03-21 19:29:10,818] - logger.py] - INFO: Click back on current page.
[2020-03-21 19:29:10,835] - logger.py] - INFO: 个人页面-环保回收页 is display
[2020-03-21 19:29:12,952] - logger.py] - INFO: 环保回收-选择发起回收地址 is display
[2020-03-21 19:29:15,139] - logger.py] - INFO: 环保回收-广州 is display
[2020-03-21 19:29:15,952] - logger.py] - INFO: 环保回收-第一个回收品类 is display
[2020-03-21 19:29:16,782] - logger.py] - INFO: 环保回收-下单时输入回收重量 is display
[2020-03-21 19:29:16,882] - logger.py] - INFO: 环保回收-下单时输入回收重量 is display
[2020-03-21 19:29:16,974] - logger.py] - INFO: 环保回收-确定回收品类数量 is display
[2020-03-21 19:29:18,118] - logger.py] - INFO: 环保回收-选择上门取件时间 is display
[2020-03-21 19:29:19,374] - logger.py] - INFO: 环保回收-确定上门取件时间 is display
[2020-03-21 19:29:20,130] - logger.py] - INFO: 环保回收-确定预约 is display
[2020-03-21 19:29:21,325] - logger.py] - INFO: 环保回收-分享成就 is display
[2020-03-21 19:29:24,880] - logger.py] - INFO: Click back on current page.
[2020-03-21 19:29:25,927] - logger.py] - INFO: 支持项目is exist!
[2020-03-21 19:29:25,963] - logger.py] - INFO: 环保回收-支持项目 is display
[2020-03-21 19:29:27,090] - logger.py] - INFO: 环保回收-确认捐赠 is display
[2020-03-21 19:29:27,410] - logger.py] - INFO: 环保回收-查看订单 is display
[2020-03-21 19:33:26,377] - logger.py] - INFO: 个人页面-个人模块 is display
[2020-03-21 19:33:28,548] - logger.py] - INFO: 个人页面-登录按钮 is display
[2020-03-21 19:33:29,269] - logger.py] - INFO: 个人页面-输入手机号 is display
[2020-03-21 19:33:29,448] - logger.py] - INFO: 个人页面-发送验证码 is display
[2020-03-21 19:33:31,570] - logger.py] - INFO: 个人页面-数字1 is display
[2020-03-21 19:33:31,758] - logger.py] - INFO: 个人页面-数字2 is display
[2020-03-21 19:33:31,868] - logger.py] - INFO: 个人页面-数字3 is display
[2020-03-21 19:33:31,959] - logger.py] - INFO: 个人页面-数字4 is display
[2020-03-21 19:33:32,057] - logger.py] - INFO: 个人页面-数字5 is display
[2020-03-21 19:33:32,178] - logger.py] - INFO: 个人页面-数字6 is display
[2020-03-21 19:33:33,310] - logger.py] - INFO: 个人页面-引导图图层 is display
[2020-03-21 19:33:34,543] - logger.py] - INFO: 个人页面-用户头像 is display
[2020-03-21 19:33:36,843] - logger.py] - INFO: 个人页面-我的地址 is display
[2020-03-21 19:33:39,065] - logger.py] - INFO: Element is exist!
[2020-03-21 19:33:39,151] - logger.py] - INFO: 个人页面-添加地址 is display
[2020-03-21 19:33:39,824] - logger.py] - INFO: 个人页面-联系人 is display
[2020-03-21 19:33:39,950] - logger.py] - INFO: 个人页面-地址 is display
[2020-03-21 19:33:41,099] - logger.py] - INFO: 个人页面-地址选择框 is display
[2020-03-21 19:33:41,528] - logger.py] - INFO: 个人页面-广州 is display
[2020-03-21 19:33:41,836] - logger.py] - INFO: 个人页面-搜索城市 is display
[2020-03-21 19:33:42,968] - logger.py] - INFO: 个人页面-搜索城市 is display
[2020-03-21 19:33:45,135] - logger.py] - INFO: 个人页面-第一个结果 is display
[2020-03-21 19:33:45,858] - logger.py] - INFO: 个人页面-详细地址 is display
[2020-03-21 19:33:46,032] - logger.py] - INFO: 个人页面-设置默认地址 is display
[2020-03-21 19:33:46,669] - logger.py] - INFO: 个人页面-完成添加地址 is display
[2020-03-21 19:33:47,904] - logger.py] - INFO: Click back on current page.
[2020-03-21 19:33:48,023] - logger.py] - INFO: Click back on current page.
[2020-03-21 19:33:48,049] - logger.py] - INFO: 个人页面-环保回收页 is display
[2020-03-21 19:33:50,192] - logger.py] - INFO: 环保回收-选择发起回收地址 is display
[2020-03-21 19:33:51,397] - logger.py] - INFO: 环保回收-广州 is display
[2020-03-21 19:33:52,214] - logger.py] - INFO: 环保回收-第一个回收品类 is display
[2020-03-21 19:33:53,047] - logger.py] - INFO: 环保回收-下单时输入回收重量 is display
[2020-03-21 19:33:53,140] - logger.py] - INFO: 环保回收-下单时输入回收重量 is display
[2020-03-21 19:33:53,231] - logger.py] - INFO: 环保回收-确定回收品类数量 is display
[2020-03-21 19:33:54,367] - logger.py] - INFO: 环保回收-选择上门取件时间 is display
[2020-03-21 19:33:55,611] - logger.py] - INFO: 环保回收-确定上门取件时间 is display
[2020-03-21 19:33:56,294] - logger.py] - INFO: 环保回收-确定预约 is display
[2020-03-21 19:33:57,565] - logger.py] - INFO: 环保回收-分享成就 is display
[2020-03-21 19:34:01,091] - logger.py] - INFO: Click back on current page.
[2020-03-21 19:34:02,151] - logger.py] - INFO: 支持项目is exist!
[2020-03-21 19:34:02,276] - logger.py] - INFO: 环保回收-支持项目 is display
[2020-03-21 19:34:03,427] - logger.py] - INFO: 环保回收-确认捐赠 is display
[2020-03-21 19:34:03,762] - logger.py] - INFO: 环保回收-查看订单 is display
[2020-03-21 19:37:53,630] - logger.py] - INFO: 个人页面-个人模块 is display
[2020-03-21 19:37:55,795] - logger.py] - INFO: 个人页面-登录按钮 is display
[2020-03-21 19:38:00,075] - logger.py] - INFO: 个人页面-输入手机号 is display
[2020-03-21 19:38:00,274] - logger.py] - INFO: 个人页面-发送验证码 is display
[2020-03-21 19:38:05,525] - logger.py] - INFO: 个人页面-数字1 is display
[2020-03-21 19:38:16,088] - logger.py] - INFO: 个人页面-用户头像 is not display
[2020-03-21 19:38:46,730] - logger.py] - INFO: 个人页面-个人模块 is display
[2020-03-21 19:38:48,964] - logger.py] - INFO: 个人页面-登录按钮 is display
[2020-03-21 19:38:49,718] - logger.py] - INFO: 个人页面-输入手机号 is display
[2020-03-21 19:38:49,893] - logger.py] - INFO: 个人页面-发送验证码 is display
[2020-03-21 19:38:52,010] - logger.py] - INFO: 个人页面-数字1 is display
[2020-03-21 19:38:52,200] - logger.py] - INFO: 个人页面-数字2 is display
[2020-03-21 19:38:52,336] - logger.py] - INFO: 个人页面-数字3 is display
[2020-03-21 19:38:52,445] - logger.py] - INFO: 个人页面-数字4 is display
[2020-03-21 19:38:52,570] - logger.py] - INFO: 个人页面-数字5 is display
[2020-03-21 19:38:52,668] - logger.py] - INFO: 个人页面-数字6 is display
[2020-03-21 19:38:53,802] - logger.py] - INFO: 个人页面-引导图图层 is display
[2020-03-21 19:38:55,016] - logger.py] - INFO: 个人页面-用户头像 is display
[2020-03-21 19:38:57,295] - logger.py] - INFO: 个人页面-我的地址 is display
[2020-03-21 19:38:59,505] - logger.py] - INFO: Element is exist!
[2020-03-21 19:38:59,590] - logger.py] - INFO: 个人页面-添加地址 is display
[2020-03-21 19:39:06,500] - logger.py] - INFO: 个人页面-联系人 is display
[2020-03-21 19:39:06,680] - logger.py] - INFO: 个人页面-地址 is display
[2020-03-21 19:39:07,823] - logger.py] - INFO: 个人页面-地址选择框 is display
[2020-03-21 19:39:08,129] - logger.py] - INFO: 个人页面-广州 is display
[2020-03-21 19:39:08,328] - logger.py] - INFO: 个人页面-搜索城市 is display
[2020-03-21 19:39:09,453] - logger.py] - INFO: 个人页面-搜索城市 is display
[2020-03-21 19:39:11,628] - logger.py] - INFO: 个人页面-第一个结果 is display
[2020-03-21 19:39:12,363] - logger.py] - INFO: 个人页面-详细地址 is display
[2020-03-21 19:39:12,521] - logger.py] - INFO: 个人页面-设置默认地址 is display
[2020-03-21 19:39:13,151] - logger.py] - INFO: 个人页面-完成添加地址 is display
[2020-03-21 19:39:14,402] - logger.py] - INFO: Click back on current page.
[2020-03-21 19:39:14,507] - logger.py] - INFO: Click back on current page.
[2020-03-21 19:39:14,525] - logger.py] - INFO: 个人页面-环保回收页 is display
[2020-03-21 19:39:20,840] - logger.py] - INFO: 环保回收-选择发起回收地址 is display
[2020-03-21 19:39:22,634] - logger.py] - INFO: 环保回收-广州 is display
[2020-03-21 19:39:30,637] - logger.py] - INFO: 环保回收-第一个回收品类 is display
[2020-03-21 19:39:41,273] - logger.py] - INFO: 环保回收-下单时输入回收重量 is not display
[2020-03-21 19:43:02,967] - logger.py] - INFO: 个人页面-个人模块 is display
[2020-03-21 19:43:11,190] - logger.py] - INFO: 个人页面-登录按钮 is display
[2020-03-21 19:43:21,857] - logger.py] - INFO: 个人页面-输入手机号 is not display
[2020-03-21 19:43:21,948] - logger.py] - INFO: 个人页面-用户头像 is display
[2020-03-21 19:43:32,407] - logger.py] - INFO: 个人页面-我的地址 is not display
[2020-03-21 19:43:32,756] - logger.py] - ERROR: Message: no such element: Unable to locate element: {"method":"xpath","selector":"//div[@class='empty-addr empty-page']"}
  (Session info: chrome=80.0.3987.122)

[2020-03-21 19:43:43,231] - logger.py] - INFO: 环保回收-第一个回收品类 is not display
[2020-03-21 19:43:53,760] - logger.py] - INFO: 环保回收-下单时输入回收重量 is not display
[2020-03-21 19:48:50,266] - logger.py] - INFO: 个人页面-个人模块 is display
[2020-03-21 19:48:52,718] - logger.py] - INFO: 个人页面-登录按钮 is display
[2020-03-21 19:48:59,217] - logger.py] - INFO: 个人页面-输入手机号 is display
[2020-03-21 19:48:59,403] - logger.py] - INFO: 个人页面-发送验证码 is display
[2020-03-21 19:49:03,204] - logger.py] - INFO: 个人页面-数字1 is display
[2020-03-21 19:49:58,837] - logger.py] - INFO: 个人页面-个人模块 is display
[2020-03-21 19:50:01,032] - logger.py] - INFO: 个人页面-登录按钮 is display
[2020-03-21 19:50:03,867] - logger.py] - INFO: 个人页面-输入手机号 is display
[2020-03-21 19:50:04,034] - logger.py] - INFO: 个人页面-发送验证码 is display
[2020-03-21 19:50:06,144] - logger.py] - INFO: 个人页面-数字1 is display
[2020-03-21 19:50:06,315] - logger.py] - INFO: 个人页面-数字2 is display
[2020-03-21 19:50:06,449] - logger.py] - INFO: 个人页面-数字3 is display
[2020-03-21 19:50:06,585] - logger.py] - INFO: 个人页面-数字4 is display
[2020-03-21 19:50:06,682] - logger.py] - INFO: 个人页面-数字5 is display
[2020-03-21 19:50:06,796] - logger.py] - INFO: 个人页面-数字6 is display
[2020-03-21 19:50:10,038] - logger.py] - INFO: 个人页面-引导图图层 is display
[2020-03-21 19:50:11,316] - logger.py] - INFO: 个人页面-用户头像 is display
[2020-03-21 19:50:13,605] - logger.py] - INFO: 个人页面-我的地址 is display
[2020-03-21 19:50:15,842] - logger.py] - INFO: Element is exist!
[2020-03-21 19:50:15,928] - logger.py] - INFO: 个人页面-添加地址 is display
[2020-03-21 19:50:20,759] - logger.py] - INFO: 个人页面-联系人 is display
[2020-03-21 19:50:20,923] - logger.py] - INFO: 个人页面-地址 is display
[2020-03-21 19:50:22,074] - logger.py] - INFO: 个人页面-地址选择框 is display
[2020-03-21 19:50:23,462] - logger.py] - INFO: 个人页面-广州 is display
[2020-03-21 19:50:23,680] - logger.py] - INFO: 个人页面-搜索城市 is display
[2020-03-21 19:50:24,810] - logger.py] - INFO: 个人页面-搜索城市 is display
[2020-03-21 19:50:26,979] - logger.py] - INFO: 个人页面-第一个结果 is display
[2020-03-21 19:50:27,686] - logger.py] - INFO: 个人页面-详细地址 is display
[2020-03-21 19:50:27,870] - logger.py] - INFO: 个人页面-设置默认地址 is display
[2020-03-21 19:50:28,485] - logger.py] - INFO: 个人页面-完成添加地址 is display
[2020-03-21 19:50:29,721] - logger.py] - INFO: Click back on current page.
[2020-03-21 19:50:29,832] - logger.py] - INFO: Click back on current page.
[2020-03-21 19:50:29,854] - logger.py] - INFO: 个人页面-环保回收页 is display
[2020-03-21 19:50:42,402] - logger.py] - INFO: 环保回收-选择发起回收地址 is not display
[2020-03-21 19:50:45,292] - logger.py] - INFO: 环保回收-第一个回收品类 is display
[2020-03-21 19:50:55,856] - logger.py] - INFO: 环保回收-下单时输入回收重量 is not display
[2020-03-21 19:51:54,620] - logger.py] - INFO: 个人页面-个人模块 is display
[2020-03-21 19:51:56,833] - logger.py] - INFO: 个人页面-登录按钮 is display
[2020-03-21 19:52:02,748] - logger.py] - INFO: 个人页面-输入手机号 is display
[2020-03-21 19:52:02,954] - logger.py] - INFO: 个人页面-发送验证码 is display
[2020-03-21 19:52:07,137] - logger.py] - INFO: 个人页面-数字1 is display
[2020-03-21 19:52:17,636] - logger.py] - INFO: 个人页面-用户头像 is not display
[2020-03-21 19:52:28,328] - logger.py] - INFO: 个人页面-我的地址 is not display
[2020-03-21 19:52:28,414] - logger.py] - ERROR: Message: no such element: Unable to locate element: {"method":"xpath","selector":"//div[@class='empty-addr empty-page']"}
  (Session info: chrome=80.0.3987.122)

[2020-03-21 19:57:03,715] - logger.py] - INFO: 个人页面-个人模块 is display
[2020-03-21 19:57:06,159] - logger.py] - INFO: 个人页面-登录按钮 is display
[2020-03-21 19:57:06,911] - logger.py] - INFO: 个人页面-输入手机号 is display
[2020-03-21 19:57:07,109] - logger.py] - INFO: 个人页面-发送验证码 is display
[2020-03-21 19:57:09,235] - logger.py] - INFO: 个人页面-数字1 is display
[2020-03-21 19:57:09,417] - logger.py] - INFO: 个人页面-数字2 is display
[2020-03-21 19:57:09,518] - logger.py] - INFO: 个人页面-数字3 is display
[2020-03-21 19:57:09,651] - logger.py] - INFO: 个人页面-数字4 is display
[2020-03-21 19:57:09,764] - logger.py] - INFO: 个人页面-数字5 is display
[2020-03-21 19:57:09,881] - logger.py] - INFO: 个人页面-数字6 is display
[2020-03-21 19:57:11,029] - logger.py] - INFO: 个人页面-引导图图层 is display
[2020-03-21 19:57:12,292] - logger.py] - INFO: 个人页面-用户头像 is display
[2020-03-21 19:57:14,553] - logger.py] - INFO: 个人页面-我的地址 is display
[2020-03-21 19:57:16,779] - logger.py] - INFO: Element is exist!
[2020-03-21 19:57:16,866] - logger.py] - INFO: 个人页面-添加地址 is display
[2020-03-21 19:57:17,524] - logger.py] - INFO: 个人页面-联系人 is display
[2020-03-21 19:57:17,692] - logger.py] - INFO: 个人页面-地址 is display
[2020-03-21 19:57:18,844] - logger.py] - INFO: 个人页面-地址选择框 is display
[2020-03-21 19:57:19,163] - logger.py] - INFO: 个人页面-广州 is display
[2020-03-21 19:57:19,486] - logger.py] - INFO: 个人页面-搜索城市 is display
[2020-03-21 19:57:20,615] - logger.py] - INFO: 个人页面-搜索城市 is display
[2020-03-21 19:57:22,780] - logger.py] - INFO: 个人页面-第一个结果 is display
[2020-03-21 19:57:23,484] - logger.py] - INFO: 个人页面-详细地址 is display
[2020-03-21 19:57:23,671] - logger.py] - INFO: 个人页面-设置默认地址 is display
[2020-03-21 19:57:24,295] - logger.py] - INFO: 个人页面-完成添加地址 is display
[2020-03-21 19:57:25,545] - logger.py] - INFO: Click back on current page.
[2020-03-21 19:57:25,655] - logger.py] - INFO: Click back on current page.
[2020-03-21 19:57:25,667] - logger.py] - INFO: 个人页面-环保回收页 is display
[2020-03-21 19:57:27,776] - logger.py] - INFO: 环保回收-选择发起回收地址 is display
[2020-03-21 19:57:28,987] - logger.py] - INFO: 环保回收-广州 is display
[2020-03-21 19:57:29,836] - logger.py] - INFO: 环保回收-第一个回收品类 is display
[2020-03-21 19:57:30,654] - logger.py] - INFO: 环保回收-下单时输入回收重量 is display
[2020-03-21 19:57:30,752] - logger.py] - INFO: 环保回收-下单时输入回收重量 is display
[2020-03-21 19:57:30,848] - logger.py] - INFO: 环保回收-确定回收品类数量 is display
[2020-03-21 19:57:31,465] - logger.py] - INFO: 环保回收-选择上门取件时间 is display
[2020-03-21 19:57:32,695] - logger.py] - INFO: 环保回收-确定上门取件时间 is display
[2020-03-21 19:57:33,445] - logger.py] - INFO: 环保回收-确定预约 is display
[2020-03-21 19:57:34,155] - logger.py] - INFO: 环保回收-分享成就 is display
[2020-03-21 19:57:37,651] - logger.py] - INFO: Click back on current page.
[2020-03-21 19:57:38,715] - logger.py] - INFO: 支持项目is exist!
[2020-03-21 19:57:38,857] - logger.py] - INFO: 环保回收-支持项目 is display
[2020-03-21 19:57:39,983] - logger.py] - INFO: 环保回收-确认捐赠 is display
[2020-03-21 19:57:40,240] - logger.py] - INFO: 环保回收-查看订单 is display
[2020-03-21 20:31:11,288] - logger.py] - INFO: 个人页面-个人模块 is display
[2020-03-21 20:31:13,452] - logger.py] - INFO: 个人页面-登录按钮 is display
[2020-03-21 20:31:14,192] - logger.py] - INFO: 个人页面-输入手机号 is display
[2020-03-21 20:31:14,389] - logger.py] - INFO: 个人页面-发送验证码 is display
[2020-03-21 20:31:16,524] - logger.py] - INFO: 个人页面-数字1 is display
[2020-03-21 20:31:16,725] - logger.py] - INFO: 个人页面-数字2 is display
[2020-03-21 20:31:16,848] - logger.py] - INFO: 个人页面-数字3 is display
[2020-03-21 20:31:16,966] - logger.py] - INFO: 个人页面-数字4 is display
[2020-03-21 20:31:17,089] - logger.py] - INFO: 个人页面-数字5 is display
[2020-03-21 20:31:17,217] - logger.py] - INFO: 个人页面-数字6 is display
[2020-03-21 20:31:18,337] - logger.py] - INFO: 个人页面-引导图图层 is display
[2020-03-21 20:31:19,578] - logger.py] - INFO: 个人页面-用户头像 is display
[2020-03-21 20:31:21,847] - logger.py] - INFO: 个人页面-我的地址 is display
[2020-03-21 20:31:24,090] - logger.py] - INFO: Element is exist!
[2020-03-21 20:31:24,181] - logger.py] - INFO: 个人页面-添加地址 is display
[2020-03-21 20:31:24,835] - logger.py] - INFO: 个人页面-联系人 is display
[2020-03-21 20:31:24,939] - logger.py] - INFO: 个人页面-地址 is display
[2020-03-21 20:31:26,079] - logger.py] - INFO: 个人页面-地址选择框 is display
[2020-03-21 20:31:26,380] - logger.py] - INFO: 个人页面-广州 is display
[2020-03-21 20:31:26,478] - logger.py] - INFO: 个人页面-搜索城市 is display
[2020-03-21 20:31:27,585] - logger.py] - INFO: 个人页面-搜索城市 is display
[2020-03-21 20:31:29,750] - logger.py] - INFO: 个人页面-第一个结果 is display
[2020-03-21 20:31:30,486] - logger.py] - INFO: 个人页面-详细地址 is display
[2020-03-21 20:31:30,653] - logger.py] - INFO: 个人页面-设置默认地址 is display
[2020-03-21 20:31:31,268] - logger.py] - INFO: 个人页面-完成添加地址 is display
[2020-03-21 20:31:32,516] - logger.py] - INFO: Click back on current page.
[2020-03-21 20:31:32,608] - logger.py] - INFO: Click back on current page.
[2020-03-21 20:31:32,622] - logger.py] - INFO: 个人页面-环保回收页 is display
[2020-03-21 20:31:34,733] - logger.py] - INFO: 环保回收-选择发起回收地址 is display
[2020-03-21 20:31:35,954] - logger.py] - INFO: 环保回收-广州 is display
[2020-03-21 20:31:36,870] - logger.py] - INFO: 环保回收-第一个回收品类 is display
[2020-03-21 20:31:37,711] - logger.py] - INFO: 环保回收-下单时输入回收重量 is display
[2020-03-21 20:31:37,816] - logger.py] - INFO: 环保回收-下单时输入回收重量 is display
[2020-03-21 20:31:37,923] - logger.py] - INFO: 环保回收-确定回收品类数量 is display
[2020-03-21 20:31:38,559] - logger.py] - INFO: 环保回收-选择上门取件时间 is display
[2020-03-21 20:31:39,818] - logger.py] - INFO: 环保回收-确定上门取件时间 is display
[2020-03-21 20:31:40,572] - logger.py] - INFO: 环保回收-确定预约 is display
[2020-03-21 20:31:41,819] - logger.py] - INFO: 环保回收-分享成就 is display
[2020-03-21 20:31:45,222] - logger.py] - INFO: Click back on current page.
[2020-03-21 20:31:46,287] - logger.py] - INFO: 支持项目is exist!
[2020-03-21 20:31:46,412] - logger.py] - INFO: 环保回收-支持项目 is display
[2020-03-21 20:31:47,570] - logger.py] - INFO: 环保回收-确认捐赠 is display
[2020-03-21 20:31:47,863] - logger.py] - INFO: 环保回收-查看订单 is display
[2020-03-21 20:32:00,134] - logger.py] - INFO: 个人页面-个人模块 is not display
[2020-03-21 20:34:11,197] - logger.py] - INFO: 个人页面-个人模块 is display
[2020-03-21 20:34:13,412] - logger.py] - INFO: 个人页面-登录按钮 is display
[2020-03-21 20:34:14,130] - logger.py] - INFO: 个人页面-输入手机号 is display
[2020-03-21 20:34:14,278] - logger.py] - INFO: 个人页面-发送验证码 is display
[2020-03-21 20:34:16,395] - logger.py] - INFO: 个人页面-数字1 is display
[2020-03-21 20:34:16,609] - logger.py] - INFO: 个人页面-数字2 is display
[2020-03-21 20:34:16,731] - logger.py] - INFO: 个人页面-数字3 is display
[2020-03-21 20:34:16,846] - logger.py] - INFO: 个人页面-数字4 is display
[2020-03-21 20:34:16,969] - logger.py] - INFO: 个人页面-数字5 is display
[2020-03-21 20:34:17,088] - logger.py] - INFO: 个人页面-数字6 is display
[2020-03-21 20:34:18,215] - logger.py] - INFO: 个人页面-引导图图层 is display
[2020-03-21 20:34:19,457] - logger.py] - INFO: 个人页面-用户头像 is display
[2020-03-21 20:34:21,745] - logger.py] - INFO: 个人页面-我的地址 is display
[2020-03-21 20:34:23,983] - logger.py] - INFO: Element is exist!
[2020-03-21 20:34:24,068] - logger.py] - INFO: 个人页面-添加地址 is display
[2020-03-21 20:34:24,731] - logger.py] - INFO: 个人页面-联系人 is display
[2020-03-21 20:34:24,896] - logger.py] - INFO: 个人页面-地址 is display
[2020-03-21 20:34:26,039] - logger.py] - INFO: 个人页面-地址选择框 is display
[2020-03-21 20:34:26,356] - logger.py] - INFO: 个人页面-广州 is display
[2020-03-21 20:34:26,667] - logger.py] - INFO: 个人页面-搜索城市 is display
[2020-03-21 20:34:27,814] - logger.py] - INFO: 个人页面-搜索城市 is display
[2020-03-21 20:34:29,951] - logger.py] - INFO: 个人页面-第一个结果 is display
[2020-03-21 20:34:30,665] - logger.py] - INFO: 个人页面-详细地址 is display
[2020-03-21 20:34:30,858] - logger.py] - INFO: 个人页面-设置默认地址 is display
[2020-03-21 20:34:31,507] - logger.py] - INFO: 个人页面-完成添加地址 is display
[2020-03-21 20:34:32,770] - logger.py] - INFO: Click back on current page.
[2020-03-21 20:34:32,885] - logger.py] - INFO: Click back on current page.
[2020-03-21 20:34:32,901] - logger.py] - INFO: 个人页面-环保回收页 is display
[2020-03-21 20:34:35,028] - logger.py] - INFO: 环保回收-选择发起回收地址 is display
[2020-03-21 20:34:36,245] - logger.py] - INFO: 环保回收-广州 is display
[2020-03-21 20:34:37,159] - logger.py] - INFO: 环保回收-第一个回收品类 is display
[2020-03-21 20:34:37,976] - logger.py] - INFO: 环保回收-下单时输入回收重量 is display
[2020-03-21 20:34:38,580] - logger.py] - INFO: 环保回收-下单时输入回收重量 is display
[2020-03-21 20:34:38,785] - logger.py] - INFO: 环保回收-确定回收品类数量 is display
[2020-03-21 20:34:39,434] - logger.py] - INFO: 环保回收-选择上门取件时间 is display
[2020-03-21 20:34:40,699] - logger.py] - INFO: 环保回收-确定上门取件时间 is display
[2020-03-21 20:34:41,457] - logger.py] - INFO: 环保回收-确定预约 is display
[2020-03-21 20:34:42,728] - logger.py] - INFO: 环保回收-分享成就 is display
[2020-03-21 20:34:46,065] - logger.py] - INFO: Click back on current page.
[2020-03-21 20:34:47,133] - logger.py] - INFO: 支持项目is exist!
[2020-03-21 20:34:47,259] - logger.py] - INFO: 环保回收-支持项目 is display
[2020-03-21 20:34:48,371] - logger.py] - INFO: 环保回收-确认捐赠 is display
[2020-03-21 20:34:48,640] - logger.py] - INFO: 环保回收-查看订单 is display
[2020-03-21 20:35:00,856] - logger.py] - INFO: 个人页面-个人模块 is not display
[2020-03-21 20:38:35,888] - logger.py] - INFO: 个人页面-个人模块 is not display
[2020-03-21 20:38:46,400] - logger.py] - INFO: 环保回收-第一个回收品类 is not display
[2020-03-21 20:40:27,094] - logger.py] - INFO: 个人页面-个人模块 is display
[2020-03-21 20:40:29,557] - logger.py] - INFO: 个人页面-登录按钮 is display
[2020-03-21 20:40:30,296] - logger.py] - INFO: 个人页面-输入手机号 is display
[2020-03-21 20:40:30,484] - logger.py] - INFO: 个人页面-发送验证码 is display
[2020-03-21 20:40:32,596] - logger.py] - INFO: 个人页面-数字1 is display
[2020-03-21 20:40:32,802] - logger.py] - INFO: 个人页面-数字2 is display
[2020-03-21 20:40:32,903] - logger.py] - INFO: 个人页面-数字3 is display
[2020-03-21 20:40:33,021] - logger.py] - INFO: 个人页面-数字4 is display
[2020-03-21 20:40:33,141] - logger.py] - INFO: 个人页面-数字5 is display
[2020-03-21 20:40:33,251] - logger.py] - INFO: 个人页面-数字6 is display
[2020-03-21 20:40:34,363] - logger.py] - INFO: 个人页面-引导图图层 is display
[2020-03-21 20:40:35,539] - logger.py] - INFO: 个人页面-用户头像 is display
[2020-03-21 20:40:37,813] - logger.py] - INFO: 个人页面-我的地址 is display
[2020-03-21 20:40:40,038] - logger.py] - INFO: Element is exist!
[2020-03-21 20:40:40,120] - logger.py] - INFO: 个人页面-添加地址 is display
[2020-03-21 20:40:40,806] - logger.py] - INFO: 个人页面-联系人 is display
[2020-03-21 20:40:41,008] - logger.py] - INFO: 个人页面-地址 is display
[2020-03-21 20:40:42,157] - logger.py] - INFO: 个人页面-地址选择框 is display
[2020-03-21 20:40:42,387] - logger.py] - INFO: 个人页面-广州 is display
[2020-03-21 20:40:42,503] - logger.py] - INFO: 个人页面-搜索城市 is display
[2020-03-21 20:40:43,652] - logger.py] - INFO: 个人页面-搜索城市 is display
[2020-03-21 20:40:45,801] - logger.py] - INFO: 个人页面-第一个结果 is display
[2020-03-21 20:40:46,528] - logger.py] - INFO: 个人页面-详细地址 is display
[2020-03-21 20:40:46,724] - logger.py] - INFO: 个人页面-设置默认地址 is display
[2020-03-21 20:40:47,354] - logger.py] - INFO: 个人页面-完成添加地址 is display
[2020-03-21 20:40:48,605] - logger.py] - INFO: Click back on current page.
[2020-03-21 20:40:48,706] - logger.py] - INFO: Click back on current page.
[2020-03-21 20:40:48,720] - logger.py] - INFO: 个人页面-环保回收页 is display
[2020-03-21 20:40:50,839] - logger.py] - INFO: 环保回收-选择发起回收地址 is display
[2020-03-21 20:40:52,053] - logger.py] - INFO: 环保回收-广州 is display
[2020-03-21 20:40:52,934] - logger.py] - INFO: 环保回收-第一个回收品类 is display
[2020-03-21 20:40:53,753] - logger.py] - INFO: 环保回收-下单时输入回收重量 is display
[2020-03-21 20:40:54,361] - logger.py] - INFO: 环保回收-下单时输入回收重量 is display
[2020-03-21 20:40:54,557] - logger.py] - INFO: 环保回收-确定回收品类数量 is display
[2020-03-21 20:40:55,207] - logger.py] - INFO: 环保回收-选择上门取件时间 is display
[2020-03-21 20:40:56,459] - logger.py] - INFO: 环保回收-确定上门取件时间 is display
[2020-03-21 20:40:57,216] - logger.py] - INFO: 环保回收-确定预约 is display
[2020-03-21 20:40:58,468] - logger.py] - INFO: 环保回收-分享成就 is display
[2020-03-21 20:41:00,662] - logger.py] - INFO: Click back on current page.
[2020-03-21 20:41:01,788] - logger.py] - INFO: 支持项目is exist!
[2020-03-21 20:41:01,915] - logger.py] - INFO: 环保回收-支持项目 is display
[2020-03-21 20:41:03,072] - logger.py] - INFO: 环保回收-确认捐赠 is display
[2020-03-21 20:41:03,371] - logger.py] - INFO: 环保回收-查看订单 is display
[2020-03-21 20:41:16,013] - logger.py] - INFO: 个人页面-个人模块 is not display
[2020-03-21 20:42:01,536] - logger.py] - INFO: 个人页面-个人模块 is display
[2020-03-21 20:42:03,755] - logger.py] - INFO: 个人页面-登录按钮 is display
[2020-03-21 20:42:04,514] - logger.py] - INFO: 个人页面-输入手机号 is display
[2020-03-21 20:42:04,707] - logger.py] - INFO: 个人页面-发送验证码 is display
[2020-03-21 20:42:06,824] - logger.py] - INFO: 个人页面-数字1 is display
[2020-03-21 20:42:07,011] - logger.py] - INFO: 个人页面-数字2 is display
[2020-03-21 20:42:07,104] - logger.py] - INFO: 个人页面-数字3 is display
[2020-03-21 20:42:07,190] - logger.py] - INFO: 个人页面-数字4 is display
[2020-03-21 20:42:07,275] - logger.py] - INFO: 个人页面-数字5 is display
[2020-03-21 20:42:07,365] - logger.py] - INFO: 个人页面-数字6 is display
[2020-03-21 20:42:08,459] - logger.py] - INFO: 个人页面-引导图图层 is display
[2020-03-21 20:42:09,642] - logger.py] - INFO: 个人页面-用户头像 is display
[2020-03-21 20:42:11,925] - logger.py] - INFO: 个人页面-我的地址 is display
[2020-03-21 20:42:14,155] - logger.py] - INFO: Element is exist!
[2020-03-21 20:42:14,236] - logger.py] - INFO: 个人页面-添加地址 is display
[2020-03-21 20:42:14,884] - logger.py] - INFO: 个人页面-联系人 is display
[2020-03-21 20:42:15,051] - logger.py] - INFO: 个人页面-地址 is display
[2020-03-21 20:42:16,211] - logger.py] - INFO: 个人页面-地址选择框 is display
[2020-03-21 20:42:16,528] - logger.py] - INFO: 个人页面-广州 is display
[2020-03-21 20:42:16,849] - logger.py] - INFO: 个人页面-搜索城市 is display
[2020-03-21 20:42:17,997] - logger.py] - INFO: 个人页面-搜索城市 is display
[2020-03-21 20:42:20,163] - logger.py] - INFO: 个人页面-第一个结果 is display
[2020-03-21 20:42:20,897] - logger.py] - INFO: 个人页面-详细地址 is display
[2020-03-21 20:42:21,100] - logger.py] - INFO: 个人页面-设置默认地址 is display
[2020-03-21 20:42:21,745] - logger.py] - INFO: 个人页面-完成添加地址 is display
[2020-03-21 20:42:22,968] - logger.py] - INFO: Click back on current page.
[2020-03-21 20:42:23,080] - logger.py] - INFO: Click back on current page.
[2020-03-21 20:42:23,098] - logger.py] - INFO: 个人页面-环保回收页 is display
[2020-03-21 20:42:25,222] - logger.py] - INFO: 环保回收-选择发起回收地址 is display
[2020-03-21 20:42:26,442] - logger.py] - INFO: 环保回收-广州 is display
[2020-03-21 20:42:27,286] - logger.py] - INFO: 环保回收-第一个回收品类 is display
[2020-03-21 20:42:28,159] - logger.py] - INFO: 环保回收-下单时输入回收重量 is display
[2020-03-21 20:42:28,774] - logger.py] - INFO: 环保回收-下单时输入回收重量 is display
[2020-03-21 20:42:29,013] - logger.py] - INFO: 环保回收-确定回收品类数量 is display
[2020-03-21 20:42:29,650] - logger.py] - INFO: 环保回收-选择上门取件时间 is display
[2020-03-21 20:42:30,883] - logger.py] - INFO: 环保回收-确定上门取件时间 is display
[2020-03-21 20:42:31,646] - logger.py] - INFO: 环保回收-确定预约 is display
[2020-03-21 20:42:32,426] - logger.py] - INFO: 环保回收-分享成就 is display
[2020-03-21 20:42:34,590] - logger.py] - INFO: Click back on current page.
[2020-03-21 20:42:35,707] - logger.py] - INFO: 支持项目is exist!
[2020-03-21 20:42:35,840] - logger.py] - INFO: 环保回收-支持项目 is display
[2020-03-21 20:42:36,998] - logger.py] - INFO: 环保回收-确认捐赠 is display
[2020-03-21 20:42:37,273] - logger.py] - INFO: 环保回收-查看订单 is display
[2020-03-21 20:42:52,937] - logger.py] - INFO: 个人页面-个人模块 is not display
[2020-03-21 20:45:19,599] - logger.py] - INFO: 个人页面-个人模块 is display
[2020-03-21 20:45:22,047] - logger.py] - INFO: 个人页面-登录按钮 is display
[2020-03-21 20:45:24,314] - logger.py] - INFO: 个人页面-输入手机号 is display
[2020-03-21 20:45:24,488] - logger.py] - INFO: 个人页面-发送验证码 is display
[2020-03-21 20:45:26,607] - logger.py] - INFO: 个人页面-数字1 is display
[2020-03-21 20:45:26,772] - logger.py] - INFO: 个人页面-数字2 is display
[2020-03-21 20:45:26,896] - logger.py] - INFO: 个人页面-数字3 is display
[2020-03-21 20:45:27,030] - logger.py] - INFO: 个人页面-数字4 is display
[2020-03-21 20:45:27,129] - logger.py] - INFO: 个人页面-数字5 is display
[2020-03-21 20:45:27,220] - logger.py] - INFO: 个人页面-数字6 is display
[2020-03-21 20:45:38,739] - logger.py] - INFO: 个人页面-引导图图层 is not display
[2020-03-21 20:45:49,245] - logger.py] - INFO: 个人页面-用户头像 is not display
[2020-03-21 20:46:37,481] - logger.py] - INFO: 个人页面-个人模块 is display
[2020-03-21 20:46:39,649] - logger.py] - INFO: 个人页面-登录按钮 is display
[2020-03-21 20:46:42,964] - logger.py] - INFO: 个人页面-输入手机号 is display
[2020-03-21 20:46:43,164] - logger.py] - INFO: 个人页面-发送验证码 is display
[2020-03-21 20:46:45,807] - logger.py] - INFO: 个人页面-数字1 is display
[2020-03-21 20:46:45,968] - logger.py] - INFO: 个人页面-数字2 is display
[2020-03-21 20:46:46,058] - logger.py] - INFO: 个人页面-数字3 is display
[2020-03-21 20:46:46,147] - logger.py] - INFO: 个人页面-数字4 is display
[2020-03-21 20:46:46,246] - logger.py] - INFO: 个人页面-数字5 is display
[2020-03-21 20:46:46,338] - logger.py] - INFO: 个人页面-数字6 is display
[2020-03-21 20:46:57,888] - logger.py] - INFO: 个人页面-引导图图层 is not display
[2020-03-21 20:47:08,026] - logger.py] - INFO: 个人页面-用户头像 is not display
[2020-03-21 20:47:18,177] - logger.py] - INFO: 个人页面-我的地址 is not display
[2020-03-21 20:47:18,270] - logger.py] - ERROR: Message: no such element: Unable to locate element: {"method":"xpath","selector":"//div[@class='empty-addr empty-page']"}
  (Session info: chrome=80.0.3987.122)

[2020-03-21 20:47:28,402] - logger.py] - INFO: 环保回收-第一个回收品类 is not display
[2020-03-21 20:47:38,552] - logger.py] - INFO: 环保回收-下单时输入回收重量 is not display
[2020-03-21 20:52:03,012] - logger.py] - INFO: 个人页面-个人模块 is display
[2020-03-21 20:52:05,241] - logger.py] - INFO: 个人页面-登录按钮 is display
[2020-03-21 20:52:05,977] - logger.py] - INFO: 个人页面-输入手机号 is display
[2020-03-21 20:52:06,160] - logger.py] - INFO: 个人页面-发送验证码 is display
[2020-03-21 20:52:08,284] - logger.py] - INFO: 个人页面-数字1 is display
[2020-03-21 20:52:08,479] - logger.py] - INFO: 个人页面-数字2 is display
[2020-03-21 20:52:08,599] - logger.py] - INFO: 个人页面-数字3 is display
[2020-03-21 20:52:08,728] - logger.py] - INFO: 个人页面-数字4 is display
[2020-03-21 20:52:08,836] - logger.py] - INFO: 个人页面-数字5 is display
[2020-03-21 20:52:08,964] - logger.py] - INFO: 个人页面-数字6 is display
[2020-03-21 20:52:10,085] - logger.py] - INFO: 个人页面-引导图图层 is display
[2020-03-21 20:52:11,300] - logger.py] - INFO: 个人页面-用户头像 is display
[2020-03-21 20:52:13,564] - logger.py] - INFO: 个人页面-我的地址 is display
[2020-03-21 20:52:15,825] - logger.py] - INFO: Element is exist!
[2020-03-21 20:52:15,911] - logger.py] - INFO: 个人页面-添加地址 is display
[2020-03-21 20:52:16,539] - logger.py] - INFO: 个人页面-联系人 is display
[2020-03-21 20:52:16,690] - logger.py] - INFO: 个人页面-地址 is display
[2020-03-21 20:52:17,811] - logger.py] - INFO: 个人页面-地址选择框 is display
[2020-03-21 20:52:18,111] - logger.py] - INFO: 个人页面-广州 is display
[2020-03-21 20:52:18,424] - logger.py] - INFO: 个人页面-搜索城市 is display
[2020-03-21 20:52:19,590] - logger.py] - INFO: 个人页面-搜索城市 is display
[2020-03-21 20:52:21,747] - logger.py] - INFO: 个人页面-第一个结果 is display
[2020-03-21 20:52:22,477] - logger.py] - INFO: 个人页面-详细地址 is display
[2020-03-21 20:52:22,592] - logger.py] - INFO: 个人页面-设置默认地址 is display
[2020-03-21 20:52:23,223] - logger.py] - INFO: 个人页面-完成添加地址 is display
[2020-03-21 20:52:24,392] - logger.py] - INFO: Click back on current page.
[2020-03-21 20:52:24,492] - logger.py] - INFO: Click back on current page.
[2020-03-21 20:52:24,511] - logger.py] - INFO: 个人页面-环保回收页 is display
[2020-03-21 20:52:26,641] - logger.py] - INFO: 环保回收-选择发起回收地址 is display
[2020-03-21 20:52:27,827] - logger.py] - INFO: 环保回收-广州 is display
[2020-03-21 20:52:28,647] - logger.py] - INFO: 环保回收-第一个回收品类 is display
[2020-03-21 20:52:29,501] - logger.py] - INFO: 环保回收-下单时输入回收重量 is display
[2020-03-21 20:52:30,110] - logger.py] - INFO: 环保回收-下单时输入回收重量 is display
[2020-03-21 20:52:30,300] - logger.py] - INFO: 环保回收-确定回收品类数量 is display
[2020-03-21 20:52:30,991] - logger.py] - INFO: 环保回收-选择上门取件时间 is display
[2020-03-21 20:52:32,215] - logger.py] - INFO: 环保回收-确定上门取件时间 is display
[2020-03-21 20:52:32,950] - logger.py] - INFO: 环保回收-确定预约 is display
[2020-03-21 20:52:34,238] - logger.py] - INFO: 环保回收-分享成就 is display
[2020-03-21 20:52:36,441] - logger.py] - INFO: Click back on current page.
[2020-03-21 20:52:37,546] - logger.py] - INFO: 支持项目is exist!
[2020-03-21 20:52:37,683] - logger.py] - INFO: 环保回收-支持项目 is display
[2020-03-21 20:52:38,792] - logger.py] - INFO: 环保回收-查看订单 is display
[2020-03-21 20:52:52,351] - logger.py] - INFO: 环保回收-回到首页 is not display
[2020-03-21 20:53:03,123] - logger.py] - INFO: 个人页面-个人模块 is not display
[2020-03-21 20:54:31,745] - logger.py] - INFO: 个人页面-个人模块 is display
[2020-03-21 20:54:33,911] - logger.py] - INFO: 个人页面-登录按钮 is display
[2020-03-21 20:54:34,656] - logger.py] - INFO: 个人页面-输入手机号 is display
[2020-03-21 20:54:34,800] - logger.py] - INFO: 个人页面-发送验证码 is display
[2020-03-21 20:54:36,906] - logger.py] - INFO: 个人页面-数字1 is display
[2020-03-21 20:54:37,101] - logger.py] - INFO: 个人页面-数字2 is display
[2020-03-21 20:54:37,198] - logger.py] - INFO: 个人页面-数字3 is display
[2020-03-21 20:54:37,308] - logger.py] - INFO: 个人页面-数字4 is display
[2020-03-21 20:54:37,425] - logger.py] - INFO: 个人页面-数字5 is display
[2020-03-21 20:54:37,550] - logger.py] - INFO: 个人页面-数字6 is display
[2020-03-21 20:54:38,679] - logger.py] - INFO: 个人页面-引导图图层 is display
[2020-03-21 20:54:39,937] - logger.py] - INFO: 个人页面-用户头像 is display
[2020-03-21 20:54:42,222] - logger.py] - INFO: 个人页面-我的地址 is display
[2020-03-21 20:54:44,463] - logger.py] - INFO: Element is exist!
[2020-03-21 20:54:44,556] - logger.py] - INFO: 个人页面-添加地址 is display
[2020-03-21 20:54:45,228] - logger.py] - INFO: 个人页面-联系人 is display
[2020-03-21 20:54:45,402] - logger.py] - INFO: 个人页面-地址 is display
[2020-03-21 20:54:46,561] - logger.py] - INFO: 个人页面-地址选择框 is display
[2020-03-21 20:54:46,834] - logger.py] - INFO: 个人页面-广州 is display
[2020-03-21 20:54:46,926] - logger.py] - INFO: 个人页面-搜索城市 is display
[2020-03-21 20:54:48,035] - logger.py] - INFO: 个人页面-搜索城市 is display
[2020-03-21 20:54:50,226] - logger.py] - INFO: 个人页面-第一个结果 is display
[2020-03-21 20:54:50,952] - logger.py] - INFO: 个人页面-详细地址 is display
[2020-03-21 20:54:51,129] - logger.py] - INFO: 个人页面-设置默认地址 is display
[2020-03-21 20:54:51,776] - logger.py] - INFO: 个人页面-完成添加地址 is display
[2020-03-21 20:54:53,008] - logger.py] - INFO: Click back on current page.
[2020-03-21 20:54:53,110] - logger.py] - INFO: Click back on current page.
[2020-03-21 20:54:53,124] - logger.py] - INFO: 个人页面-环保回收页 is display
[2020-03-21 20:54:55,246] - logger.py] - INFO: 环保回收-选择发起回收地址 is display
[2020-03-21 20:54:56,468] - logger.py] - INFO: 环保回收-广州 is display
[2020-03-21 20:54:57,249] - logger.py] - INFO: 环保回收-第一个回收品类 is display
[2020-03-21 20:54:58,082] - logger.py] - INFO: 环保回收-下单时输入回收重量 is display
[2020-03-21 20:54:58,694] - logger.py] - INFO: 环保回收-下单时输入回收重量 is display
[2020-03-21 20:54:58,945] - logger.py] - INFO: 环保回收-确定回收品类数量 is display
[2020-03-21 20:54:59,593] - logger.py] - INFO: 环保回收-选择上门取件时间 is display
[2020-03-21 20:55:00,863] - logger.py] - INFO: 环保回收-确定上门取件时间 is display
[2020-03-21 20:55:01,557] - logger.py] - INFO: 环保回收-确定预约 is display
[2020-03-21 20:58:46,507] - logger.py] - INFO: 个人页面-个人模块 is display
[2020-03-21 20:58:48,726] - logger.py] - INFO: 个人页面-登录按钮 is display
[2020-03-21 20:58:49,464] - logger.py] - INFO: 个人页面-输入手机号 is display
[2020-03-21 20:58:49,652] - logger.py] - INFO: 个人页面-发送验证码 is display
[2020-03-21 20:58:51,771] - logger.py] - INFO: 个人页面-数字1 is display
[2020-03-21 20:58:51,976] - logger.py] - INFO: 个人页面-数字2 is display
[2020-03-21 20:58:52,107] - logger.py] - INFO: 个人页面-数字3 is display
[2020-03-21 20:58:52,220] - logger.py] - INFO: 个人页面-数字4 is display
[2020-03-21 20:58:52,343] - logger.py] - INFO: 个人页面-数字5 is display
[2020-03-21 20:58:52,458] - logger.py] - INFO: 个人页面-数字6 is display
[2020-03-21 20:58:53,591] - logger.py] - INFO: 个人页面-引导图图层 is display
[2020-03-21 20:58:54,830] - logger.py] - INFO: 个人页面-用户头像 is display
[2020-03-21 20:58:57,093] - logger.py] - INFO: 个人页面-我的地址 is display
[2020-03-21 20:58:59,307] - logger.py] - INFO: Element is exist!
[2020-03-21 20:58:59,385] - logger.py] - INFO: 个人页面-添加地址 is display
[2020-03-21 20:59:00,064] - logger.py] - INFO: 个人页面-联系人 is display
[2020-03-21 20:59:00,249] - logger.py] - INFO: 个人页面-地址 is display
[2020-03-21 20:59:01,398] - logger.py] - INFO: 个人页面-地址选择框 is display
[2020-03-21 20:59:01,699] - logger.py] - INFO: 个人页面-广州 is display
[2020-03-21 20:59:01,814] - logger.py] - INFO: 个人页面-搜索城市 is display
[2020-03-21 20:59:02,943] - logger.py] - INFO: 个人页面-搜索城市 is display
[2020-03-21 20:59:05,157] - logger.py] - INFO: 个人页面-第一个结果 is display
[2020-03-21 20:59:05,930] - logger.py] - INFO: 个人页面-详细地址 is display
[2020-03-21 20:59:06,113] - logger.py] - INFO: 个人页面-设置默认地址 is display
[2020-03-21 20:59:06,749] - logger.py] - INFO: 个人页面-完成添加地址 is display
[2020-03-21 20:59:07,998] - logger.py] - INFO: Click back on current page.
[2020-03-21 20:59:08,032] - logger.py] - INFO: Click back on current page.
[2020-03-21 20:59:08,048] - logger.py] - INFO: 个人页面-环保回收页 is display
[2020-03-21 20:59:10,172] - logger.py] - INFO: 环保回收-选择发起回收地址 is display
[2020-03-21 20:59:11,374] - logger.py] - INFO: 环保回收-广州 is display
[2020-03-21 20:59:12,283] - logger.py] - INFO: 环保回收-第一个回收品类 is display
[2020-03-21 20:59:13,153] - logger.py] - INFO: 环保回收-下单时输入回收重量 is display
[2020-03-21 20:59:13,714] - logger.py] - INFO: 环保回收-下单时输入回收重量 is display
[2020-03-21 20:59:13,950] - logger.py] - INFO: 环保回收-确定回收品类数量 is display
[2020-03-21 20:59:14,673] - logger.py] - INFO: 环保回收-选择上门取件时间 is display
[2020-03-21 20:59:15,852] - logger.py] - INFO: 环保回收-确定上门取件时间 is display
[2020-03-21 20:59:16,571] - logger.py] - INFO: 环保回收-确定预约 is display
[2020-03-21 21:00:10,886] - logger.py] - INFO: 个人页面-个人模块 is display
[2020-03-21 21:00:13,115] - logger.py] - INFO: 个人页面-登录按钮 is display
[2020-03-21 21:00:13,847] - logger.py] - INFO: 个人页面-输入手机号 is display
[2020-03-21 21:00:14,002] - logger.py] - INFO: 个人页面-发送验证码 is display
[2020-03-21 21:00:16,119] - logger.py] - INFO: 个人页面-数字1 is display
[2020-03-21 21:00:16,320] - logger.py] - INFO: 个人页面-数字2 is display
[2020-03-21 21:00:16,421] - logger.py] - INFO: 个人页面-数字3 is display
[2020-03-21 21:00:16,508] - logger.py] - INFO: 个人页面-数字4 is display
[2020-03-21 21:00:16,594] - logger.py] - INFO: 个人页面-数字5 is display
[2020-03-21 21:00:16,686] - logger.py] - INFO: 个人页面-数字6 is display
[2020-03-21 21:00:17,797] - logger.py] - INFO: 个人页面-引导图图层 is display
[2020-03-21 21:00:19,064] - logger.py] - INFO: 个人页面-用户头像 is display
[2020-03-21 21:00:21,357] - logger.py] - INFO: 个人页面-我的地址 is display
[2020-03-21 21:00:23,583] - logger.py] - INFO: Element is exist!
[2020-03-21 21:00:23,672] - logger.py] - INFO: 个人页面-添加地址 is display
[2020-03-21 21:00:24,325] - logger.py] - INFO: 个人页面-联系人 is display
[2020-03-21 21:00:24,508] - logger.py] - INFO: 个人页面-地址 is display
[2020-03-21 21:00:25,655] - logger.py] - INFO: 个人页面-地址选择框 is display
[2020-03-21 21:00:25,957] - logger.py] - INFO: 个人页面-广州 is display
[2020-03-21 21:00:26,056] - logger.py] - INFO: 个人页面-搜索城市 is display
[2020-03-21 21:00:27,183] - logger.py] - INFO: 个人页面-搜索城市 is display
[2020-03-21 21:00:29,351] - logger.py] - INFO: 个人页面-第一个结果 is display
[2020-03-21 21:00:30,119] - logger.py] - INFO: 个人页面-详细地址 is display
[2020-03-21 21:00:30,217] - logger.py] - INFO: 个人页面-设置默认地址 is display
[2020-03-21 21:00:30,840] - logger.py] - INFO: 个人页面-完成添加地址 is display
[2020-03-21 21:00:32,074] - logger.py] - INFO: Click back on current page.
[2020-03-21 21:00:32,180] - logger.py] - INFO: Click back on current page.
[2020-03-21 21:00:32,198] - logger.py] - INFO: 个人页面-环保回收页 is display
[2020-03-21 21:00:34,317] - logger.py] - INFO: 环保回收-选择发起回收地址 is display
[2020-03-21 21:00:35,508] - logger.py] - INFO: 环保回收-广州 is display
[2020-03-21 21:00:36,236] - logger.py] - INFO: 环保回收-第一个回收品类 is display
[2020-03-21 21:00:47,172] - logger.py] - INFO: 环保回收-下单时输入回收重量 is not display
[2020-03-21 21:01:22,920] - logger.py] - INFO: 个人页面-个人模块 is display
[2020-03-21 21:01:26,774] - logger.py] - INFO: 个人页面-登录按钮 is display
[2020-03-21 21:01:29,054] - logger.py] - INFO: 个人页面-输入手机号 is display
[2020-03-21 21:01:29,215] - logger.py] - INFO: 个人页面-发送验证码 is display
[2020-03-21 21:01:31,329] - logger.py] - INFO: 个人页面-数字1 is display
[2020-03-21 21:01:31,530] - logger.py] - INFO: 个人页面-数字2 is display
[2020-03-21 21:01:31,658] - logger.py] - INFO: 个人页面-数字3 is display
[2020-03-21 21:01:31,793] - logger.py] - INFO: 个人页面-数字4 is display
[2020-03-21 21:01:31,940] - logger.py] - INFO: 个人页面-数字5 is display
[2020-03-21 21:01:32,078] - logger.py] - INFO: 个人页面-数字6 is display
[2020-03-21 21:01:33,201] - logger.py] - INFO: 个人页面-引导图图层 is display
[2020-03-21 21:01:34,444] - logger.py] - INFO: 个人页面-用户头像 is display
[2020-03-21 21:01:36,723] - logger.py] - INFO: 个人页面-我的地址 is display
[2020-03-21 21:01:38,936] - logger.py] - INFO: Element is exist!
[2020-03-21 21:01:39,018] - logger.py] - INFO: 个人页面-添加地址 is display
[2020-03-21 21:01:39,722] - logger.py] - INFO: 个人页面-联系人 is display
[2020-03-21 21:01:39,837] - logger.py] - INFO: 个人页面-地址 is display
[2020-03-21 21:01:40,962] - logger.py] - INFO: 个人页面-地址选择框 is display
[2020-03-21 21:01:41,284] - logger.py] - INFO: 个人页面-广州 is display
[2020-03-21 21:01:41,600] - logger.py] - INFO: 个人页面-搜索城市 is display
[2020-03-21 21:01:42,723] - logger.py] - INFO: 个人页面-搜索城市 is display
[2020-03-21 21:01:44,890] - logger.py] - INFO: 个人页面-第一个结果 is display
[2020-03-21 21:01:45,616] - logger.py] - INFO: 个人页面-详细地址 is display
[2020-03-21 21:01:45,743] - logger.py] - INFO: 个人页面-设置默认地址 is display
[2020-03-21 21:01:46,372] - logger.py] - INFO: 个人页面-完成添加地址 is display
[2020-03-21 21:01:47,621] - logger.py] - INFO: Click back on current page.
[2020-03-21 21:01:47,726] - logger.py] - INFO: Click back on current page.
[2020-03-21 21:01:47,745] - logger.py] - INFO: 个人页面-环保回收页 is display
[2020-03-21 21:01:49,877] - logger.py] - INFO: 环保回收-选择发起回收地址 is display
[2020-03-21 21:01:51,084] - logger.py] - INFO: 环保回收-广州 is display
[2020-03-21 21:01:51,840] - logger.py] - INFO: 环保回收-第一个回收品类 is display
[2020-03-21 21:01:52,798] - logger.py] - INFO: 环保回收-下单时输入回收重量 is display
[2020-03-21 21:01:53,388] - logger.py] - INFO: 环保回收-下单时输入回收重量 is display
[2020-03-21 21:01:53,620] - logger.py] - INFO: 环保回收-确定回收品类数量 is display
[2020-03-21 21:01:54,325] - logger.py] - INFO: 环保回收-选择上门取件时间 is display
[2020-03-21 21:01:55,508] - logger.py] - INFO: 环保回收-确定上门取件时间 is display
[2020-03-21 21:01:56,241] - logger.py] - INFO: 环保回收-确定预约 is display
[2020-03-21 21:04:00,624] - logger.py] - INFO: 个人页面-个人模块 is display
[2020-03-21 21:04:02,857] - logger.py] - INFO: 个人页面-登录按钮 is display
[2020-03-21 21:04:03,579] - logger.py] - INFO: 个人页面-输入手机号 is display
[2020-03-21 21:04:03,788] - logger.py] - INFO: 个人页面-发送验证码 is display
[2020-03-21 21:04:05,928] - logger.py] - INFO: 个人页面-数字1 is display
[2020-03-21 21:04:06,138] - logger.py] - INFO: 个人页面-数字2 is display
[2020-03-21 21:04:06,253] - logger.py] - INFO: 个人页面-数字3 is display
[2020-03-21 21:04:06,368] - logger.py] - INFO: 个人页面-数字4 is display
[2020-03-21 21:04:06,463] - logger.py] - INFO: 个人页面-数字5 is display
[2020-03-21 21:04:06,552] - logger.py] - INFO: 个人页面-数字6 is display
[2020-03-21 21:04:07,663] - logger.py] - INFO: 个人页面-引导图图层 is display
[2020-03-21 21:04:08,889] - logger.py] - INFO: 个人页面-用户头像 is display
[2020-03-21 21:04:11,152] - logger.py] - INFO: 个人页面-我的地址 is display
[2020-03-21 21:04:13,385] - logger.py] - INFO: Element is exist!
[2020-03-21 21:04:13,479] - logger.py] - INFO: 个人页面-添加地址 is display
[2020-03-21 21:04:24,575] - logger.py] - INFO: 个人页面-联系人 is not display
[2020-03-21 21:04:35,356] - logger.py] - INFO: 环保回收-第一个回收品类 is not display
[2020-03-21 21:05:25,466] - logger.py] - INFO: 个人页面-个人模块 is display
[2020-03-21 21:05:27,636] - logger.py] - INFO: 个人页面-登录按钮 is display
[2020-03-21 21:05:28,370] - logger.py] - INFO: 个人页面-输入手机号 is display
[2020-03-21 21:05:28,554] - logger.py] - INFO: 个人页面-发送验证码 is display
[2020-03-21 21:05:30,684] - logger.py] - INFO: 个人页面-数字1 is display
[2020-03-21 21:05:30,883] - logger.py] - INFO: 个人页面-数字2 is display
[2020-03-21 21:05:31,005] - logger.py] - INFO: 个人页面-数字3 is display
[2020-03-21 21:05:31,133] - logger.py] - INFO: 个人页面-数字4 is display
[2020-03-21 21:05:31,260] - logger.py] - INFO: 个人页面-数字5 is display
[2020-03-21 21:05:31,394] - logger.py] - INFO: 个人页面-数字6 is display
[2020-03-21 21:05:32,526] - logger.py] - INFO: 个人页面-引导图图层 is display
[2020-03-21 21:05:33,775] - logger.py] - INFO: 个人页面-用户头像 is display
[2020-03-21 21:05:36,017] - logger.py] - INFO: 个人页面-我的地址 is display
[2020-03-21 21:05:38,259] - logger.py] - INFO: Element is exist!
[2020-03-21 21:05:38,348] - logger.py] - INFO: 个人页面-添加地址 is display
[2020-03-21 21:05:39,028] - logger.py] - INFO: 个人页面-联系人 is display
[2020-03-21 21:05:39,213] - logger.py] - INFO: 个人页面-地址 is display
[2020-03-21 21:05:40,341] - logger.py] - INFO: 个人页面-地址选择框 is display
[2020-03-21 21:05:40,641] - logger.py] - INFO: 个人页面-广州 is display
[2020-03-21 21:05:40,764] - logger.py] - INFO: 个人页面-搜索城市 is display
[2020-03-21 21:05:41,887] - logger.py] - INFO: 个人页面-搜索城市 is display
[2020-03-21 21:05:44,052] - logger.py] - INFO: 个人页面-第一个结果 is display
[2020-03-21 21:05:44,781] - logger.py] - INFO: 个人页面-详细地址 is display
[2020-03-21 21:05:44,942] - logger.py] - INFO: 个人页面-设置默认地址 is display
[2020-03-21 21:05:45,566] - logger.py] - INFO: 个人页面-完成添加地址 is display
[2020-03-21 21:05:46,817] - logger.py] - INFO: Click back on current page.
[2020-03-21 21:05:46,874] - logger.py] - INFO: Click back on current page.
[2020-03-21 21:05:46,893] - logger.py] - INFO: 个人页面-环保回收页 is display
[2020-03-21 21:05:49,018] - logger.py] - INFO: 环保回收-选择发起回收地址 is display
[2020-03-21 21:05:50,247] - logger.py] - INFO: 环保回收-广州 is display
[2020-03-21 21:05:50,982] - logger.py] - INFO: 环保回收-第一个回收品类 is display
[2020-03-21 21:05:52,269] - logger.py] - INFO: 环保回收-下单时输入回收重量 is display
[2020-03-21 21:05:52,917] - logger.py] - INFO: 环保回收-下单时输入回收重量 is display
[2020-03-21 21:05:53,204] - logger.py] - INFO: 环保回收-确定回收品类数量 is display
[2020-03-21 21:05:54,372] - logger.py] - INFO: 环保回收-选择上门取件时间 is display
[2020-03-21 21:05:55,603] - logger.py] - INFO: 环保回收-确定上门取件时间 is display
[2020-03-21 21:05:56,348] - logger.py] - INFO: 环保回收-确定预约 is display
[2020-03-21 21:05:59,609] - logger.py] - INFO: 支持项目is exist!
[2020-03-21 21:05:59,728] - logger.py] - INFO: 环保回收-支持项目 is display
[2020-03-21 21:06:00,877] - logger.py] - INFO: 环保回收-确认捐赠 is display
[2020-03-21 21:06:01,162] - logger.py] - INFO: 环保回收-查看订单 is display
[2020-03-21 21:06:04,413] - logger.py] - INFO: 环保回收-回到首页 is display
[2020-03-21 21:06:04,647] - logger.py] - INFO: 个人页面-个人模块 is display
[2020-03-21 21:06:06,890] - logger.py] - INFO: 个人页面-回收订单 is display
[2020-03-21 21:06:09,123] - logger.py] - INFO: Click back on current page.
