[2020-03-17 21:44:49,979] - logger.py] - INFO: 个人页面-噢啦爱心首页 is display
[2020-03-17 21:44:53,172] - logger.py] - INFO: 噢啦爱心-热门活动 is display
[2020-03-17 21:44:54,312] - logger.py] - INFO: 噢啦爱心-第一个热门活动 is display
[2020-03-17 21:44:54,465] - logger.py] - INFO: Click back on current page.
[2020-03-17 21:44:55,028] - logger.py] - INFO: Click back on current page.
[2020-03-17 21:46:30,180] - logger.py] - INFO: 个人页面-噢啦爱心首页 is display
[2020-03-17 21:46:33,413] - logger.py] - INFO: 噢啦爱心-热门活动 is display
[2020-03-17 21:46:34,635] - logger.py] - INFO: 噢啦爱心-第一个热门活动 is display
[2020-03-17 21:46:34,812] - logger.py] - INFO: Click back on current page.
[2020-03-17 21:48:58,023] - logger.py] - INFO: 个人页面-噢啦爱心首页 is display
[2020-03-17 21:49:01,194] - logger.py] - INFO: 噢啦爱心-热门活动 is display
[2020-03-17 21:49:02,430] - logger.py] - INFO: 噢啦爱心-第一个热门活动 is display
[2020-03-17 21:49:03,654] - logger.py] - INFO: Click back on current page.
[2020-03-17 21:50:17,910] - logger.py] - INFO: 个人页面-噢啦爱心首页 is display
[2020-03-17 21:50:21,153] - logger.py] - INFO: 噢啦爱心-热门活动 is display
[2020-03-17 21:50:22,385] - logger.py] - INFO: 噢啦爱心-第一个热门活动 is display
[2020-03-17 21:50:23,503] - logger.py] - INFO: Click back on current page.
[2020-03-17 21:51:35,073] - logger.py] - INFO: 个人页面-噢啦爱心首页 is display
[2020-03-17 21:51:38,549] - logger.py] - INFO: 噢啦爱心-热门活动 is display
[2020-03-17 21:51:39,751] - logger.py] - INFO: 噢啦爱心-第一个热门活动 is display
[2020-03-17 21:51:40,963] - logger.py] - INFO: Click back on current page.
[2020-03-17 21:51:42,067] - logger.py] - INFO: Click back on current page.
[2020-03-17 21:52:47,611] - logger.py] - INFO: 个人页面-噢啦爱心首页 is display
[2020-03-17 21:52:50,814] - logger.py] - INFO: 噢啦爱心-热门活动 is display
[2020-03-17 21:52:52,000] - logger.py] - INFO: 噢啦爱心-第二个热门活动 is display
[2020-03-17 21:52:53,142] - logger.py] - INFO: Click back on current page.
[2020-03-17 21:52:54,263] - logger.py] - INFO: Click back on current page.
[2020-03-17 21:54:12,688] - logger.py] - INFO: 噢啦爱心-热门活动 is display
[2020-03-17 21:54:14,152] - logger.py] - INFO: 噢啦爱心-第二个热门活动 is display
[2020-03-17 21:54:15,361] - logger.py] - INFO: Click back on current page.
[2020-03-17 21:54:16,469] - logger.py] - INFO: Click back on current page.
[2020-03-17 21:56:53,550] - logger.py] - INFO: 噢啦爱心-热门活动 is display
[2020-03-17 21:56:54,934] - logger.py] - INFO: 噢啦爱心-第二个热门活动 is display
[2020-03-17 21:56:56,119] - logger.py] - INFO: Click back on current page.
[2020-03-17 21:56:57,236] - logger.py] - INFO: Click back on current page.
[2020-03-17 23:06:23,140] - logger.py] - INFO: 个人页面-个人模块 is display
[2020-03-17 23:06:26,354] - logger.py] - INFO: 个人页面-登录按钮 is display
[2020-03-17 23:06:27,498] - logger.py] - INFO: 个人页面-输入手机号 is display
[2020-03-17 23:06:27,637] - logger.py] - INFO: 个人页面-发送验证码 is display
[2020-03-17 23:06:30,729] - logger.py] - INFO: 个人页面-数字1 is display
[2020-03-17 23:06:30,869] - logger.py] - INFO: 个人页面-数字2 is display
[2020-03-17 23:06:30,959] - logger.py] - INFO: 个人页面-数字3 is display
[2020-03-17 23:06:31,063] - logger.py] - INFO: 个人页面-数字4 is display
[2020-03-17 23:06:31,174] - logger.py] - INFO: 个人页面-数字5 is display
[2020-03-17 23:06:31,290] - logger.py] - INFO: 个人页面-数字6 is display
[2020-03-17 23:06:32,423] - logger.py] - INFO: 个人页面-引导图图层 is display
[2020-03-17 23:08:16,450] - logger.py] - INFO: 个人页面-个人模块 is display
[2020-03-17 23:08:19,690] - logger.py] - INFO: 个人页面-登录按钮 is display
[2020-03-17 23:08:22,451] - logger.py] - INFO: 个人页面-输入手机号 is display
[2020-03-17 23:08:22,614] - logger.py] - INFO: 个人页面-发送验证码 is display
[2020-03-17 23:08:25,736] - logger.py] - INFO: 个人页面-数字1 is display
[2020-03-17 23:08:25,947] - logger.py] - INFO: 个人页面-数字2 is display
[2020-03-17 23:08:26,077] - logger.py] - INFO: 个人页面-数字3 is display
[2020-03-17 23:08:26,194] - logger.py] - INFO: 个人页面-数字4 is display
[2020-03-17 23:08:26,306] - logger.py] - INFO: 个人页面-数字5 is display
[2020-03-17 23:08:26,393] - logger.py] - INFO: 个人页面-数字6 is display
[2020-03-17 23:08:27,492] - logger.py] - INFO: 个人页面-引导图图层 is display
[2020-03-17 23:09:35,392] - logger.py] - INFO: 个人页面-个人模块 is display
[2020-03-17 23:09:38,647] - logger.py] - INFO: 个人页面-登录按钮 is display
[2020-03-17 23:09:39,854] - logger.py] - INFO: 个人页面-输入手机号 is display
[2020-03-17 23:09:40,033] - logger.py] - INFO: 个人页面-发送验证码 is display
[2020-03-17 23:09:43,150] - logger.py] - INFO: 个人页面-数字1 is display
[2020-03-17 23:09:43,357] - logger.py] - INFO: 个人页面-数字2 is display
[2020-03-17 23:09:43,500] - logger.py] - INFO: 个人页面-数字3 is display
[2020-03-17 23:09:43,640] - logger.py] - INFO: 个人页面-数字4 is display
[2020-03-17 23:09:43,776] - logger.py] - INFO: 个人页面-数字5 is display
[2020-03-17 23:09:43,878] - logger.py] - INFO: 个人页面-数字6 is display
[2020-03-17 23:09:45,003] - logger.py] - INFO: 个人页面-引导图图层 is display
[2020-03-17 23:09:47,273] - logger.py] - INFO: 个人页面-用户头像 is display
[2020-03-17 23:16:55,298] - logger.py] - INFO: 个人页面-个人模块 is display
[2020-03-17 23:16:58,516] - logger.py] - INFO: 个人页面-登录按钮 is display
[2020-03-17 23:16:59,700] - logger.py] - INFO: 个人页面-输入手机号 is display
[2020-03-17 23:16:59,885] - logger.py] - INFO: 个人页面-发送验证码 is display
[2020-03-17 23:17:02,982] - logger.py] - INFO: 个人页面-数字1 is display
[2020-03-17 23:17:03,152] - logger.py] - INFO: 个人页面-数字2 is display
[2020-03-17 23:17:03,246] - logger.py] - INFO: 个人页面-数字3 is display
[2020-03-17 23:17:03,338] - logger.py] - INFO: 个人页面-数字4 is display
[2020-03-17 23:17:03,437] - logger.py] - INFO: 个人页面-数字5 is display
[2020-03-17 23:17:03,527] - logger.py] - INFO: 个人页面-数字6 is display
[2020-03-17 23:17:04,638] - logger.py] - INFO: 个人页面-引导图图层 is display
[2020-03-17 23:17:06,846] - logger.py] - INFO: 个人页面-用户头像 is display
[2020-03-17 23:20:14,597] - logger.py] - INFO: 个人页面-个人模块 is display
[2020-03-17 23:20:17,847] - logger.py] - INFO: 个人页面-登录按钮 is display
[2020-03-17 23:20:19,083] - logger.py] - INFO: 个人页面-输入手机号 is display
[2020-03-17 23:20:19,303] - logger.py] - INFO: 个人页面-发送验证码 is display
[2020-03-17 23:20:22,433] - logger.py] - INFO: 个人页面-数字1 is display
[2020-03-17 23:20:22,619] - logger.py] - INFO: 个人页面-数字2 is display
[2020-03-17 23:20:22,744] - logger.py] - INFO: 个人页面-数字3 is display
[2020-03-17 23:20:22,866] - logger.py] - INFO: 个人页面-数字4 is display
[2020-03-17 23:20:22,989] - logger.py] - INFO: 个人页面-数字5 is display
[2020-03-17 23:20:23,101] - logger.py] - INFO: 个人页面-数字6 is display
[2020-03-17 23:20:24,218] - logger.py] - INFO: 个人页面-引导图图层 is display
[2020-03-17 23:20:26,457] - logger.py] - INFO: 个人页面-用户头像 is display
[2020-03-17 23:22:14,854] - logger.py] - INFO: 个人页面-个人模块 is display
[2020-03-17 23:22:18,091] - logger.py] - INFO: 个人页面-登录按钮 is display
[2020-03-17 23:22:19,287] - logger.py] - INFO: 个人页面-输入手机号 is display
[2020-03-17 23:22:19,457] - logger.py] - INFO: 个人页面-发送验证码 is display
[2020-03-17 23:22:22,569] - logger.py] - INFO: 个人页面-数字1 is display
[2020-03-17 23:22:22,758] - logger.py] - INFO: 个人页面-数字2 is display
[2020-03-17 23:22:22,876] - logger.py] - INFO: 个人页面-数字3 is display
[2020-03-17 23:22:22,979] - logger.py] - INFO: 个人页面-数字4 is display
[2020-03-17 23:22:23,068] - logger.py] - INFO: 个人页面-数字5 is display
[2020-03-17 23:22:23,174] - logger.py] - INFO: 个人页面-数字6 is display
[2020-03-17 23:22:24,295] - logger.py] - INFO: 个人页面-引导图图层 is display
[2020-03-17 23:22:26,543] - logger.py] - INFO: 个人页面-用户头像 is display
[2020-03-17 23:27:08,918] - logger.py] - INFO: 个人页面-个人模块 is display
[2020-03-17 23:27:12,397] - logger.py] - INFO: 个人页面-登录按钮 is display
[2020-03-17 23:27:13,747] - logger.py] - INFO: 个人页面-输入手机号 is display
[2020-03-17 23:27:13,929] - logger.py] - INFO: 个人页面-发送验证码 is display
[2020-03-17 23:27:17,035] - logger.py] - INFO: 个人页面-数字1 is display
[2020-03-17 23:27:17,175] - logger.py] - INFO: 个人页面-数字2 is display
[2020-03-17 23:27:17,285] - logger.py] - INFO: 个人页面-数字3 is display
[2020-03-17 23:27:17,404] - logger.py] - INFO: 个人页面-数字4 is display
[2020-03-17 23:27:17,533] - logger.py] - INFO: 个人页面-数字5 is display
[2020-03-17 23:27:17,635] - logger.py] - INFO: 个人页面-数字6 is display
[2020-03-17 23:27:18,752] - logger.py] - INFO: 个人页面-引导图图层 is display
[2020-03-17 23:27:21,026] - logger.py] - INFO: 个人页面-用户头像 is display
[2020-03-17 23:30:30,187] - logger.py] - INFO: 个人页面-登录按钮 is not display
[2020-03-17 23:32:34,902] - logger.py] - INFO: 个人页面-登录按钮 is not display
[2020-03-17 23:34:02,277] - logger.py] - INFO: 个人页面-个人模块 is display
[2020-03-17 23:34:05,445] - logger.py] - INFO: 个人页面-登录按钮 is display
[2020-03-17 23:34:06,662] - logger.py] - INFO: 个人页面-输入手机号 is display
[2020-03-17 23:34:06,798] - logger.py] - INFO: 个人页面-发送验证码 is display
[2020-03-17 23:34:09,902] - logger.py] - INFO: 个人页面-数字1 is display
[2020-03-17 23:34:10,049] - logger.py] - INFO: 个人页面-数字2 is display
[2020-03-17 23:34:10,142] - logger.py] - INFO: 个人页面-数字3 is display
[2020-03-17 23:34:10,245] - logger.py] - INFO: 个人页面-数字4 is display
[2020-03-17 23:34:10,353] - logger.py] - INFO: 个人页面-数字5 is display
[2020-03-17 23:34:10,482] - logger.py] - INFO: 个人页面-数字6 is display
[2020-03-17 23:34:11,613] - logger.py] - INFO: 个人页面-引导图图层 is display
[2020-03-17 23:34:13,858] - logger.py] - INFO: 个人页面-用户头像 is display
[2020-03-17 23:35:05,499] - logger.py] - INFO: 个人页面-个人模块 is display
[2020-03-17 23:35:08,668] - logger.py] - INFO: 个人页面-登录按钮 is display
[2020-03-17 23:35:09,895] - logger.py] - INFO: 个人页面-输入手机号 is display
[2020-03-17 23:35:10,029] - logger.py] - INFO: 个人页面-发送验证码 is display
[2020-03-17 23:35:13,135] - logger.py] - INFO: 个人页面-数字1 is display
[2020-03-17 23:35:13,313] - logger.py] - INFO: 个人页面-数字2 is display
[2020-03-17 23:35:13,410] - logger.py] - INFO: 个人页面-数字3 is display
[2020-03-17 23:35:13,506] - logger.py] - INFO: 个人页面-数字4 is display
[2020-03-17 23:35:13,595] - logger.py] - INFO: 个人页面-数字5 is display
[2020-03-17 23:35:13,684] - logger.py] - INFO: 个人页面-数字6 is display
[2020-03-17 23:35:14,775] - logger.py] - INFO: 个人页面-引导图图层 is display
[2020-03-17 23:36:37,798] - logger.py] - INFO: 个人页面-个人模块 is display
[2020-03-17 23:36:41,291] - logger.py] - INFO: 个人页面-登录按钮 is display
[2020-03-17 23:36:42,511] - logger.py] - INFO: 个人页面-输入手机号 is display
[2020-03-17 23:36:42,678] - logger.py] - INFO: 个人页面-发送验证码 is display
[2020-03-17 23:36:45,780] - logger.py] - INFO: 个人页面-数字1 is display
[2020-03-17 23:36:45,926] - logger.py] - INFO: 个人页面-数字2 is display
[2020-03-17 23:36:46,015] - logger.py] - INFO: 个人页面-数字3 is display
[2020-03-17 23:36:46,105] - logger.py] - INFO: 个人页面-数字4 is display
[2020-03-17 23:36:46,199] - logger.py] - INFO: 个人页面-数字5 is display
[2020-03-17 23:36:46,290] - logger.py] - INFO: 个人页面-数字6 is display
[2020-03-17 23:36:47,923] - logger.py] - INFO: 个人页面-引导图图层 is display
[2020-03-17 23:36:50,193] - logger.py] - INFO: 个人页面-用户头像 is display
