[2020-03-19 10:32:35,502] - logger.py] - INFO: 个人页面-个人模块 is display
[2020-03-19 10:32:38,623] - logger.py] - INFO: 个人页面-登录按钮 is display
[2020-03-19 10:32:39,727] - logger.py] - INFO: 个人页面-输入手机号 is display
[2020-03-19 10:32:39,890] - logger.py] - INFO: 个人页面-发送验证码 is display
[2020-03-19 10:32:42,996] - logger.py] - INFO: 个人页面-数字1 is display
[2020-03-19 10:32:43,096] - logger.py] - INFO: 个人页面-数字2 is display
[2020-03-19 10:32:43,194] - logger.py] - INFO: 个人页面-数字3 is display
[2020-03-19 10:32:43,293] - logger.py] - INFO: 个人页面-数字4 is display
[2020-03-19 10:32:43,392] - logger.py] - INFO: 个人页面-数字5 is display
[2020-03-19 10:32:43,491] - logger.py] - INFO: 个人页面-数字6 is display
[2020-03-19 10:32:44,596] - logger.py] - INFO: 个人页面-引导图图层 is display
[2020-03-19 10:32:45,724] - logger.py] - INFO: 个人页面-噢啦爱心首页 is display
[2020-03-19 10:32:47,867] - logger.py] - INFO: 噢啦爱心-爱心项目 is display
[2020-03-19 10:32:47,975] - logger.py] - INFO: 噢啦爱心-爱心项目 is display
[2020-03-19 10:32:58,232] - logger.py] - INFO: 噢啦爱心-项目详情页引导图 is not display
[2020-03-19 10:35:01,206] - logger.py] - INFO: 个人页面-个人模块 is display
[2020-03-19 10:35:04,318] - logger.py] - INFO: 个人页面-登录按钮 is display
[2020-03-19 10:35:05,428] - logger.py] - INFO: 个人页面-输入手机号 is display
[2020-03-19 10:35:05,530] - logger.py] - INFO: 个人页面-发送验证码 is display
[2020-03-19 10:35:08,644] - logger.py] - INFO: 个人页面-数字1 is display
[2020-03-19 10:35:08,754] - logger.py] - INFO: 个人页面-数字2 is display
[2020-03-19 10:35:08,854] - logger.py] - INFO: 个人页面-数字3 is display
[2020-03-19 10:35:08,960] - logger.py] - INFO: 个人页面-数字4 is display
[2020-03-19 10:35:09,065] - logger.py] - INFO: 个人页面-数字5 is display
[2020-03-19 10:35:09,167] - logger.py] - INFO: 个人页面-数字6 is display
[2020-03-19 10:35:10,274] - logger.py] - INFO: 个人页面-引导图图层 is display
[2020-03-19 10:35:11,416] - logger.py] - INFO: 个人页面-噢啦爱心首页 is display
[2020-03-19 10:35:13,585] - logger.py] - INFO: 噢啦爱心-爱心项目 is display
[2020-03-19 10:35:16,636] - logger.py] - INFO: 刷新页面
[2020-03-19 10:35:16,656] - logger.py] - INFO: 噢啦爱心-第一个爱心项目 is display
[2020-03-19 10:35:29,776] - logger.py] - INFO: 噢啦爱心-项目详情页引导图 is not display
[2020-03-19 10:37:00,203] - logger.py] - INFO: 个人页面-个人模块 is display
[2020-03-19 10:37:03,315] - logger.py] - INFO: 个人页面-登录按钮 is display
[2020-03-19 10:37:04,457] - logger.py] - INFO: 个人页面-输入手机号 is display
[2020-03-19 10:37:04,583] - logger.py] - INFO: 个人页面-发送验证码 is display
[2020-03-19 10:37:07,690] - logger.py] - INFO: 个人页面-数字1 is display
[2020-03-19 10:37:07,794] - logger.py] - INFO: 个人页面-数字2 is display
[2020-03-19 10:37:07,899] - logger.py] - INFO: 个人页面-数字3 is display
[2020-03-19 10:37:08,002] - logger.py] - INFO: 个人页面-数字4 is display
[2020-03-19 10:37:08,103] - logger.py] - INFO: 个人页面-数字5 is display
[2020-03-19 10:37:08,213] - logger.py] - INFO: 个人页面-数字6 is display
[2020-03-19 10:37:09,325] - logger.py] - INFO: 个人页面-引导图图层 is display
[2020-03-19 10:37:10,466] - logger.py] - INFO: 个人页面-噢啦爱心首页 is display
[2020-03-19 10:37:12,645] - logger.py] - INFO: 噢啦爱心-爱心项目 is display
[2020-03-19 10:37:13,761] - logger.py] - INFO: 噢啦爱心-第一个爱心项目 is display
[2020-03-19 10:37:29,967] - logger.py] - INFO: 刷新页面
[2020-03-19 10:37:29,983] - logger.py] - INFO: 噢啦爱心-支持项目 is display
[2020-03-19 10:37:42,460] - logger.py] - INFO: 噢啦爱心-支持噢啦豆 is not display
[2020-03-19 10:46:56,532] - logger.py] - INFO: 个人页面-个人模块 is display
[2020-03-19 10:46:59,663] - logger.py] - INFO: 个人页面-登录按钮 is display
[2020-03-19 10:47:00,794] - logger.py] - INFO: 个人页面-输入手机号 is display
[2020-03-19 10:47:00,922] - logger.py] - INFO: 个人页面-发送验证码 is display
[2020-03-19 10:47:04,048] - logger.py] - INFO: 个人页面-数字1 is display
[2020-03-19 10:47:04,177] - logger.py] - INFO: 个人页面-数字2 is display
[2020-03-19 10:47:04,293] - logger.py] - INFO: 个人页面-数字3 is display
[2020-03-19 10:47:04,399] - logger.py] - INFO: 个人页面-数字4 is display
[2020-03-19 10:47:04,500] - logger.py] - INFO: 个人页面-数字5 is display
[2020-03-19 10:47:04,602] - logger.py] - INFO: 个人页面-数字6 is display
[2020-03-19 10:47:05,709] - logger.py] - INFO: 个人页面-引导图图层 is display
[2020-03-19 10:47:06,845] - logger.py] - INFO: 个人页面-噢啦爱心首页 is display
[2020-03-19 10:47:09,002] - logger.py] - INFO: 噢啦爱心-爱心项目 is display
[2020-03-19 10:47:10,118] - logger.py] - INFO: 噢啦爱心-第一个爱心项目 is display
[2020-03-19 10:47:26,368] - logger.py] - INFO: 刷新页面
[2020-03-19 10:47:26,395] - logger.py] - INFO: 噢啦爱心-支持项目 is display
[2020-03-19 10:47:28,598] - logger.py] - INFO: 噢啦爱心-支持噢啦豆 is display
[2020-03-19 10:47:28,731] - logger.py] - INFO: 噢啦爱心-支持噢啦豆 is display
[2020-03-19 10:47:29,820] - logger.py] - INFO: 噢啦爱心-支持项目1 is display
[2020-03-19 11:05:37,126] - logger.py] - INFO: 个人页面-个人模块 is display
[2020-03-19 11:05:40,240] - logger.py] - INFO: 个人页面-登录按钮 is display
[2020-03-19 11:05:41,344] - logger.py] - INFO: 个人页面-输入手机号 is display
[2020-03-19 11:05:41,485] - logger.py] - INFO: 个人页面-发送验证码 is display
[2020-03-19 11:05:44,603] - logger.py] - INFO: 个人页面-数字1 is display
[2020-03-19 11:05:44,714] - logger.py] - INFO: 个人页面-数字2 is display
[2020-03-19 11:05:44,818] - logger.py] - INFO: 个人页面-数字3 is display
[2020-03-19 11:05:44,930] - logger.py] - INFO: 个人页面-数字4 is display
[2020-03-19 11:05:45,045] - logger.py] - INFO: 个人页面-数字5 is display
[2020-03-19 11:05:45,149] - logger.py] - INFO: 个人页面-数字6 is display
[2020-03-19 11:05:46,283] - logger.py] - INFO: 个人页面-引导图图层 is display
[2020-03-19 11:05:47,436] - logger.py] - INFO: 个人页面-噢啦爱心首页 is display
[2020-03-19 11:05:49,584] - logger.py] - INFO: 噢啦爱心-爱心项目 is display
[2020-03-19 11:05:50,717] - logger.py] - INFO: 噢啦爱心-第一个爱心项目 is display
[2020-03-19 11:06:06,749] - logger.py] - INFO: 刷新页面
[2020-03-19 11:06:06,779] - logger.py] - INFO: 噢啦爱心-支持项目 is display
[2020-03-19 11:06:08,973] - logger.py] - INFO: 噢啦爱心-支持噢啦豆 is display
[2020-03-19 11:06:09,011] - logger.py] - INFO: 噢啦爱心-支持噢啦豆 is display
[2020-03-19 11:06:10,076] - logger.py] - INFO: 噢啦爱心-支持项目1 is display
[2020-03-19 11:08:53,751] - logger.py] - INFO: 个人页面-个人模块 is display
[2020-03-19 11:08:56,913] - logger.py] - INFO: 个人页面-登录按钮 is display
[2020-03-19 11:08:58,029] - logger.py] - INFO: 个人页面-输入手机号 is display
[2020-03-19 11:08:58,144] - logger.py] - INFO: 个人页面-发送验证码 is display
[2020-03-19 11:09:01,282] - logger.py] - INFO: 个人页面-数字1 is display
[2020-03-19 11:09:01,388] - logger.py] - INFO: 个人页面-数字2 is display
[2020-03-19 11:09:01,490] - logger.py] - INFO: 个人页面-数字3 is display
[2020-03-19 11:09:01,596] - logger.py] - INFO: 个人页面-数字4 is display
[2020-03-19 11:09:01,698] - logger.py] - INFO: 个人页面-数字5 is display
[2020-03-19 11:09:01,801] - logger.py] - INFO: 个人页面-数字6 is display
[2020-03-19 11:09:02,914] - logger.py] - INFO: 个人页面-引导图图层 is display
[2020-03-19 11:09:04,057] - logger.py] - INFO: 个人页面-噢啦爱心首页 is display
[2020-03-19 11:09:06,239] - logger.py] - INFO: 噢啦爱心-爱心项目 is display
[2020-03-19 11:09:07,358] - logger.py] - INFO: 噢啦爱心-第一个爱心项目 is display
[2020-03-19 11:09:29,409] - logger.py] - INFO: 刷新页面
[2020-03-19 11:09:29,427] - logger.py] - INFO: 噢啦爱心-支持项目 is display
[2020-03-19 11:09:31,642] - logger.py] - INFO: 噢啦爱心-支持噢啦豆 is display
[2020-03-19 11:09:31,688] - logger.py] - INFO: 噢啦爱心-支持噢啦豆 is display
[2020-03-19 11:09:32,761] - logger.py] - INFO: 噢啦爱心-支持项目1 is display
[2020-03-19 11:38:12,137] - logger.py] - INFO: 个人页面-个人模块 is display
[2020-03-19 11:38:15,275] - logger.py] - INFO: 个人页面-登录按钮 is display
[2020-03-19 11:38:16,420] - logger.py] - INFO: 个人页面-输入手机号 is display
[2020-03-19 11:38:16,533] - logger.py] - INFO: 个人页面-发送验证码 is display
[2020-03-19 11:38:19,639] - logger.py] - INFO: 个人页面-数字1 is display
[2020-03-19 11:38:19,747] - logger.py] - INFO: 个人页面-数字2 is display
[2020-03-19 11:38:19,850] - logger.py] - INFO: 个人页面-数字3 is display
[2020-03-19 11:38:19,952] - logger.py] - INFO: 个人页面-数字4 is display
[2020-03-19 11:38:20,053] - logger.py] - INFO: 个人页面-数字5 is display
[2020-03-19 11:38:20,159] - logger.py] - INFO: 个人页面-数字6 is display
[2020-03-19 11:38:21,269] - logger.py] - INFO: 个人页面-引导图图层 is display
[2020-03-19 11:40:04,153] - logger.py] - INFO: 个人页面-个人模块 is display
[2020-03-19 11:40:07,271] - logger.py] - INFO: 个人页面-登录按钮 is display
[2020-03-19 11:40:08,378] - logger.py] - INFO: 个人页面-输入手机号 is display
[2020-03-19 11:40:08,514] - logger.py] - INFO: 个人页面-发送验证码 is display
[2020-03-19 11:40:11,621] - logger.py] - INFO: 个人页面-数字1 is display
[2020-03-19 11:40:11,729] - logger.py] - INFO: 个人页面-数字2 is display
[2020-03-19 11:40:11,834] - logger.py] - INFO: 个人页面-数字3 is display
[2020-03-19 11:40:11,936] - logger.py] - INFO: 个人页面-数字4 is display
[2020-03-19 11:40:12,038] - logger.py] - INFO: 个人页面-数字5 is display
[2020-03-19 11:40:12,139] - logger.py] - INFO: 个人页面-数字6 is display
[2020-03-19 11:40:13,248] - logger.py] - INFO: 个人页面-引导图图层 is display
[2020-03-19 11:40:52,284] - logger.py] - INFO: 个人页面-个人模块 is display
[2020-03-19 11:40:55,425] - logger.py] - INFO: 个人页面-登录按钮 is display
[2020-03-19 11:40:56,571] - logger.py] - INFO: 个人页面-输入手机号 is display
[2020-03-19 11:40:56,788] - logger.py] - INFO: 个人页面-发送验证码 is display
[2020-03-19 11:40:59,907] - logger.py] - INFO: 个人页面-数字1 is display
[2020-03-19 11:41:00,022] - logger.py] - INFO: 个人页面-数字2 is display
[2020-03-19 11:41:00,123] - logger.py] - INFO: 个人页面-数字3 is display
[2020-03-19 11:41:00,225] - logger.py] - INFO: 个人页面-数字4 is display
[2020-03-19 11:41:00,333] - logger.py] - INFO: 个人页面-数字5 is display
[2020-03-19 11:41:00,433] - logger.py] - INFO: 个人页面-数字6 is display
[2020-03-19 11:41:01,547] - logger.py] - INFO: 个人页面-引导图图层 is display
[2020-03-19 11:42:05,893] - logger.py] - INFO: 个人页面-个人模块 is display
[2020-03-19 11:42:09,007] - logger.py] - INFO: 个人页面-登录按钮 is display
[2020-03-19 11:42:10,111] - logger.py] - INFO: 个人页面-输入手机号 is display
[2020-03-19 11:42:10,212] - logger.py] - INFO: 个人页面-发送验证码 is display
[2020-03-19 11:42:13,339] - logger.py] - INFO: 个人页面-数字1 is display
[2020-03-19 11:42:13,444] - logger.py] - INFO: 个人页面-数字2 is display
[2020-03-19 11:42:13,544] - logger.py] - INFO: 个人页面-数字3 is display
[2020-03-19 11:42:13,643] - logger.py] - INFO: 个人页面-数字4 is display
[2020-03-19 11:42:13,743] - logger.py] - INFO: 个人页面-数字5 is display
[2020-03-19 11:42:13,847] - logger.py] - INFO: 个人页面-数字6 is display
[2020-03-19 11:42:14,977] - logger.py] - INFO: 个人页面-引导图图层 is display
[2020-03-19 11:45:33,480] - logger.py] - INFO: 个人页面-个人模块 is display
[2020-03-19 11:45:36,589] - logger.py] - INFO: 个人页面-登录按钮 is display
[2020-03-19 11:45:37,696] - logger.py] - INFO: 个人页面-输入手机号 is display
[2020-03-19 11:45:37,807] - logger.py] - INFO: 个人页面-发送验证码 is display
[2020-03-19 11:45:40,910] - logger.py] - INFO: 个人页面-数字1 is display
[2020-03-19 11:45:41,015] - logger.py] - INFO: 个人页面-数字2 is display
[2020-03-19 11:45:41,116] - logger.py] - INFO: 个人页面-数字3 is display
[2020-03-19 11:45:41,222] - logger.py] - INFO: 个人页面-数字4 is display
[2020-03-19 11:45:41,329] - logger.py] - INFO: 个人页面-数字5 is display
[2020-03-19 11:45:41,430] - logger.py] - INFO: 个人页面-数字6 is display
[2020-03-19 11:45:42,547] - logger.py] - INFO: 个人页面-引导图图层 is display
[2020-03-19 11:54:31,716] - logger.py] - INFO: 个人页面-个人模块 is display
[2020-03-19 11:54:34,851] - logger.py] - INFO: 个人页面-登录按钮 is display
[2020-03-19 11:54:35,964] - logger.py] - INFO: 个人页面-输入手机号 is display
[2020-03-19 11:54:36,115] - logger.py] - INFO: 个人页面-发送验证码 is display
[2020-03-19 11:54:39,225] - logger.py] - INFO: 个人页面-数字1 is display
[2020-03-19 11:54:39,360] - logger.py] - INFO: 个人页面-数字2 is display
[2020-03-19 11:54:39,472] - logger.py] - INFO: 个人页面-数字3 is display
[2020-03-19 11:54:39,570] - logger.py] - INFO: 个人页面-数字4 is display
[2020-03-19 11:54:39,673] - logger.py] - INFO: 个人页面-数字5 is display
[2020-03-19 11:54:39,778] - logger.py] - INFO: 个人页面-数字6 is display
[2020-03-19 11:54:40,912] - logger.py] - INFO: 个人页面-引导图图层 is display
[2020-03-19 11:55:32,048] - logger.py] - INFO: 个人页面-个人模块 is display
[2020-03-19 11:55:35,160] - logger.py] - INFO: 个人页面-登录按钮 is display
[2020-03-19 11:55:36,265] - logger.py] - INFO: 个人页面-输入手机号 is display
[2020-03-19 11:55:36,385] - logger.py] - INFO: 个人页面-发送验证码 is display
[2020-03-19 11:55:39,494] - logger.py] - INFO: 个人页面-数字1 is display
[2020-03-19 11:55:39,609] - logger.py] - INFO: 个人页面-数字2 is display
[2020-03-19 11:55:39,712] - logger.py] - INFO: 个人页面-数字3 is display
[2020-03-19 11:55:39,815] - logger.py] - INFO: 个人页面-数字4 is display
[2020-03-19 11:55:39,918] - logger.py] - INFO: 个人页面-数字5 is display
[2020-03-19 11:55:40,021] - logger.py] - INFO: 个人页面-数字6 is display
[2020-03-19 11:55:41,127] - logger.py] - INFO: 个人页面-引导图图层 is display
[2020-03-19 12:05:58,035] - logger.py] - INFO: 个人页面-个人模块 is display
[2020-03-19 12:06:01,144] - logger.py] - INFO: 个人页面-登录按钮 is display
[2020-03-19 12:06:02,248] - logger.py] - INFO: 个人页面-输入手机号 is display
[2020-03-19 12:06:02,357] - logger.py] - INFO: 个人页面-发送验证码 is display
[2020-03-19 12:06:05,480] - logger.py] - INFO: 个人页面-数字1 is display
[2020-03-19 12:06:05,591] - logger.py] - INFO: 个人页面-数字2 is display
[2020-03-19 12:06:05,696] - logger.py] - INFO: 个人页面-数字3 is display
[2020-03-19 12:06:05,799] - logger.py] - INFO: 个人页面-数字4 is display
[2020-03-19 12:06:05,901] - logger.py] - INFO: 个人页面-数字5 is display
[2020-03-19 12:06:06,008] - logger.py] - INFO: 个人页面-数字6 is display
[2020-03-19 12:06:07,116] - logger.py] - INFO: 个人页面-引导图图层 is display
[2020-03-19 12:06:40,897] - logger.py] - INFO: 个人页面-个人模块 is display
[2020-03-19 12:06:44,019] - logger.py] - INFO: 个人页面-登录按钮 is display
[2020-03-19 12:06:45,124] - logger.py] - INFO: 个人页面-输入手机号 is display
[2020-03-19 12:06:45,233] - logger.py] - INFO: 个人页面-发送验证码 is display
[2020-03-19 12:06:48,354] - logger.py] - INFO: 个人页面-数字1 is display
[2020-03-19 12:06:48,467] - logger.py] - INFO: 个人页面-数字2 is display
[2020-03-19 12:06:48,571] - logger.py] - INFO: 个人页面-数字3 is display
[2020-03-19 12:06:48,674] - logger.py] - INFO: 个人页面-数字4 is display
[2020-03-19 12:06:48,775] - logger.py] - INFO: 个人页面-数字5 is display
[2020-03-19 12:06:48,877] - logger.py] - INFO: 个人页面-数字6 is display
[2020-03-19 12:06:49,986] - logger.py] - INFO: 个人页面-引导图图层 is display
[2020-03-19 12:08:18,957] - logger.py] - INFO: 个人页面-个人模块 is display
[2020-03-19 12:08:22,111] - logger.py] - INFO: 个人页面-登录按钮 is display
[2020-03-19 12:08:23,239] - logger.py] - INFO: 个人页面-输入手机号 is display
[2020-03-19 12:08:23,381] - logger.py] - INFO: 个人页面-发送验证码 is display
[2020-03-19 12:08:26,503] - logger.py] - INFO: 个人页面-数字1 is display
[2020-03-19 12:08:26,620] - logger.py] - INFO: 个人页面-数字2 is display
[2020-03-19 12:08:26,725] - logger.py] - INFO: 个人页面-数字3 is display
[2020-03-19 12:08:26,830] - logger.py] - INFO: 个人页面-数字4 is display
[2020-03-19 12:08:26,933] - logger.py] - INFO: 个人页面-数字5 is display
[2020-03-19 12:08:27,040] - logger.py] - INFO: 个人页面-数字6 is display
[2020-03-19 12:08:28,168] - logger.py] - INFO: 个人页面-引导图图层 is display
[2020-03-19 12:08:40,811] - logger.py] - INFO: 噢啦爱心-第一个爱心项目 is not display
[2020-03-19 12:08:41,413] - logger.py] - INFO: 刷新页面
[2020-03-19 12:08:51,783] - logger.py] - INFO: 噢啦爱心-支持项目 is not display
[2020-03-19 12:11:19,617] - logger.py] - INFO: 个人页面-个人模块 is display
[2020-03-19 12:11:22,732] - logger.py] - INFO: 个人页面-登录按钮 is display
[2020-03-19 12:11:23,842] - logger.py] - INFO: 个人页面-输入手机号 is display
[2020-03-19 12:11:23,952] - logger.py] - INFO: 个人页面-发送验证码 is display
[2020-03-19 12:11:27,056] - logger.py] - INFO: 个人页面-数字1 is display
[2020-03-19 12:11:27,170] - logger.py] - INFO: 个人页面-数字2 is display
[2020-03-19 12:11:27,282] - logger.py] - INFO: 个人页面-数字3 is display
[2020-03-19 12:11:27,386] - logger.py] - INFO: 个人页面-数字4 is display
[2020-03-19 12:11:27,487] - logger.py] - INFO: 个人页面-数字5 is display
[2020-03-19 12:11:27,593] - logger.py] - INFO: 个人页面-数字6 is display
[2020-03-19 12:11:28,701] - logger.py] - INFO: 个人页面-引导图图层 is display
[2020-03-19 12:11:29,836] - logger.py] - INFO: 个人页面-登录按钮 is display
[2020-03-19 12:11:41,207] - logger.py] - INFO: 噢啦爱心-第一个爱心项目 is not display
[2020-03-19 12:11:41,884] - logger.py] - INFO: 刷新页面
[2020-03-19 12:11:52,140] - logger.py] - INFO: 噢啦爱心-支持项目 is not display
[2020-03-19 12:13:59,111] - logger.py] - INFO: 个人页面-个人模块 is display
[2020-03-19 12:14:02,245] - logger.py] - INFO: 个人页面-登录按钮 is display
[2020-03-19 12:14:03,367] - logger.py] - INFO: 个人页面-输入手机号 is display
[2020-03-19 12:14:03,501] - logger.py] - INFO: 个人页面-发送验证码 is display
[2020-03-19 12:14:06,610] - logger.py] - INFO: 个人页面-数字1 is display
[2020-03-19 12:14:06,731] - logger.py] - INFO: 个人页面-数字2 is display
[2020-03-19 12:14:06,841] - logger.py] - INFO: 个人页面-数字3 is display
[2020-03-19 12:14:06,943] - logger.py] - INFO: 个人页面-数字4 is display
[2020-03-19 12:14:07,046] - logger.py] - INFO: 个人页面-数字5 is display
[2020-03-19 12:14:07,154] - logger.py] - INFO: 个人页面-数字6 is display
[2020-03-19 12:14:08,383] - logger.py] - INFO: 个人页面-引导图图层 is display
[2020-03-19 12:14:09,546] - logger.py] - INFO: 个人页面-噢啦爱心首页 is display
[2020-03-19 12:14:11,729] - logger.py] - INFO: 噢啦爱心-爱心项目 is display
[2020-03-19 12:14:12,850] - logger.py] - INFO: 噢啦爱心-第一个爱心项目 is display
[2020-03-19 12:14:29,208] - logger.py] - INFO: 刷新页面
[2020-03-19 12:14:29,226] - logger.py] - INFO: 噢啦爱心-支持项目 is display
[2020-03-19 12:14:31,417] - logger.py] - INFO: 噢啦爱心-支持噢啦豆 is display
[2020-03-19 12:14:31,456] - logger.py] - INFO: 噢啦爱心-支持噢啦豆 is display
[2020-03-19 12:14:32,525] - logger.py] - INFO: 噢啦爱心-支持项目1 is display
[2020-03-19 12:32:24,627] - logger.py] - INFO: 个人页面-个人模块 is display
[2020-03-19 12:32:27,755] - logger.py] - INFO: 个人页面-登录按钮 is display
[2020-03-19 12:32:28,860] - logger.py] - INFO: 个人页面-输入手机号 is display
[2020-03-19 12:32:28,999] - logger.py] - INFO: 个人页面-发送验证码 is display
[2020-03-19 12:32:32,108] - logger.py] - INFO: 个人页面-数字1 is display
[2020-03-19 12:32:32,217] - logger.py] - INFO: 个人页面-数字2 is display
[2020-03-19 12:32:32,326] - logger.py] - INFO: 个人页面-数字3 is display
[2020-03-19 12:32:32,432] - logger.py] - INFO: 个人页面-数字4 is display
[2020-03-19 12:32:32,537] - logger.py] - INFO: 个人页面-数字5 is display
[2020-03-19 12:32:32,643] - logger.py] - INFO: 个人页面-数字6 is display
[2020-03-19 12:32:36,338] - logger.py] - INFO: 个人页面-引导图图层 is display
[2020-03-19 12:32:37,471] - logger.py] - INFO: 个人页面-登录按钮 is display
[2020-03-19 12:32:48,894] - logger.py] - INFO: 噢啦爱心-第一个爱心项目 is not display
[2020-03-19 12:32:49,449] - logger.py] - INFO: 刷新页面
[2020-03-19 12:32:59,772] - logger.py] - INFO: 噢啦爱心-支持项目 is not display
[2020-03-19 12:36:55,446] - logger.py] - INFO: 个人页面-个人模块 is display
[2020-03-19 12:36:58,568] - logger.py] - INFO: 个人页面-登录按钮 is display
[2020-03-19 12:36:59,673] - logger.py] - INFO: 个人页面-输入手机号 is display
[2020-03-19 12:36:59,808] - logger.py] - INFO: 个人页面-发送验证码 is display
[2020-03-19 12:37:02,913] - logger.py] - INFO: 个人页面-数字1 is display
[2020-03-19 12:37:03,017] - logger.py] - INFO: 个人页面-数字2 is display
[2020-03-19 12:37:03,128] - logger.py] - INFO: 个人页面-数字3 is display
[2020-03-19 12:37:03,229] - logger.py] - INFO: 个人页面-数字4 is display
[2020-03-19 12:37:03,338] - logger.py] - INFO: 个人页面-数字5 is display
[2020-03-19 12:37:03,439] - logger.py] - INFO: 个人页面-数字6 is display
[2020-03-19 12:37:04,549] - logger.py] - INFO: 个人页面-引导图图层 is display
[2020-03-19 12:45:42,260] - logger.py] - INFO: 个人页面-个人模块 is display
[2020-03-19 12:45:45,383] - logger.py] - INFO: 个人页面-登录按钮 is display
[2020-03-19 12:45:46,496] - logger.py] - INFO: 个人页面-输入手机号 is display
[2020-03-19 12:45:46,668] - logger.py] - INFO: 个人页面-发送验证码 is display
[2020-03-19 12:45:49,796] - logger.py] - INFO: 个人页面-数字1 is display
[2020-03-19 12:45:49,909] - logger.py] - INFO: 个人页面-数字2 is display
[2020-03-19 12:45:50,016] - logger.py] - INFO: 个人页面-数字3 is display
[2020-03-19 12:45:50,122] - logger.py] - INFO: 个人页面-数字4 is display
[2020-03-19 12:45:50,228] - logger.py] - INFO: 个人页面-数字5 is display
[2020-03-19 12:45:50,332] - logger.py] - INFO: 个人页面-数字6 is display
[2020-03-19 12:45:51,458] - logger.py] - INFO: 个人页面-引导图图层 is display
[2020-03-19 12:45:52,598] - logger.py] - INFO: 个人页面-噢啦爱心首页 is display
[2020-03-19 12:45:54,766] - logger.py] - INFO: 噢啦爱心-爱心项目 is display
[2020-03-19 12:45:55,894] - logger.py] - INFO: 噢啦爱心-第一个爱心项目 is display
[2020-03-19 12:46:12,036] - logger.py] - INFO: 刷新页面
[2020-03-19 12:46:12,060] - logger.py] - INFO: 噢啦爱心-支持项目 is display
[2020-03-19 12:46:14,248] - logger.py] - INFO: 噢啦爱心-支持噢啦豆 is display
[2020-03-19 12:46:14,297] - logger.py] - INFO: 噢啦爱心-支持噢啦豆 is display
[2020-03-19 12:46:15,376] - logger.py] - INFO: 噢啦爱心-支持项目1 is display
[2020-03-19 12:48:44,264] - logger.py] - INFO: 个人页面-个人模块 is display
[2020-03-19 12:48:47,419] - logger.py] - INFO: 个人页面-登录按钮 is display
[2020-03-19 12:48:48,541] - logger.py] - INFO: 个人页面-输入手机号 is display
[2020-03-19 12:48:48,669] - logger.py] - INFO: 个人页面-发送验证码 is display
[2020-03-19 12:48:51,776] - logger.py] - INFO: 个人页面-数字1 is display
[2020-03-19 12:48:51,876] - logger.py] - INFO: 个人页面-数字2 is display
[2020-03-19 12:48:51,976] - logger.py] - INFO: 个人页面-数字3 is display
[2020-03-19 12:48:52,075] - logger.py] - INFO: 个人页面-数字4 is display
[2020-03-19 12:48:52,176] - logger.py] - INFO: 个人页面-数字5 is display
[2020-03-19 12:48:52,280] - logger.py] - INFO: 个人页面-数字6 is display
[2020-03-19 12:48:53,387] - logger.py] - INFO: 个人页面-引导图图层 is display
[2020-03-19 12:48:54,531] - logger.py] - INFO: 个人页面-噢啦爱心首页 is display
[2020-03-19 12:48:56,691] - logger.py] - INFO: 噢啦爱心-爱心项目 is display
[2020-03-19 12:48:57,800] - logger.py] - INFO: 噢啦爱心-第一个爱心项目 is display
[2020-03-19 12:49:14,199] - logger.py] - INFO: 刷新页面
[2020-03-19 12:49:14,217] - logger.py] - INFO: 噢啦爱心-支持项目 is display
[2020-03-19 12:49:16,389] - logger.py] - INFO: 噢啦爱心-支持噢啦豆 is display
[2020-03-19 12:49:16,436] - logger.py] - INFO: 噢啦爱心-支持噢啦豆 is display
[2020-03-19 12:49:17,509] - logger.py] - INFO: 噢啦爱心-支持项目1 is display
[2020-03-19 12:50:34,054] - logger.py] - INFO: 个人页面-个人模块 is display
[2020-03-19 12:50:37,175] - logger.py] - INFO: 个人页面-登录按钮 is display
[2020-03-19 12:50:38,285] - logger.py] - INFO: 个人页面-输入手机号 is display
[2020-03-19 12:50:38,429] - logger.py] - INFO: 个人页面-发送验证码 is display
[2020-03-19 12:50:41,538] - logger.py] - INFO: 个人页面-数字1 is display
[2020-03-19 12:50:41,646] - logger.py] - INFO: 个人页面-数字2 is display
[2020-03-19 12:50:41,752] - logger.py] - INFO: 个人页面-数字3 is display
[2020-03-19 12:50:41,854] - logger.py] - INFO: 个人页面-数字4 is display
[2020-03-19 12:50:41,959] - logger.py] - INFO: 个人页面-数字5 is display
[2020-03-19 12:50:42,065] - logger.py] - INFO: 个人页面-数字6 is display
[2020-03-19 12:50:43,199] - logger.py] - INFO: 个人页面-引导图图层 is display
[2020-03-19 12:50:44,353] - logger.py] - INFO: 个人页面-噢啦爱心首页 is display
[2020-03-19 12:50:46,500] - logger.py] - INFO: 噢啦爱心-爱心项目 is display
[2020-03-19 12:50:47,618] - logger.py] - INFO: 噢啦爱心-第一个爱心项目 is display
[2020-03-19 12:51:03,323] - logger.py] - INFO: 刷新页面
[2020-03-19 12:51:03,340] - logger.py] - INFO: 噢啦爱心-支持项目 is display
[2020-03-19 12:51:05,535] - logger.py] - INFO: 噢啦爱心-支持噢啦豆 is display
[2020-03-19 12:51:05,573] - logger.py] - INFO: 噢啦爱心-支持噢啦豆 is display
[2020-03-19 12:51:06,636] - logger.py] - INFO: 噢啦爱心-支持项目1 is display
[2020-03-19 12:51:25,118] - logger.py] - INFO: 个人页面-个人模块 is display
[2020-03-19 12:51:28,225] - logger.py] - INFO: 个人页面-登录按钮 is display
[2020-03-19 12:51:29,356] - logger.py] - INFO: 个人页面-输入手机号 is display
[2020-03-19 12:51:29,519] - logger.py] - INFO: 个人页面-发送验证码 is display
[2020-03-19 12:51:32,623] - logger.py] - INFO: 个人页面-数字1 is display
[2020-03-19 12:51:32,726] - logger.py] - INFO: 个人页面-数字2 is display
[2020-03-19 12:51:32,834] - logger.py] - INFO: 个人页面-数字3 is display
[2020-03-19 12:51:32,931] - logger.py] - INFO: 个人页面-数字4 is display
[2020-03-19 12:51:33,031] - logger.py] - INFO: 个人页面-数字5 is display
[2020-03-19 12:51:33,143] - logger.py] - INFO: 个人页面-数字6 is display
[2020-03-19 12:51:34,275] - logger.py] - INFO: 个人页面-引导图图层 is display
[2020-03-19 12:51:35,470] - logger.py] - INFO: 个人页面-噢啦爱心首页 is display
[2020-03-19 12:51:37,644] - logger.py] - INFO: 噢啦爱心-爱心项目 is display
[2020-03-19 12:51:38,767] - logger.py] - INFO: 噢啦爱心-第一个爱心项目 is display
[2020-03-19 12:51:54,898] - logger.py] - INFO: 刷新页面
[2020-03-19 12:51:54,929] - logger.py] - INFO: 噢啦爱心-支持项目 is display
[2020-03-19 12:51:57,123] - logger.py] - INFO: 噢啦爱心-支持噢啦豆 is display
[2020-03-19 12:51:57,163] - logger.py] - INFO: 噢啦爱心-支持噢啦豆 is display
[2020-03-19 12:51:58,246] - logger.py] - INFO: 噢啦爱心-支持项目1 is display
[2020-03-19 12:58:43,805] - logger.py] - INFO: 个人页面-个人模块 is display
[2020-03-19 12:58:46,928] - logger.py] - INFO: 个人页面-登录按钮 is display
[2020-03-19 12:58:48,055] - logger.py] - INFO: 个人页面-输入手机号 is display
[2020-03-19 12:58:48,195] - logger.py] - INFO: 个人页面-发送验证码 is display
[2020-03-19 12:58:51,320] - logger.py] - INFO: 个人页面-数字1 is display
[2020-03-19 12:58:51,427] - logger.py] - INFO: 个人页面-数字2 is display
[2020-03-19 12:58:51,543] - logger.py] - INFO: 个人页面-数字3 is display
[2020-03-19 12:58:51,643] - logger.py] - INFO: 个人页面-数字4 is display
[2020-03-19 12:58:51,747] - logger.py] - INFO: 个人页面-数字5 is display
[2020-03-19 12:58:51,853] - logger.py] - INFO: 个人页面-数字6 is display
[2020-03-19 12:58:52,984] - logger.py] - INFO: 个人页面-引导图图层 is display
[2020-03-19 12:59:05,455] - logger.py] - INFO: 噢啦爱心-第一个爱心项目 is not display
[2020-03-19 12:59:06,004] - logger.py] - INFO: 刷新页面
[2020-03-19 12:59:16,363] - logger.py] - INFO: 噢啦爱心-支持项目 is not display
[2020-03-19 13:03:55,395] - logger.py] - INFO: 个人页面-个人模块 is display
[2020-03-19 13:03:58,515] - logger.py] - INFO: 个人页面-登录按钮 is display
[2020-03-19 13:03:59,625] - logger.py] - INFO: 个人页面-输入手机号 is display
[2020-03-19 13:03:59,724] - logger.py] - INFO: 个人页面-发送验证码 is display
[2020-03-19 13:04:13,169] - logger.py] - INFO: 个人页面-数字1 is not display
[2020-03-19 14:08:10,167] - logger.py] - INFO: 个人页面-个人模块 is display
[2020-03-19 14:08:13,295] - logger.py] - INFO: 个人页面-登录按钮 is display
[2020-03-19 14:08:14,461] - logger.py] - INFO: 个人页面-输入手机号 is display
[2020-03-19 14:08:14,571] - logger.py] - INFO: 个人页面-发送验证码 is display
[2020-03-19 14:08:17,680] - logger.py] - INFO: 个人页面-数字1 is display
[2020-03-19 14:08:17,788] - logger.py] - INFO: 个人页面-数字2 is display
[2020-03-19 14:08:17,897] - logger.py] - INFO: 个人页面-数字3 is display
[2020-03-19 14:08:18,002] - logger.py] - INFO: 个人页面-数字4 is display
[2020-03-19 14:08:18,108] - logger.py] - INFO: 个人页面-数字5 is display
[2020-03-19 14:08:18,212] - logger.py] - INFO: 个人页面-数字6 is display
[2020-03-19 14:08:19,324] - logger.py] - INFO: 个人页面-引导图图层 is display
[2020-03-19 14:08:19,459] - logger.py] - INFO: 个人页面-噢啦爱心首页 is display
[2020-03-19 14:08:21,624] - logger.py] - INFO: 噢啦爱心-爱心项目 is display
[2020-03-19 14:08:22,764] - logger.py] - INFO: 噢啦爱心-第一个爱心项目 is display
[2020-03-19 14:08:39,335] - logger.py] - INFO: 刷新页面
[2020-03-19 14:08:39,353] - logger.py] - INFO: 噢啦爱心-支持项目 is display
[2020-03-19 14:08:41,551] - logger.py] - INFO: 噢啦爱心-支持噢啦豆 is display
[2020-03-19 14:08:41,593] - logger.py] - INFO: 噢啦爱心-支持噢啦豆 is display
[2020-03-19 14:08:42,677] - logger.py] - INFO: 噢啦爱心-支持项目1 is display
[2020-03-19 14:09:53,799] - logger.py] - INFO: 个人页面-个人模块 is display
[2020-03-19 14:09:56,911] - logger.py] - INFO: 个人页面-登录按钮 is display
[2020-03-19 14:09:58,015] - logger.py] - INFO: 个人页面-输入手机号 is display
[2020-03-19 14:09:58,122] - logger.py] - INFO: 个人页面-发送验证码 is display
[2020-03-19 14:10:01,235] - logger.py] - INFO: 个人页面-数字1 is display
[2020-03-19 14:10:01,340] - logger.py] - INFO: 个人页面-数字2 is display
[2020-03-19 14:10:01,447] - logger.py] - INFO: 个人页面-数字3 is display
[2020-03-19 14:10:01,555] - logger.py] - INFO: 个人页面-数字4 is display
[2020-03-19 14:10:01,659] - logger.py] - INFO: 个人页面-数字5 is display
[2020-03-19 14:10:01,759] - logger.py] - INFO: 个人页面-数字6 is display
[2020-03-19 14:10:02,869] - logger.py] - INFO: 个人页面-引导图图层 is display
[2020-03-19 14:10:03,006] - logger.py] - INFO: 个人页面-噢啦爱心首页 is display
[2020-03-19 14:10:05,159] - logger.py] - INFO: 噢啦爱心-爱心项目 is display
[2020-03-19 14:10:06,300] - logger.py] - INFO: 噢啦爱心-第一个爱心项目 is display
[2020-03-19 14:10:22,414] - logger.py] - INFO: 刷新页面
[2020-03-19 14:10:22,440] - logger.py] - INFO: 噢啦爱心-支持项目 is display
[2020-03-19 14:10:24,653] - logger.py] - INFO: 噢啦爱心-支持噢啦豆 is display
[2020-03-19 14:10:24,717] - logger.py] - INFO: 噢啦爱心-支持噢啦豆 is display
[2020-03-19 14:10:25,791] - logger.py] - INFO: 噢啦爱心-支持项目1 is display
[2020-03-19 14:12:00,871] - logger.py] - INFO: 个人页面-个人模块 is display
[2020-03-19 14:12:04,001] - logger.py] - INFO: 个人页面-登录按钮 is display
[2020-03-19 14:12:05,129] - logger.py] - INFO: 个人页面-输入手机号 is display
[2020-03-19 14:12:05,298] - logger.py] - INFO: 个人页面-发送验证码 is display
[2020-03-19 14:12:08,407] - logger.py] - INFO: 个人页面-数字1 is display
[2020-03-19 14:12:08,515] - logger.py] - INFO: 个人页面-数字2 is display
[2020-03-19 14:12:08,615] - logger.py] - INFO: 个人页面-数字3 is display
[2020-03-19 14:12:08,720] - logger.py] - INFO: 个人页面-数字4 is display
[2020-03-19 14:12:08,827] - logger.py] - INFO: 个人页面-数字5 is display
[2020-03-19 14:12:08,935] - logger.py] - INFO: 个人页面-数字6 is display
[2020-03-19 14:12:10,055] - logger.py] - INFO: 个人页面-引导图图层 is display
[2020-03-19 14:12:10,196] - logger.py] - INFO: 个人页面-噢啦爱心首页 is display
[2020-03-19 14:12:12,345] - logger.py] - INFO: 噢啦爱心-爱心项目 is display
[2020-03-19 14:12:13,483] - logger.py] - INFO: 噢啦爱心-第一个爱心项目 is display
[2020-03-19 14:12:31,511] - logger.py] - INFO: 刷新页面
[2020-03-19 14:12:31,535] - logger.py] - INFO: 噢啦爱心-支持项目 is display
[2020-03-19 14:12:33,701] - logger.py] - INFO: 噢啦爱心-支持噢啦豆 is display
[2020-03-19 14:12:33,742] - logger.py] - INFO: 噢啦爱心-支持噢啦豆 is display
[2020-03-19 14:12:34,825] - logger.py] - INFO: 噢啦爱心-支持项目1 is display
[2020-03-19 14:14:18,134] - logger.py] - INFO: 个人页面-个人模块 is display
[2020-03-19 14:14:21,252] - logger.py] - INFO: 个人页面-登录按钮 is display
[2020-03-19 14:14:22,366] - logger.py] - INFO: 个人页面-输入手机号 is display
[2020-03-19 14:14:22,487] - logger.py] - INFO: 个人页面-发送验证码 is display
[2020-03-19 14:14:35,932] - logger.py] - INFO: 个人页面-数字1 is not display
[2020-03-19 14:20:50,928] - logger.py] - INFO: 个人页面-个人模块 is display
[2020-03-19 14:20:54,040] - logger.py] - INFO: 个人页面-登录按钮 is display
[2020-03-19 14:20:55,169] - logger.py] - INFO: 个人页面-输入手机号 is display
[2020-03-19 14:20:55,287] - logger.py] - INFO: 个人页面-发送验证码 is display
[2020-03-19 14:20:58,404] - logger.py] - INFO: 个人页面-数字1 is display
[2020-03-19 14:20:58,536] - logger.py] - INFO: 个人页面-数字2 is display
[2020-03-19 14:20:58,638] - logger.py] - INFO: 个人页面-数字3 is display
[2020-03-19 14:20:58,743] - logger.py] - INFO: 个人页面-数字4 is display
[2020-03-19 14:20:58,856] - logger.py] - INFO: 个人页面-数字5 is display
[2020-03-19 14:20:58,957] - logger.py] - INFO: 个人页面-数字6 is display
[2020-03-19 14:21:00,064] - logger.py] - INFO: 个人页面-引导图图层 is display
[2020-03-19 14:22:04,219] - logger.py] - INFO: 个人页面-个人模块 is display
[2020-03-19 14:22:07,348] - logger.py] - INFO: 个人页面-登录按钮 is display
[2020-03-19 14:22:08,463] - logger.py] - INFO: 个人页面-输入手机号 is display
[2020-03-19 14:22:08,570] - logger.py] - INFO: 个人页面-发送验证码 is display
[2020-03-19 14:22:11,677] - logger.py] - INFO: 个人页面-数字1 is display
[2020-03-19 14:22:11,792] - logger.py] - INFO: 个人页面-数字2 is display
[2020-03-19 14:22:11,898] - logger.py] - INFO: 个人页面-数字3 is display
[2020-03-19 14:22:12,005] - logger.py] - INFO: 个人页面-数字4 is display
[2020-03-19 14:22:12,105] - logger.py] - INFO: 个人页面-数字5 is display
[2020-03-19 14:22:12,215] - logger.py] - INFO: 个人页面-数字6 is display
[2020-03-19 14:22:13,335] - logger.py] - INFO: 个人页面-引导图图层 is display
[2020-03-19 14:25:23,929] - logger.py] - INFO: 个人页面-个人模块 is display
[2020-03-19 14:25:27,044] - logger.py] - INFO: 个人页面-登录按钮 is display
[2020-03-19 14:25:28,150] - logger.py] - INFO: 个人页面-输入手机号 is display
[2020-03-19 14:25:28,288] - logger.py] - INFO: 个人页面-发送验证码 is display
[2020-03-19 14:25:41,712] - logger.py] - INFO: 个人页面-数字1 is not display
[2020-03-19 14:26:18,480] - logger.py] - INFO: 个人页面-个人模块 is display
[2020-03-19 14:26:21,593] - logger.py] - INFO: 个人页面-登录按钮 is display
[2020-03-19 14:26:22,699] - logger.py] - INFO: 个人页面-输入手机号 is display
[2020-03-19 14:26:22,809] - logger.py] - INFO: 个人页面-发送验证码 is display
[2020-03-19 14:26:25,918] - logger.py] - INFO: 个人页面-数字1 is display
[2020-03-19 14:26:26,025] - logger.py] - INFO: 个人页面-数字2 is display
[2020-03-19 14:26:26,131] - logger.py] - INFO: 个人页面-数字3 is display
[2020-03-19 14:26:26,235] - logger.py] - INFO: 个人页面-数字4 is display
[2020-03-19 14:26:26,339] - logger.py] - INFO: 个人页面-数字5 is display
[2020-03-19 14:26:26,447] - logger.py] - INFO: 个人页面-数字6 is display
[2020-03-19 14:26:27,566] - logger.py] - INFO: 个人页面-引导图图层 is display
[2020-03-19 14:31:01,194] - logger.py] - INFO: 个人页面-个人模块 is display
[2020-03-19 14:31:04,361] - logger.py] - INFO: 个人页面-登录按钮 is display
[2020-03-19 14:31:05,475] - logger.py] - INFO: 个人页面-输入手机号 is display
[2020-03-19 14:31:05,593] - logger.py] - INFO: 个人页面-发送验证码 is display
[2020-03-19 14:31:19,083] - logger.py] - INFO: 个人页面-数字1 is not display
[2020-03-19 14:31:36,158] - logger.py] - INFO: 个人页面-个人模块 is display
[2020-03-19 14:31:39,322] - logger.py] - INFO: 个人页面-登录按钮 is display
[2020-03-19 14:31:40,445] - logger.py] - INFO: 个人页面-输入手机号 is display
[2020-03-19 14:31:40,555] - logger.py] - INFO: 个人页面-发送验证码 is display
[2020-03-19 14:31:53,925] - logger.py] - INFO: 个人页面-数字1 is not display
[2020-03-19 14:36:53,275] - logger.py] - INFO: 个人页面-个人模块 is display
[2020-03-19 14:36:56,405] - logger.py] - INFO: 个人页面-登录按钮 is display
[2020-03-19 14:36:57,517] - logger.py] - INFO: 个人页面-输入手机号 is display
[2020-03-19 14:36:57,632] - logger.py] - INFO: 个人页面-发送验证码 is display
[2020-03-19 14:37:11,120] - logger.py] - INFO: 个人页面-数字1 is not display
[2020-03-19 14:38:20,356] - logger.py] - INFO: 个人页面-个人模块 is display
[2020-03-19 14:38:23,477] - logger.py] - INFO: 个人页面-登录按钮 is display
[2020-03-19 14:38:24,588] - logger.py] - INFO: 个人页面-输入手机号 is display
[2020-03-19 14:38:24,738] - logger.py] - INFO: 个人页面-发送验证码 is display
[2020-03-19 14:38:27,853] - logger.py] - INFO: 个人页面-数字1 is display
[2020-03-19 14:38:27,958] - logger.py] - INFO: 个人页面-数字2 is display
[2020-03-19 14:38:28,065] - logger.py] - INFO: 个人页面-数字3 is display
[2020-03-19 14:38:28,167] - logger.py] - INFO: 个人页面-数字4 is display
[2020-03-19 14:38:28,275] - logger.py] - INFO: 个人页面-数字5 is display
[2020-03-19 14:38:28,384] - logger.py] - INFO: 个人页面-数字6 is display
[2020-03-19 14:38:29,493] - logger.py] - INFO: 个人页面-引导图图层 is display
[2020-03-19 14:51:32,646] - logger.py] - INFO: 个人页面-个人模块 is display
[2020-03-19 14:51:35,753] - logger.py] - INFO: 个人页面-登录按钮 is display
[2020-03-19 14:51:36,863] - logger.py] - INFO: 个人页面-输入手机号 is display
[2020-03-19 14:51:37,017] - logger.py] - INFO: 个人页面-发送验证码 is display
[2020-03-19 14:51:40,129] - logger.py] - INFO: 个人页面-数字1 is display
[2020-03-19 14:51:40,237] - logger.py] - INFO: 个人页面-数字2 is display
[2020-03-19 14:51:40,341] - logger.py] - INFO: 个人页面-数字3 is display
[2020-03-19 14:51:40,507] - logger.py] - INFO: 个人页面-数字4 is display
[2020-03-19 14:51:40,618] - logger.py] - INFO: 个人页面-数字5 is display
[2020-03-19 14:51:40,723] - logger.py] - INFO: 个人页面-数字6 is display
[2020-03-19 14:51:41,829] - logger.py] - INFO: 个人页面-引导图图层 is display
[2020-03-19 14:53:26,404] - logger.py] - INFO: 个人页面-个人模块 is display
[2020-03-19 14:53:29,519] - logger.py] - INFO: 个人页面-登录按钮 is display
[2020-03-19 14:53:30,626] - logger.py] - INFO: 个人页面-输入手机号 is display
[2020-03-19 14:53:30,735] - logger.py] - INFO: 个人页面-发送验证码 is display
[2020-03-19 14:53:33,853] - logger.py] - INFO: 个人页面-数字1 is display
[2020-03-19 14:53:33,966] - logger.py] - INFO: 个人页面-数字2 is display
[2020-03-19 14:53:34,075] - logger.py] - INFO: 个人页面-数字3 is display
[2020-03-19 14:53:34,192] - logger.py] - INFO: 个人页面-数字4 is display
[2020-03-19 14:53:34,307] - logger.py] - INFO: 个人页面-数字5 is display
[2020-03-19 14:53:34,416] - logger.py] - INFO: 个人页面-数字6 is display
[2020-03-19 14:53:35,528] - logger.py] - INFO: 个人页面-引导图图层 is display
[2020-03-19 14:57:37,284] - logger.py] - INFO: 个人页面-个人模块 is display
[2020-03-19 14:57:40,429] - logger.py] - INFO: 个人页面-登录按钮 is display
[2020-03-19 14:57:41,587] - logger.py] - INFO: 个人页面-输入手机号 is display
[2020-03-19 14:57:41,727] - logger.py] - INFO: 个人页面-发送验证码 is display
[2020-03-19 14:57:44,834] - logger.py] - INFO: 个人页面-数字1 is display
[2020-03-19 14:57:44,936] - logger.py] - INFO: 个人页面-数字2 is display
[2020-03-19 14:57:45,044] - logger.py] - INFO: 个人页面-数字3 is display
[2020-03-19 14:57:45,150] - logger.py] - INFO: 个人页面-数字4 is display
[2020-03-19 14:57:45,257] - logger.py] - INFO: 个人页面-数字5 is display
[2020-03-19 14:57:45,363] - logger.py] - INFO: 个人页面-数字6 is display
[2020-03-19 14:57:46,483] - logger.py] - INFO: 个人页面-引导图图层 is display
[2020-03-19 14:58:41,070] - logger.py] - INFO: 个人页面-个人模块 is display
[2020-03-19 14:58:44,187] - logger.py] - INFO: 个人页面-登录按钮 is display
[2020-03-19 14:58:45,292] - logger.py] - INFO: 个人页面-输入手机号 is display
[2020-03-19 14:58:45,404] - logger.py] - INFO: 个人页面-发送验证码 is display
[2020-03-19 14:58:48,514] - logger.py] - INFO: 个人页面-数字1 is display
[2020-03-19 14:58:48,623] - logger.py] - INFO: 个人页面-数字2 is display
[2020-03-19 14:58:48,729] - logger.py] - INFO: 个人页面-数字3 is display
[2020-03-19 14:58:48,834] - logger.py] - INFO: 个人页面-数字4 is display
[2020-03-19 14:58:48,945] - logger.py] - INFO: 个人页面-数字5 is display
[2020-03-19 14:58:49,098] - logger.py] - INFO: 个人页面-数字6 is display
[2020-03-19 14:58:50,244] - logger.py] - INFO: 个人页面-引导图图层 is display
[2020-03-19 15:09:22,693] - logger.py] - INFO: 个人页面-个人模块 is display
[2020-03-19 15:09:26,838] - logger.py] - INFO: 个人页面-登录按钮 is display
[2020-03-19 15:09:29,833] - logger.py] - INFO: 个人页面-输入手机号 is display
[2020-03-19 15:09:29,936] - logger.py] - INFO: 个人页面-发送验证码 is display
[2020-03-19 15:09:34,850] - logger.py] - INFO: 个人页面-数字1 is display
[2020-03-19 15:09:34,961] - logger.py] - INFO: 个人页面-数字2 is display
[2020-03-19 15:09:35,066] - logger.py] - INFO: 个人页面-数字3 is display
[2020-03-19 15:09:35,171] - logger.py] - INFO: 个人页面-数字4 is display
[2020-03-19 15:09:35,282] - logger.py] - INFO: 个人页面-数字5 is display
[2020-03-19 15:09:35,382] - logger.py] - INFO: 个人页面-数字6 is display
[2020-03-19 15:09:36,491] - logger.py] - INFO: 个人页面-引导图图层 is display
[2020-03-19 15:09:37,623] - logger.py] - INFO: 个人页面-噢啦爱心首页 is display
[2020-03-19 15:09:39,925] - logger.py] - INFO: 噢啦爱心-爱心项目 is display
[2020-03-19 15:09:41,074] - logger.py] - INFO: 噢啦爱心-第一个爱心项目 is display
[2020-03-19 15:09:57,722] - logger.py] - INFO: 刷新页面
[2020-03-19 15:09:57,737] - logger.py] - INFO: 噢啦爱心-支持项目 is display
[2020-03-19 15:09:59,932] - logger.py] - INFO: 噢啦爱心-支持噢啦豆 is display
[2020-03-19 15:09:59,973] - logger.py] - INFO: 噢啦爱心-支持噢啦豆 is display
[2020-03-19 15:10:01,038] - logger.py] - INFO: 噢啦爱心-支持项目1 is display
[2020-03-19 15:25:03,279] - logger.py] - INFO: 个人页面-个人模块 is display
[2020-03-19 15:25:06,412] - logger.py] - INFO: 个人页面-登录按钮 is display
[2020-03-19 15:25:07,520] - logger.py] - INFO: 个人页面-输入手机号 is display
[2020-03-19 15:25:07,633] - logger.py] - INFO: 个人页面-发送验证码 is display
[2020-03-19 15:25:10,745] - logger.py] - INFO: 个人页面-数字1 is display
[2020-03-19 15:25:10,867] - logger.py] - INFO: 个人页面-数字2 is display
[2020-03-19 15:25:10,977] - logger.py] - INFO: 个人页面-数字3 is display
[2020-03-19 15:25:11,101] - logger.py] - INFO: 个人页面-数字4 is display
[2020-03-19 15:25:11,213] - logger.py] - INFO: 个人页面-数字5 is display
[2020-03-19 15:25:11,313] - logger.py] - INFO: 个人页面-数字6 is display
[2020-03-19 15:25:12,426] - logger.py] - INFO: 个人页面-引导图图层 is display
[2020-03-19 15:25:13,554] - logger.py] - INFO: 个人页面-噢啦爱心首页 is display
[2020-03-19 15:25:15,701] - logger.py] - INFO: 噢啦爱心-爱心项目 is display
[2020-03-19 15:25:16,816] - logger.py] - INFO: 噢啦爱心-第一个爱心项目 is display
[2020-03-19 15:25:33,006] - logger.py] - INFO: 刷新页面
[2020-03-19 15:25:33,023] - logger.py] - INFO: 噢啦爱心-支持项目 is display
[2020-03-19 15:25:35,184] - logger.py] - INFO: 噢啦爱心-支持噢啦豆 is display
[2020-03-19 15:25:35,225] - logger.py] - INFO: 噢啦爱心-支持噢啦豆 is display
[2020-03-19 15:25:36,318] - logger.py] - INFO: 噢啦爱心-支持项目1 is display
[2020-03-19 15:36:28,427] - logger.py] - INFO: 个人页面-个人模块 is display
[2020-03-19 15:36:31,535] - logger.py] - INFO: 个人页面-登录按钮 is display
[2020-03-19 15:36:32,649] - logger.py] - INFO: 个人页面-输入手机号 is display
[2020-03-19 15:36:32,774] - logger.py] - INFO: 个人页面-发送验证码 is display
[2020-03-19 15:36:35,901] - logger.py] - INFO: 个人页面-数字1 is display
[2020-03-19 15:36:36,013] - logger.py] - INFO: 个人页面-数字2 is display
[2020-03-19 15:36:36,127] - logger.py] - INFO: 个人页面-数字3 is display
[2020-03-19 15:36:36,229] - logger.py] - INFO: 个人页面-数字4 is display
[2020-03-19 15:36:36,336] - logger.py] - INFO: 个人页面-数字5 is display
[2020-03-19 15:36:36,465] - logger.py] - INFO: 个人页面-数字6 is display
[2020-03-19 15:36:37,592] - logger.py] - INFO: 个人页面-引导图图层 is display
[2020-03-19 15:36:38,759] - logger.py] - INFO: 个人页面-噢啦爱心首页 is display
[2020-03-19 15:36:40,926] - logger.py] - INFO: 噢啦爱心-爱心项目 is display
[2020-03-19 15:36:42,043] - logger.py] - INFO: 噢啦爱心-第一个爱心项目 is display
[2020-03-19 15:36:58,407] - logger.py] - INFO: 刷新页面
[2020-03-19 15:36:58,426] - logger.py] - INFO: 噢啦爱心-支持项目 is display
[2020-03-19 15:37:00,598] - logger.py] - INFO: 噢啦爱心-支持噢啦豆 is display
[2020-03-19 15:37:00,638] - logger.py] - INFO: 噢啦爱心-支持噢啦豆 is display
[2020-03-19 15:37:00,702] - logger.py] - INFO: 噢啦爱心-支持项目1 is display
[2020-03-19 15:44:44,778] - logger.py] - INFO: 个人页面-个人模块 is display
[2020-03-19 15:44:47,890] - logger.py] - INFO: 个人页面-登录按钮 is display
[2020-03-19 15:44:48,996] - logger.py] - INFO: 个人页面-输入手机号 is display
[2020-03-19 15:44:49,105] - logger.py] - INFO: 个人页面-发送验证码 is display
[2020-03-19 15:44:52,223] - logger.py] - INFO: 个人页面-数字1 is display
[2020-03-19 15:44:52,335] - logger.py] - INFO: 个人页面-数字2 is display
[2020-03-19 15:44:52,437] - logger.py] - INFO: 个人页面-数字3 is display
[2020-03-19 15:44:52,546] - logger.py] - INFO: 个人页面-数字4 is display
[2020-03-19 15:44:52,669] - logger.py] - INFO: 个人页面-数字5 is display
[2020-03-19 15:44:52,787] - logger.py] - INFO: 个人页面-数字6 is display
[2020-03-19 15:44:53,903] - logger.py] - INFO: 个人页面-引导图图层 is display
[2020-03-19 15:44:55,038] - logger.py] - INFO: 个人页面-噢啦爱心首页 is display
[2020-03-19 15:44:57,186] - logger.py] - INFO: 噢啦爱心-爱心项目 is display
[2020-03-19 15:44:58,313] - logger.py] - INFO: 噢啦爱心-第一个爱心项目 is display
[2020-03-19 15:45:14,685] - logger.py] - INFO: 刷新页面
[2020-03-19 15:45:14,705] - logger.py] - INFO: 噢啦爱心-支持项目 is display
[2020-03-19 15:45:16,935] - logger.py] - INFO: 噢啦爱心-支持噢啦豆 is display
[2020-03-19 15:45:16,990] - logger.py] - INFO: 噢啦爱心-支持噢啦豆 is display
[2020-03-19 15:45:17,048] - logger.py] - INFO: 噢啦爱心-支持项目1 is display
[2020-03-19 16:00:34,655] - logger.py] - INFO: 个人页面-个人模块 is display
[2020-03-19 16:00:37,774] - logger.py] - INFO: 个人页面-登录按钮 is display
[2020-03-19 16:00:38,879] - logger.py] - INFO: 个人页面-输入手机号 is display
[2020-03-19 16:00:38,993] - logger.py] - INFO: 个人页面-发送验证码 is display
[2020-03-19 16:00:42,100] - logger.py] - INFO: 个人页面-数字1 is display
[2020-03-19 16:00:42,208] - logger.py] - INFO: 个人页面-数字2 is display
[2020-03-19 16:00:42,311] - logger.py] - INFO: 个人页面-数字3 is display
[2020-03-19 16:00:42,415] - logger.py] - INFO: 个人页面-数字4 is display
[2020-03-19 16:00:42,515] - logger.py] - INFO: 个人页面-数字5 is display
[2020-03-19 16:00:42,617] - logger.py] - INFO: 个人页面-数字6 is display
[2020-03-19 16:00:43,733] - logger.py] - INFO: 个人页面-引导图图层 is display
[2020-03-19 16:00:44,896] - logger.py] - INFO: 个人页面-噢啦爱心首页 is display
[2020-03-19 16:00:47,030] - logger.py] - INFO: 噢啦爱心-爱心项目 is display
[2020-03-19 16:00:48,150] - logger.py] - INFO: 噢啦爱心-第一个爱心项目 is display
[2020-03-19 16:01:04,493] - logger.py] - INFO: 刷新页面
[2020-03-19 16:01:04,510] - logger.py] - INFO: 噢啦爱心-支持项目 is display
[2020-03-19 16:01:06,695] - logger.py] - INFO: 噢啦爱心-支持噢啦豆 is display
[2020-03-19 16:01:06,735] - logger.py] - INFO: 噢啦爱心-支持噢啦豆 is display
[2020-03-19 16:01:06,799] - logger.py] - INFO: 噢啦爱心-支持项目1 is display
[2020-03-19 16:02:12,218] - logger.py] - INFO: 个人页面-个人模块 is display
[2020-03-19 16:02:15,331] - logger.py] - INFO: 个人页面-登录按钮 is display
[2020-03-19 16:02:16,488] - logger.py] - INFO: 个人页面-输入手机号 is display
[2020-03-19 16:02:16,600] - logger.py] - INFO: 个人页面-发送验证码 is display
[2020-03-19 16:02:19,719] - logger.py] - INFO: 个人页面-数字1 is display
[2020-03-19 16:02:19,830] - logger.py] - INFO: 个人页面-数字2 is display
[2020-03-19 16:02:19,934] - logger.py] - INFO: 个人页面-数字3 is display
[2020-03-19 16:02:20,036] - logger.py] - INFO: 个人页面-数字4 is display
[2020-03-19 16:02:20,147] - logger.py] - INFO: 个人页面-数字5 is display
[2020-03-19 16:02:20,246] - logger.py] - INFO: 个人页面-数字6 is display
[2020-03-19 16:02:21,353] - logger.py] - INFO: 个人页面-引导图图层 is display
[2020-03-19 16:02:22,492] - logger.py] - INFO: 个人页面-噢啦爱心首页 is display
[2020-03-19 16:02:24,662] - logger.py] - INFO: 噢啦爱心-爱心项目 is display
[2020-03-19 16:02:25,781] - logger.py] - INFO: 噢啦爱心-第一个爱心项目 is display
[2020-03-19 16:02:42,199] - logger.py] - INFO: 刷新页面
[2020-03-19 16:02:42,237] - logger.py] - INFO: 噢啦爱心-支持项目 is display
[2020-03-19 16:02:44,413] - logger.py] - INFO: 噢啦爱心-支持噢啦豆 is display
[2020-03-19 16:02:44,452] - logger.py] - INFO: 噢啦爱心-支持噢啦豆 is display
[2020-03-19 16:02:44,519] - logger.py] - INFO: 噢啦爱心-支持项目1 is display
[2020-03-19 16:05:36,603] - logger.py] - INFO: 个人页面-个人模块 is display
[2020-03-19 16:05:39,729] - logger.py] - INFO: 个人页面-登录按钮 is display
[2020-03-19 16:05:40,869] - logger.py] - INFO: 个人页面-输入手机号 is display
[2020-03-19 16:05:41,005] - logger.py] - INFO: 个人页面-发送验证码 is display
[2020-03-19 16:05:44,123] - logger.py] - INFO: 个人页面-数字1 is display
[2020-03-19 16:05:44,241] - logger.py] - INFO: 个人页面-数字2 is display
[2020-03-19 16:05:44,348] - logger.py] - INFO: 个人页面-数字3 is display
[2020-03-19 16:05:44,447] - logger.py] - INFO: 个人页面-数字4 is display
[2020-03-19 16:05:44,557] - logger.py] - INFO: 个人页面-数字5 is display
[2020-03-19 16:05:44,665] - logger.py] - INFO: 个人页面-数字6 is display
[2020-03-19 16:05:45,776] - logger.py] - INFO: 个人页面-引导图图层 is display
[2020-03-19 16:05:46,934] - logger.py] - INFO: 个人页面-噢啦爱心首页 is display
[2020-03-19 16:05:49,106] - logger.py] - INFO: 噢啦爱心-爱心项目 is display
[2020-03-19 16:05:50,222] - logger.py] - INFO: 噢啦爱心-第一个爱心项目 is display
[2020-03-19 16:06:06,989] - logger.py] - INFO: 刷新页面
[2020-03-19 16:06:07,014] - logger.py] - INFO: 噢啦爱心-支持项目 is display
[2020-03-19 16:06:09,185] - logger.py] - INFO: 噢啦爱心-支持噢啦豆 is display
[2020-03-19 16:06:09,227] - logger.py] - INFO: 噢啦爱心-支持噢啦豆 is display
[2020-03-19 16:06:09,290] - logger.py] - INFO: 噢啦爱心-支持项目1 is display
[2020-03-19 16:12:21,369] - logger.py] - INFO: 个人页面-个人模块 is display
[2020-03-19 16:12:24,486] - logger.py] - INFO: 个人页面-登录按钮 is display
[2020-03-19 16:12:25,596] - logger.py] - INFO: 个人页面-输入手机号 is display
[2020-03-19 16:12:25,705] - logger.py] - INFO: 个人页面-发送验证码 is display
[2020-03-19 16:12:28,833] - logger.py] - INFO: 个人页面-数字1 is display
[2020-03-19 16:12:28,947] - logger.py] - INFO: 个人页面-数字2 is display
[2020-03-19 16:12:29,049] - logger.py] - INFO: 个人页面-数字3 is display
[2020-03-19 16:12:29,152] - logger.py] - INFO: 个人页面-数字4 is display
[2020-03-19 16:12:29,261] - logger.py] - INFO: 个人页面-数字5 is display
[2020-03-19 16:12:29,367] - logger.py] - INFO: 个人页面-数字6 is display
[2020-03-19 16:12:30,482] - logger.py] - INFO: 个人页面-引导图图层 is display
[2020-03-19 16:12:31,629] - logger.py] - INFO: 个人页面-噢啦爱心首页 is display
[2020-03-19 16:12:33,819] - logger.py] - INFO: 噢啦爱心-爱心项目 is display
[2020-03-19 16:12:34,934] - logger.py] - INFO: 噢啦爱心-第一个爱心项目 is display
[2020-03-19 16:12:51,345] - logger.py] - INFO: 刷新页面
[2020-03-19 16:12:51,363] - logger.py] - INFO: 噢啦爱心-支持项目 is display
[2020-03-19 16:12:53,567] - logger.py] - INFO: 噢啦爱心-支持噢啦豆 is display
[2020-03-19 16:12:53,605] - logger.py] - INFO: 噢啦爱心-支持噢啦豆 is display
[2020-03-19 16:12:53,669] - logger.py] - INFO: 噢啦爱心-支持项目1 is display
[2020-03-19 16:27:41,476] - logger.py] - INFO: 个人页面-个人模块 is display
[2020-03-19 16:27:44,592] - logger.py] - INFO: 个人页面-登录按钮 is display
[2020-03-19 16:27:45,707] - logger.py] - INFO: 个人页面-输入手机号 is display
[2020-03-19 16:27:45,826] - logger.py] - INFO: 个人页面-发送验证码 is display
[2020-03-19 16:27:48,961] - logger.py] - INFO: 个人页面-数字1 is display
[2020-03-19 16:27:49,074] - logger.py] - INFO: 个人页面-数字2 is display
[2020-03-19 16:27:49,177] - logger.py] - INFO: 个人页面-数字3 is display
[2020-03-19 16:27:49,278] - logger.py] - INFO: 个人页面-数字4 is display
[2020-03-19 16:27:49,386] - logger.py] - INFO: 个人页面-数字5 is display
[2020-03-19 16:27:49,493] - logger.py] - INFO: 个人页面-数字6 is display
[2020-03-19 16:27:50,601] - logger.py] - INFO: 个人页面-引导图图层 is display
[2020-03-19 16:27:51,748] - logger.py] - INFO: 个人页面-噢啦爱心首页 is display
[2020-03-19 16:27:53,942] - logger.py] - INFO: 噢啦爱心-爱心项目 is display
[2020-03-19 16:27:55,058] - logger.py] - INFO: 噢啦爱心-第一个爱心项目 is display
[2020-03-19 16:28:11,878] - logger.py] - INFO: 刷新页面
[2020-03-19 16:28:11,901] - logger.py] - INFO: 噢啦爱心-支持项目 is display
[2020-03-19 16:28:14,099] - logger.py] - INFO: 噢啦爱心-支持噢啦豆 is display
[2020-03-19 16:28:14,149] - logger.py] - INFO: 噢啦爱心-支持噢啦豆 is display
[2020-03-19 16:28:14,232] - logger.py] - INFO: 噢啦爱心-支持项目1 is display
[2020-03-19 16:30:15,930] - logger.py] - INFO: 个人页面-个人模块 is display
[2020-03-19 16:30:19,037] - logger.py] - INFO: 个人页面-登录按钮 is display
[2020-03-19 16:30:20,158] - logger.py] - INFO: 个人页面-输入手机号 is display
[2020-03-19 16:30:20,265] - logger.py] - INFO: 个人页面-发送验证码 is display
[2020-03-19 16:30:23,371] - logger.py] - INFO: 个人页面-数字1 is display
[2020-03-19 16:30:23,480] - logger.py] - INFO: 个人页面-数字2 is display
[2020-03-19 16:30:23,587] - logger.py] - INFO: 个人页面-数字3 is display
[2020-03-19 16:30:23,693] - logger.py] - INFO: 个人页面-数字4 is display
[2020-03-19 16:30:23,796] - logger.py] - INFO: 个人页面-数字5 is display
[2020-03-19 16:30:23,896] - logger.py] - INFO: 个人页面-数字6 is display
[2020-03-19 16:30:25,020] - logger.py] - INFO: 个人页面-引导图图层 is display
[2020-03-19 16:30:26,149] - logger.py] - INFO: 个人页面-噢啦爱心首页 is display
[2020-03-19 16:30:28,336] - logger.py] - INFO: 噢啦爱心-爱心项目 is display
[2020-03-19 16:30:29,464] - logger.py] - INFO: 噢啦爱心-第一个爱心项目 is display
[2020-03-19 16:30:45,712] - logger.py] - INFO: 刷新页面
[2020-03-19 16:30:45,745] - logger.py] - INFO: 噢啦爱心-支持项目 is display
[2020-03-19 16:30:47,911] - logger.py] - INFO: 噢啦爱心-支持噢啦豆 is display
[2020-03-19 16:30:47,952] - logger.py] - INFO: 噢啦爱心-支持噢啦豆 is display
[2020-03-19 16:30:48,017] - logger.py] - INFO: 噢啦爱心-支持项目1 is display
[2020-03-19 16:33:02,829] - logger.py] - INFO: 个人页面-个人模块 is display
[2020-03-19 16:33:05,939] - logger.py] - INFO: 个人页面-登录按钮 is display
[2020-03-19 16:33:07,052] - logger.py] - INFO: 个人页面-输入手机号 is display
[2020-03-19 16:33:07,184] - logger.py] - INFO: 个人页面-发送验证码 is display
[2020-03-19 16:33:20,554] - logger.py] - INFO: 个人页面-数字1 is not display
[2020-03-19 16:33:30,810] - logger.py] - INFO: 个人页面-噢啦爱心首页 is not display
[2020-03-19 16:33:31,827] - logger.py] - INFO: 噢啦爱心-第一个爱心项目 is display
[2020-03-19 16:33:35,427] - logger.py] - INFO: 刷新页面
[2020-03-19 16:33:45,700] - logger.py] - INFO: 噢啦爱心-支持项目 is not display
[2020-03-19 16:35:19,963] - logger.py] - INFO: 个人页面-个人模块 is display
[2020-03-19 16:35:23,085] - logger.py] - INFO: 个人页面-登录按钮 is display
[2020-03-19 16:35:24,225] - logger.py] - INFO: 个人页面-输入手机号 is display
[2020-03-19 16:35:24,342] - logger.py] - INFO: 个人页面-发送验证码 is display
[2020-03-19 16:35:37,745] - logger.py] - INFO: 个人页面-数字1 is not display
[2020-03-19 16:35:48,021] - logger.py] - INFO: 个人页面-噢啦爱心首页 is not display
[2020-03-19 16:36:05,356] - logger.py] - INFO: 个人页面-个人模块 is display
[2020-03-19 16:36:08,482] - logger.py] - INFO: 个人页面-登录按钮 is display
[2020-03-19 16:36:09,589] - logger.py] - INFO: 个人页面-输入手机号 is display
[2020-03-19 16:36:09,729] - logger.py] - INFO: 个人页面-发送验证码 is display
[2020-03-19 16:36:23,047] - logger.py] - INFO: 个人页面-数字1 is not display
[2020-03-19 16:36:33,276] - logger.py] - INFO: 个人页面-噢啦爱心首页 is not display
[2020-03-19 16:36:34,292] - logger.py] - INFO: 噢啦爱心-第一个爱心项目 is display
[2020-03-19 16:36:37,858] - logger.py] - INFO: 刷新页面
[2020-03-19 16:36:48,095] - logger.py] - INFO: 噢啦爱心-支持项目 is not display
[2020-03-19 16:40:39,499] - logger.py] - INFO: 个人页面-个人模块 is display
[2020-03-19 16:40:42,606] - logger.py] - INFO: 个人页面-登录按钮 is display
[2020-03-19 16:40:43,735] - logger.py] - INFO: 个人页面-输入手机号 is display
[2020-03-19 16:40:43,862] - logger.py] - INFO: 个人页面-发送验证码 is display
[2020-03-19 16:41:45,826] - logger.py] - INFO: 个人页面-个人模块 is display
[2020-03-19 16:41:48,948] - logger.py] - INFO: 个人页面-登录按钮 is display
[2020-03-19 16:41:50,056] - logger.py] - INFO: 个人页面-输入手机号 is display
[2020-03-19 16:41:50,162] - logger.py] - INFO: 个人页面-发送验证码 is display
[2020-03-19 16:41:53,275] - logger.py] - INFO: 个人页面-数字1 is display
[2020-03-19 16:41:53,384] - logger.py] - INFO: 个人页面-数字2 is display
[2020-03-19 16:41:53,490] - logger.py] - INFO: 个人页面-数字3 is display
[2020-03-19 16:41:53,597] - logger.py] - INFO: 个人页面-数字4 is display
[2020-03-19 16:41:53,707] - logger.py] - INFO: 个人页面-数字5 is display
[2020-03-19 16:41:53,811] - logger.py] - INFO: 个人页面-数字6 is display
[2020-03-19 16:41:54,949] - logger.py] - INFO: 个人页面-引导图图层 is display
[2020-03-19 16:41:56,105] - logger.py] - INFO: 个人页面-噢啦爱心首页 is display
[2020-03-19 16:41:58,278] - logger.py] - INFO: 噢啦爱心-爱心项目 is display
[2020-03-19 16:41:59,400] - logger.py] - INFO: 噢啦爱心-第一个爱心项目 is display
[2020-03-19 16:42:15,791] - logger.py] - INFO: 刷新页面
[2020-03-19 16:42:15,806] - logger.py] - INFO: 噢啦爱心-支持项目 is display
[2020-03-19 16:42:17,982] - logger.py] - INFO: 噢啦爱心-支持噢啦豆 is display
[2020-03-19 16:42:18,022] - logger.py] - INFO: 噢啦爱心-支持噢啦豆 is display
[2020-03-19 16:42:18,085] - logger.py] - INFO: 噢啦爱心-支持项目1 is display
[2020-03-19 16:49:18,125] - logger.py] - INFO: 个人页面-个人模块 is display
[2020-03-19 16:49:21,237] - logger.py] - INFO: 个人页面-登录按钮 is display
[2020-03-19 16:49:22,349] - logger.py] - INFO: 个人页面-输入手机号 is display
[2020-03-19 16:49:22,453] - logger.py] - INFO: 个人页面-发送验证码 is display
[2020-03-19 16:49:25,559] - logger.py] - INFO: 个人页面-数字1 is display
[2020-03-19 16:49:25,659] - logger.py] - INFO: 个人页面-数字2 is display
[2020-03-19 16:49:25,759] - logger.py] - INFO: 个人页面-数字3 is display
[2020-03-19 16:49:25,859] - logger.py] - INFO: 个人页面-数字4 is display
[2020-03-19 16:49:25,959] - logger.py] - INFO: 个人页面-数字5 is display
[2020-03-19 16:49:26,059] - logger.py] - INFO: 个人页面-数字6 is display
[2020-03-19 16:49:27,168] - logger.py] - INFO: 个人页面-引导图图层 is display
[2020-03-19 16:49:28,307] - logger.py] - INFO: 个人页面-噢啦爱心首页 is display
[2020-03-19 16:49:30,484] - logger.py] - INFO: 噢啦爱心-爱心项目 is display
[2020-03-19 16:49:31,629] - logger.py] - INFO: 噢啦爱心-第一个爱心项目 is display
[2020-03-19 16:49:47,647] - logger.py] - INFO: 刷新页面
[2020-03-19 16:49:47,667] - logger.py] - INFO: 噢啦爱心-支持项目 is display
[2020-03-19 16:49:49,866] - logger.py] - INFO: 噢啦爱心-支持噢啦豆 is display
[2020-03-19 16:49:49,927] - logger.py] - INFO: 噢啦爱心-支持噢啦豆 is display
[2020-03-19 16:49:50,001] - logger.py] - INFO: 噢啦爱心-支持项目1 is display
[2020-03-19 16:50:41,048] - logger.py] - INFO: 个人页面-个人模块 is display
[2020-03-19 16:50:44,189] - logger.py] - INFO: 个人页面-登录按钮 is display
[2020-03-19 16:50:45,307] - logger.py] - INFO: 个人页面-输入手机号 is display
[2020-03-19 16:50:45,411] - logger.py] - INFO: 个人页面-发送验证码 is display
[2020-03-19 16:50:48,517] - logger.py] - INFO: 个人页面-数字1 is display
[2020-03-19 16:50:48,630] - logger.py] - INFO: 个人页面-数字2 is display
[2020-03-19 16:50:48,732] - logger.py] - INFO: 个人页面-数字3 is display
[2020-03-19 16:50:48,840] - logger.py] - INFO: 个人页面-数字4 is display
[2020-03-19 16:50:48,958] - logger.py] - INFO: 个人页面-数字5 is display
[2020-03-19 16:50:49,064] - logger.py] - INFO: 个人页面-数字6 is display
[2020-03-19 16:50:50,173] - logger.py] - INFO: 个人页面-引导图图层 is display
[2020-03-19 16:50:51,309] - logger.py] - INFO: 个人页面-噢啦爱心首页 is display
[2020-03-19 16:50:53,447] - logger.py] - INFO: 噢啦爱心-爱心项目 is display
[2020-03-19 16:50:54,573] - logger.py] - INFO: 噢啦爱心-第一个爱心项目 is display
[2020-03-19 16:51:11,064] - logger.py] - INFO: 刷新页面
[2020-03-19 16:51:11,081] - logger.py] - INFO: 噢啦爱心-支持项目 is display
[2020-03-19 16:51:13,245] - logger.py] - INFO: 噢啦爱心-支持噢啦豆 is display
[2020-03-19 16:51:13,289] - logger.py] - INFO: 噢啦爱心-支持噢啦豆 is display
[2020-03-19 16:51:13,352] - logger.py] - INFO: 噢啦爱心-支持项目1 is display
[2020-03-19 17:02:00,954] - logger.py] - INFO: 个人页面-个人模块 is display
[2020-03-19 17:02:04,081] - logger.py] - INFO: 个人页面-登录按钮 is display
[2020-03-19 17:02:05,202] - logger.py] - INFO: 个人页面-输入手机号 is display
[2020-03-19 17:02:05,308] - logger.py] - INFO: 个人页面-发送验证码 is display
[2020-03-19 17:02:18,755] - logger.py] - INFO: 个人页面-数字1 is not display
[2020-03-19 17:02:29,064] - logger.py] - INFO: 个人页面-噢啦爱心首页 is not display
[2020-03-19 17:02:30,080] - logger.py] - INFO: 噢啦爱心-第一个爱心项目 is display
[2020-03-19 17:02:33,588] - logger.py] - INFO: 刷新页面
[2020-03-19 17:02:43,828] - logger.py] - INFO: 噢啦爱心-支持项目 is not display
[2020-03-19 17:03:18,629] - logger.py] - INFO: 个人页面-个人模块 is display
[2020-03-19 17:03:21,745] - logger.py] - INFO: 个人页面-登录按钮 is display
[2020-03-19 17:03:22,854] - logger.py] - INFO: 个人页面-输入手机号 is display
[2020-03-19 17:03:22,983] - logger.py] - INFO: 个人页面-发送验证码 is display
[2020-03-19 17:03:45,059] - logger.py] - INFO: 个人页面-个人模块 is display
[2020-03-19 17:03:48,179] - logger.py] - INFO: 个人页面-登录按钮 is display
[2020-03-19 17:03:49,301] - logger.py] - INFO: 个人页面-输入手机号 is display
[2020-03-19 17:03:49,429] - logger.py] - INFO: 个人页面-发送验证码 is display
[2020-03-19 17:03:52,540] - logger.py] - INFO: 个人页面-数字1 is display
[2020-03-19 17:03:52,645] - logger.py] - INFO: 个人页面-数字2 is display
[2020-03-19 17:03:52,750] - logger.py] - INFO: 个人页面-数字3 is display
[2020-03-19 17:03:52,855] - logger.py] - INFO: 个人页面-数字4 is display
[2020-03-19 17:03:52,961] - logger.py] - INFO: 个人页面-数字5 is display
[2020-03-19 17:03:53,071] - logger.py] - INFO: 个人页面-数字6 is display
[2020-03-19 17:03:54,192] - logger.py] - INFO: 个人页面-引导图图层 is display
[2020-03-19 17:03:55,326] - logger.py] - INFO: 个人页面-噢啦爱心首页 is display
[2020-03-19 17:03:57,495] - logger.py] - INFO: 噢啦爱心-爱心项目 is display
[2020-03-19 17:03:58,627] - logger.py] - INFO: 噢啦爱心-第一个爱心项目 is display
[2020-03-19 17:04:15,049] - logger.py] - INFO: 刷新页面
[2020-03-19 17:04:15,068] - logger.py] - INFO: 噢啦爱心-支持项目 is display
[2020-03-19 17:04:17,232] - logger.py] - INFO: 噢啦爱心-支持噢啦豆 is display
[2020-03-19 17:04:17,272] - logger.py] - INFO: 噢啦爱心-支持噢啦豆 is display
[2020-03-19 17:04:17,334] - logger.py] - INFO: 噢啦爱心-支持项目1 is display
